#
# There is insufficient memory for the Java Runtime Environment to continue.
# Native memory allocation (mmap) failed to map 37748736 bytes for G1 virtual space
# Possible reasons:
#   The system is out of physical RAM or swap space
#   The process is running with CompressedOops enabled, and the Java Heap may be blocking the growth of the native heap
# Possible solutions:
#   Reduce memory load on the system
#   Increase physical memory or swap space
#   Check if swap backing store is full
#   Decrease Java heap size (-Xmx/-Xms)
#   Decrease number of Java threads
#   Decrease Java thread stack sizes (-Xss)
#   Set larger code cache with -XX:ReservedCodeCacheSize=
#   JVM is running with Unscaled Compressed Oops mode in which the Java heap is
#     placed in the first 4GB address space. The Java Heap base address is the
#     maximum limit for the native heap growth. Please use -XX:HeapBaseMinAddress
#     to set the Java Heap base and to place the Java Heap above 4GB virtual address.
# This output file may be truncated or incomplete.
#
#  Out of Memory Error (os_windows.cpp:3530), pid=4460, tid=11396
#
# JRE version: Java(TM) SE Runtime Environment (18.0+36) (build 18+36-2087)
# Java VM: Java HotSpot(TM) 64-Bit Server VM (18+36-2087, mixed mode, sharing, tiered, compressed oops, compressed class ptrs, g1 gc, windows-amd64)
# No core dump will be written. Minidumps are not enabled by default on client versions of Windows
#

---------------  S U M M A R Y ------------

Command Line: -Dfile.encoding=UTF-8 com.thoughtworks.gauge.GaugeRuntime

Host: 11th Gen Intel(R) Core(TM) i5-1135G7 @ 2.40GHz, 8 cores, 7G,  Windows 10 , 64 bit Build 19041 (10.0.19041.1566)
Time: Mon Apr  4 13:11:03 2022 Türkiye Standart Saati elapsed time: 3.451864 seconds (0d 0h 0m 3s)

---------------  T H R E A D  ---------------

Current thread (0x000001b5cd1db780):  VMThread "VM Thread" [stack: 0x0000005f80a00000,0x0000005f80b00000] [id=11396]

Stack: [0x0000005f80a00000,0x0000005f80b00000]
Native frames: (J=compiled Java code, j=interpreted, Vv=VM code, C=native code)
V  [jvm.dll+0x69804a]
V  [jvm.dll+0x7f308d]
V  [jvm.dll+0x7f499e]
V  [jvm.dll+0x7f5053]
V  [jvm.dll+0x25ca3f]
V  [jvm.dll+0x694f99]
V  [jvm.dll+0x689aca]
V  [jvm.dll+0x321efb]
V  [jvm.dll+0x3298d6]
V  [jvm.dll+0x37e47e]
V  [jvm.dll+0x37e6af]
V  [jvm.dll+0x2f9c7a]
V  [jvm.dll+0x2f9d27]
V  [jvm.dll+0x33e262]
V  [jvm.dll+0x33c804]
V  [jvm.dll+0x2f9450]
V  [jvm.dll+0x33bddb]
V  [jvm.dll+0x7f9e3b]
V  [jvm.dll+0x7fabd4]
V  [jvm.dll+0x7fb10c]
V  [jvm.dll+0x7fb564]
V  [jvm.dll+0x7fb627]
V  [jvm.dll+0x79fbba]
V  [jvm.dll+0x696ef5]
C  [ucrtbase.dll+0x21bb2]
C  [KERNEL32.DLL+0x17034]
C  [ntdll.dll+0x52651]

VM_Operation (0x0000005f81bfe680): G1CollectForAllocation, mode: safepoint, requested by thread 0x000001b5f05bf240


---------------  P R O C E S S  ---------------

Threads class SMR info:
_java_thread_list=0x000001b5f03a60f0, length=13, elements={
0x000001b5cd160160, 0x000001b5eb0dd050, 0x000001b5eb0ddf10, 0x000001b5eb0f51d0,
0x000001b5eb0f5a80, 0x000001b5eb0f8340, 0x000001b5eb0f8bf0, 0x000001b5eb101920,
0x000001b5eb106720, 0x000001b5eb127020, 0x000001b5ef60bae0, 0x000001b5ef6115f0,
0x000001b5f05bf240
}

Java Threads: ( => current thread )
  0x000001b5cd160160 JavaThread "main" [_thread_blocked, id=2924, stack(0x0000005f80400000,0x0000005f80500000)]
  0x000001b5eb0dd050 JavaThread "Reference Handler" daemon [_thread_blocked, id=10920, stack(0x0000005f80b00000,0x0000005f80c00000)]
  0x000001b5eb0ddf10 JavaThread "Finalizer" daemon [_thread_blocked, id=14820, stack(0x0000005f80c00000,0x0000005f80d00000)]
  0x000001b5eb0f51d0 JavaThread "Signal Dispatcher" daemon [_thread_blocked, id=4252, stack(0x0000005f80d00000,0x0000005f80e00000)]
  0x000001b5eb0f5a80 JavaThread "Attach Listener" daemon [_thread_blocked, id=13080, stack(0x0000005f80e00000,0x0000005f80f00000)]
  0x000001b5eb0f8340 JavaThread "Service Thread" daemon [_thread_blocked, id=9812, stack(0x0000005f80f00000,0x0000005f81000000)]
  0x000001b5eb0f8bf0 JavaThread "Monitor Deflation Thread" daemon [_thread_blocked, id=11332, stack(0x0000005f81000000,0x0000005f81100000)]
  0x000001b5eb101920 JavaThread "C2 CompilerThread0" daemon [_thread_blocked, id=9368, stack(0x0000005f81100000,0x0000005f81200000)]
  0x000001b5eb106720 JavaThread "C1 CompilerThread0" daemon [_thread_blocked, id=10372, stack(0x0000005f81200000,0x0000005f81300000)]
  0x000001b5eb127020 JavaThread "Sweeper thread" daemon [_thread_blocked, id=5000, stack(0x0000005f81300000,0x0000005f81400000)]
  0x000001b5ef60bae0 JavaThread "Notification Thread" daemon [_thread_blocked, id=10860, stack(0x0000005f81400000,0x0000005f81500000)]
  0x000001b5ef6115f0 JavaThread "Common-Cleaner" daemon [_thread_blocked, id=15324, stack(0x0000005f81600000,0x0000005f81700000)]
  0x000001b5f05bf240 JavaThread "Thread-0" [_thread_blocked, id=7484, stack(0x0000005f81b00000,0x0000005f81c00000)]

Other Threads:
=>0x000001b5cd1db780 VMThread "VM Thread" [stack: 0x0000005f80a00000,0x0000005f80b00000] [id=11396]
  0x000001b5ef60ff90 WatcherThread "VM Periodic Task Thread" [stack: 0x0000005f81500000,0x0000005f81600000] [id=5740]
  0x000001b5cd1be300 WorkerThread "GC Thread#0" [stack: 0x0000005f80500000,0x0000005f80600000] [id=2268]
  0x000001b5efdebc80 WorkerThread "GC Thread#1" [stack: 0x0000005f81700000,0x0000005f81800000] [id=15260]
  0x000001b5efcbd100 WorkerThread "GC Thread#2" [stack: 0x0000005f81800000,0x0000005f81900000] [id=14448]
  0x000001b5efad6bb0 WorkerThread "GC Thread#3" [stack: 0x0000005f81900000,0x0000005f81a00000] [id=2992]
  0x000001b5efad7660 WorkerThread "GC Thread#4" [stack: 0x0000005f81a00000,0x0000005f81b00000] [id=2928]
  0x000001b5f05b8f30 WorkerThread "GC Thread#5" [stack: 0x0000005f81c00000,0x0000005f81d00000] [id=7192]
  0x000001b5f04194b0 WorkerThread "GC Thread#6" [stack: 0x0000005f81d00000,0x0000005f81e00000] [id=1808]
  0x000001b5f0419750 WorkerThread "GC Thread#7" [stack: 0x0000005f81e00000,0x0000005f81f00000] [id=14608]
  0x000001b5cd1cf810 ConcurrentGCThread "G1 Main Marker" [stack: 0x0000005f80600000,0x0000005f80700000] [id=15000]
  0x000001b5cd1d08b0 WorkerThread "G1 Conc#0" [stack: 0x0000005f80700000,0x0000005f80800000] [id=12056]
  0x000001b5cd20e800 ConcurrentGCThread "G1 Refine#0" [stack: 0x0000005f80800000,0x0000005f80900000] [id=5412]
  0x000001b5eaf97130 ConcurrentGCThread "G1 Service" [stack: 0x0000005f80900000,0x0000005f80a00000] [id=15288]

Threads with active compile tasks:
C2 CompilerThread0     3469 1499 % !   4       org.reflections.Reflections::scan @ 17 (287 bytes)

VM state: at safepoint (normal execution)

VM Mutex/Monitor currently owned by a thread:  ([mutex/lock_event])
[0x000001b5cd15ac80] Threads_lock - owner thread: 0x000001b5cd1db780
[0x000001b5cd159e70] Heap_lock - owner thread: 0x000001b5f05bf240

Heap address: 0x0000000084a00000, size: 1974 MB, Compressed Oops mode: 32-bit

CDS archive(s) mapped at: [0x0000000800000000-0x0000000800ba0000-0x0000000800ba0000), size 12189696, SharedBaseAddress: 0x0000000800000000, ArchiveRelocationMode: 0.
Compressed class space mapped at: 0x0000000800c00000-0x0000000840c00000, reserved size: 1073741824
Narrow klass base: 0x0000000800000000, Narrow klass shift: 0, Narrow klass range: 0x100000000

GC Precious Log:
 CardTable entry size: 512
 Card Set container configuration: InlinePtr #cards 5 size 8 Array Of Cards #cards 12 size 40 Howl #buckets 4 coarsen threshold 1843 Howl Bitmap #cards 512 size 80 coarsen threshold 460 Card regions per heap region 1 cards per card region 2048
 CPUs: 8 total, 8 available
 Memory: 7894M
 Large Page Support: Disabled
 NUMA Support: Disabled
 Compressed Oops: Enabled (32-bit)
 Heap Region Size: 1M
 Heap Min Capacity: 8M
 Heap Initial Capacity: 124M
 Heap Max Capacity: 1974M
 Pre-touch: Disabled
 Parallel Workers: 8
 Concurrent Workers: 2
 Concurrent Refinement Workers: 8
 Periodic GC: Disabled

Heap:
 garbage-first heap   total 183296K, used 15154K [0x0000000084a00000, 0x0000000100000000)
  region size 1024K, 8 young (8192K), 8 survivors (8192K)
 Metaspace       used 9366K, committed 9536K, reserved 1114112K
  class space    used 1448K, committed 1536K, reserved 1048576K

Heap Regions: E=young(eden), S=young(survivor), O=old, HS=humongous(starts), HC=humongous(continues), CS=collection set, F=free, OA=open archive, CA=closed archive, TAMS=top-at-mark-start (previous, next)
|   0|0x0000000084a00000, 0x0000000084b00000, 0x0000000084b00000|100%| O|  |TAMS 0x0000000084a00000, 0x0000000084a00000| Untracked 
|   1|0x0000000084b00000, 0x0000000084c00000, 0x0000000084c00000|100%| O|  |TAMS 0x0000000084b00000, 0x0000000084b00000| Untracked 
|   2|0x0000000084c00000, 0x0000000084d00000, 0x0000000084d00000|100%| O|  |TAMS 0x0000000084c00000, 0x0000000084c00000| Untracked 
|   3|0x0000000084d00000, 0x0000000084e00000, 0x0000000084e00000|100%| O|  |TAMS 0x0000000084d00000, 0x0000000084d00000| Untracked 
|   4|0x0000000084e00000, 0x0000000084f00000, 0x0000000084f00000|100%| O|  |TAMS 0x0000000084e00000, 0x0000000084e00000| Untracked 
|   5|0x0000000084f00000, 0x0000000085000000, 0x0000000085000000|100%| O|  |TAMS 0x0000000084f00000, 0x0000000084f00000| Untracked 
|   6|0x0000000085000000, 0x00000000850cc800, 0x0000000085100000| 79%| O|  |TAMS 0x0000000085000000, 0x0000000085000000| Untracked 
|   7|0x0000000085100000, 0x0000000085100000, 0x0000000085200000|  0%| F|  |TAMS 0x0000000085100000, 0x0000000085100000| Untracked 
|   8|0x0000000085200000, 0x0000000085200000, 0x0000000085300000|  0%| F|  |TAMS 0x0000000085200000, 0x0000000085200000| Untracked 
|   9|0x0000000085300000, 0x0000000085300000, 0x0000000085400000|  0%| F|  |TAMS 0x0000000085300000, 0x0000000085300000| Untracked 
|  10|0x0000000085400000, 0x0000000085400000, 0x0000000085500000|  0%| F|  |TAMS 0x0000000085400000, 0x0000000085400000| Untracked 
|  11|0x0000000085500000, 0x0000000085500000, 0x0000000085600000|  0%| F|  |TAMS 0x0000000085500000, 0x0000000085500000| Untracked 
|  12|0x0000000085600000, 0x0000000085600000, 0x0000000085700000|  0%| F|  |TAMS 0x0000000085600000, 0x0000000085600000| Untracked 
|  13|0x0000000085700000, 0x0000000085700000, 0x0000000085800000|  0%| F|  |TAMS 0x0000000085700000, 0x0000000085700000| Untracked 
|  14|0x0000000085800000, 0x0000000085800000, 0x0000000085900000|  0%| F|  |TAMS 0x0000000085800000, 0x0000000085800000| Untracked 
|  15|0x0000000085900000, 0x0000000085900000, 0x0000000085a00000|  0%| F|  |TAMS 0x0000000085900000, 0x0000000085900000| Untracked 
|  16|0x0000000085a00000, 0x0000000085a00000, 0x0000000085b00000|  0%| F|  |TAMS 0x0000000085a00000, 0x0000000085a00000| Untracked 
|  17|0x0000000085b00000, 0x0000000085b00000, 0x0000000085c00000|  0%| F|  |TAMS 0x0000000085b00000, 0x0000000085b00000| Untracked 
|  18|0x0000000085c00000, 0x0000000085c00000, 0x0000000085d00000|  0%| F|  |TAMS 0x0000000085c00000, 0x0000000085c00000| Untracked 
|  19|0x0000000085d00000, 0x0000000085d00000, 0x0000000085e00000|  0%| F|  |TAMS 0x0000000085d00000, 0x0000000085d00000| Untracked 
|  20|0x0000000085e00000, 0x0000000085e00000, 0x0000000085f00000|  0%| F|  |TAMS 0x0000000085e00000, 0x0000000085e00000| Untracked 
|  21|0x0000000085f00000, 0x0000000085f00000, 0x0000000086000000|  0%| F|  |TAMS 0x0000000085f00000, 0x0000000085f00000| Untracked 
|  22|0x0000000086000000, 0x0000000086000000, 0x0000000086100000|  0%| F|  |TAMS 0x0000000086000000, 0x0000000086000000| Untracked 
|  23|0x0000000086100000, 0x0000000086100000, 0x0000000086200000|  0%| F|  |TAMS 0x0000000086100000, 0x0000000086100000| Untracked 
|  24|0x0000000086200000, 0x0000000086200000, 0x0000000086300000|  0%| F|  |TAMS 0x0000000086200000, 0x0000000086200000| Untracked 
|  25|0x0000000086300000, 0x0000000086300000, 0x0000000086400000|  0%| F|  |TAMS 0x0000000086300000, 0x0000000086300000| Untracked 
|  26|0x0000000086400000, 0x0000000086400000, 0x0000000086500000|  0%| F|  |TAMS 0x0000000086400000, 0x0000000086400000| Untracked 
|  27|0x0000000086500000, 0x0000000086500000, 0x0000000086600000|  0%| F|  |TAMS 0x0000000086500000, 0x0000000086500000| Untracked 
|  28|0x0000000086600000, 0x0000000086600000, 0x0000000086700000|  0%| F|  |TAMS 0x0000000086600000, 0x0000000086600000| Untracked 
|  29|0x0000000086700000, 0x0000000086700000, 0x0000000086800000|  0%| F|  |TAMS 0x0000000086700000, 0x0000000086700000| Untracked 
|  30|0x0000000086800000, 0x0000000086800000, 0x0000000086900000|  0%| F|  |TAMS 0x0000000086800000, 0x0000000086800000| Untracked 
|  31|0x0000000086900000, 0x0000000086900000, 0x0000000086a00000|  0%| F|  |TAMS 0x0000000086900000, 0x0000000086900000| Untracked 
|  32|0x0000000086a00000, 0x0000000086a00000, 0x0000000086b00000|  0%| F|  |TAMS 0x0000000086a00000, 0x0000000086a00000| Untracked 
|  33|0x0000000086b00000, 0x0000000086b00000, 0x0000000086c00000|  0%| F|  |TAMS 0x0000000086b00000, 0x0000000086b00000| Untracked 
|  34|0x0000000086c00000, 0x0000000086c00000, 0x0000000086d00000|  0%| F|  |TAMS 0x0000000086c00000, 0x0000000086c00000| Untracked 
|  35|0x0000000086d00000, 0x0000000086d00000, 0x0000000086e00000|  0%| F|  |TAMS 0x0000000086d00000, 0x0000000086d00000| Untracked 
|  36|0x0000000086e00000, 0x0000000086e00000, 0x0000000086f00000|  0%| F|  |TAMS 0x0000000086e00000, 0x0000000086e00000| Untracked 
|  37|0x0000000086f00000, 0x0000000086f00000, 0x0000000087000000|  0%| F|  |TAMS 0x0000000086f00000, 0x0000000086f00000| Untracked 
|  38|0x0000000087000000, 0x0000000087000000, 0x0000000087100000|  0%| F|  |TAMS 0x0000000087000000, 0x0000000087000000| Untracked 
|  39|0x0000000087100000, 0x0000000087100000, 0x0000000087200000|  0%| F|  |TAMS 0x0000000087100000, 0x0000000087100000| Untracked 
|  40|0x0000000087200000, 0x0000000087200000, 0x0000000087300000|  0%| F|  |TAMS 0x0000000087200000, 0x0000000087200000| Untracked 
|  41|0x0000000087300000, 0x0000000087300000, 0x0000000087400000|  0%| F|  |TAMS 0x0000000087300000, 0x0000000087300000| Untracked 
|  42|0x0000000087400000, 0x0000000087400000, 0x0000000087500000|  0%| F|  |TAMS 0x0000000087400000, 0x0000000087400000| Untracked 
|  43|0x0000000087500000, 0x0000000087500000, 0x0000000087600000|  0%| F|  |TAMS 0x0000000087500000, 0x0000000087500000| Untracked 
|  44|0x0000000087600000, 0x0000000087600000, 0x0000000087700000|  0%| F|  |TAMS 0x0000000087600000, 0x0000000087600000| Untracked 
|  45|0x0000000087700000, 0x0000000087700000, 0x0000000087800000|  0%| F|  |TAMS 0x0000000087700000, 0x0000000087700000| Untracked 
|  46|0x0000000087800000, 0x0000000087800000, 0x0000000087900000|  0%| F|  |TAMS 0x0000000087800000, 0x0000000087800000| Untracked 
|  47|0x0000000087900000, 0x0000000087900000, 0x0000000087a00000|  0%| F|  |TAMS 0x0000000087900000, 0x0000000087900000| Untracked 
|  48|0x0000000087a00000, 0x0000000087a00000, 0x0000000087b00000|  0%| F|  |TAMS 0x0000000087a00000, 0x0000000087a00000| Untracked 
|  49|0x0000000087b00000, 0x0000000087b00000, 0x0000000087c00000|  0%| F|  |TAMS 0x0000000087b00000, 0x0000000087b00000| Untracked 
|  50|0x0000000087c00000, 0x0000000087c00000, 0x0000000087d00000|  0%| F|  |TAMS 0x0000000087c00000, 0x0000000087c00000| Untracked 
|  51|0x0000000087d00000, 0x0000000087d00000, 0x0000000087e00000|  0%| F|  |TAMS 0x0000000087d00000, 0x0000000087d00000| Untracked 
|  52|0x0000000087e00000, 0x0000000087e00000, 0x0000000087f00000|  0%| F|  |TAMS 0x0000000087e00000, 0x0000000087e00000| Untracked 
|  53|0x0000000087f00000, 0x0000000087f00000, 0x0000000088000000|  0%| F|  |TAMS 0x0000000087f00000, 0x0000000087f00000| Untracked 
|  54|0x0000000088000000, 0x0000000088000000, 0x0000000088100000|  0%| F|  |TAMS 0x0000000088000000, 0x0000000088000000| Untracked 
|  55|0x0000000088100000, 0x0000000088100000, 0x0000000088200000|  0%| F|  |TAMS 0x0000000088100000, 0x0000000088100000| Untracked 
|  56|0x0000000088200000, 0x0000000088200000, 0x0000000088300000|  0%| F|  |TAMS 0x0000000088200000, 0x0000000088200000| Untracked 
|  57|0x0000000088300000, 0x0000000088300000, 0x0000000088400000|  0%| F|  |TAMS 0x0000000088300000, 0x0000000088300000| Untracked 
|  58|0x0000000088400000, 0x0000000088400000, 0x0000000088500000|  0%| F|  |TAMS 0x0000000088400000, 0x0000000088400000| Untracked 
|  59|0x0000000088500000, 0x0000000088500000, 0x0000000088600000|  0%| F|  |TAMS 0x0000000088500000, 0x0000000088500000| Untracked 
|  60|0x0000000088600000, 0x0000000088600000, 0x0000000088700000|  0%| F|  |TAMS 0x0000000088600000, 0x0000000088600000| Untracked 
|  61|0x0000000088700000, 0x0000000088700000, 0x0000000088800000|  0%| F|  |TAMS 0x0000000088700000, 0x0000000088700000| Untracked 
|  62|0x0000000088800000, 0x0000000088800000, 0x0000000088900000|  0%| F|  |TAMS 0x0000000088800000, 0x0000000088800000| Untracked 
|  63|0x0000000088900000, 0x0000000088900000, 0x0000000088a00000|  0%| F|  |TAMS 0x0000000088900000, 0x0000000088900000| Untracked 
|  64|0x0000000088a00000, 0x0000000088a00000, 0x0000000088b00000|  0%| F|  |TAMS 0x0000000088a00000, 0x0000000088a00000| Untracked 
|  65|0x0000000088b00000, 0x0000000088b00000, 0x0000000088c00000|  0%| F|  |TAMS 0x0000000088b00000, 0x0000000088b00000| Untracked 
|  66|0x0000000088c00000, 0x0000000088c00000, 0x0000000088d00000|  0%| F|  |TAMS 0x0000000088c00000, 0x0000000088c00000| Untracked 
|  67|0x0000000088d00000, 0x0000000088d00000, 0x0000000088e00000|  0%| F|  |TAMS 0x0000000088d00000, 0x0000000088d00000| Untracked 
|  68|0x0000000088e00000, 0x0000000088e00000, 0x0000000088f00000|  0%| F|  |TAMS 0x0000000088e00000, 0x0000000088e00000| Untracked 
|  69|0x0000000088f00000, 0x0000000088f00000, 0x0000000089000000|  0%| F|  |TAMS 0x0000000088f00000, 0x0000000088f00000| Untracked 
|  70|0x0000000089000000, 0x0000000089000000, 0x0000000089100000|  0%| F|  |TAMS 0x0000000089000000, 0x0000000089000000| Untracked 
|  71|0x0000000089100000, 0x0000000089200000, 0x0000000089200000|100%| S|CS|TAMS 0x0000000089100000, 0x0000000089100000| Complete 
|  72|0x0000000089200000, 0x0000000089300000, 0x0000000089300000|100%| S|CS|TAMS 0x0000000089200000, 0x0000000089200000| Complete 
|  73|0x0000000089300000, 0x0000000089400000, 0x0000000089400000|100%| S|CS|TAMS 0x0000000089300000, 0x0000000089300000| Complete 
|  74|0x0000000089400000, 0x0000000089500000, 0x0000000089500000|100%| S|CS|TAMS 0x0000000089400000, 0x0000000089400000| Complete 
|  75|0x0000000089500000, 0x0000000089600000, 0x0000000089600000|100%| S|CS|TAMS 0x0000000089500000, 0x0000000089500000| Complete 
|  76|0x0000000089600000, 0x0000000089700000, 0x0000000089700000|100%| S|CS|TAMS 0x0000000089600000, 0x0000000089600000| Complete 
|  77|0x0000000089700000, 0x0000000089800000, 0x0000000089800000|100%| S|CS|TAMS 0x0000000089700000, 0x0000000089700000| Complete 
|  78|0x0000000089800000, 0x0000000089900000, 0x0000000089900000|100%| S|CS|TAMS 0x0000000089800000, 0x0000000089800000| Complete 
|  79|0x0000000089900000, 0x0000000089900000, 0x0000000089a00000|  0%| F|  |TAMS 0x0000000089900000, 0x0000000089900000| Untracked 
|  80|0x0000000089a00000, 0x0000000089a00000, 0x0000000089b00000|  0%| F|  |TAMS 0x0000000089a00000, 0x0000000089a00000| Untracked 
|  81|0x0000000089b00000, 0x0000000089b00000, 0x0000000089c00000|  0%| F|  |TAMS 0x0000000089b00000, 0x0000000089b00000| Untracked 
|  82|0x0000000089c00000, 0x0000000089c00000, 0x0000000089d00000|  0%| F|  |TAMS 0x0000000089c00000, 0x0000000089c00000| Untracked 
|  83|0x0000000089d00000, 0x0000000089d00000, 0x0000000089e00000|  0%| F|  |TAMS 0x0000000089d00000, 0x0000000089d00000| Untracked 
|  84|0x0000000089e00000, 0x0000000089e00000, 0x0000000089f00000|  0%| F|  |TAMS 0x0000000089e00000, 0x0000000089e00000| Untracked 
|  85|0x0000000089f00000, 0x0000000089f00000, 0x000000008a000000|  0%| F|  |TAMS 0x0000000089f00000, 0x0000000089f00000| Untracked 
|  86|0x000000008a000000, 0x000000008a000000, 0x000000008a100000|  0%| F|  |TAMS 0x000000008a000000, 0x000000008a000000| Untracked 
|  87|0x000000008a100000, 0x000000008a100000, 0x000000008a200000|  0%| F|  |TAMS 0x000000008a100000, 0x000000008a100000| Untracked 
|  88|0x000000008a200000, 0x000000008a200000, 0x000000008a300000|  0%| F|  |TAMS 0x000000008a200000, 0x000000008a200000| Untracked 
|  89|0x000000008a300000, 0x000000008a300000, 0x000000008a400000|  0%| F|  |TAMS 0x000000008a300000, 0x000000008a300000| Untracked 
|  90|0x000000008a400000, 0x000000008a400000, 0x000000008a500000|  0%| F|  |TAMS 0x000000008a400000, 0x000000008a400000| Untracked 
|  91|0x000000008a500000, 0x000000008a500000, 0x000000008a600000|  0%| F|  |TAMS 0x000000008a500000, 0x000000008a500000| Untracked 
|  92|0x000000008a600000, 0x000000008a600000, 0x000000008a700000|  0%| F|  |TAMS 0x000000008a600000, 0x000000008a600000| Untracked 
|  93|0x000000008a700000, 0x000000008a700000, 0x000000008a800000|  0%| F|  |TAMS 0x000000008a700000, 0x000000008a700000| Untracked 
|  94|0x000000008a800000, 0x000000008a800000, 0x000000008a900000|  0%| F|  |TAMS 0x000000008a800000, 0x000000008a800000| Untracked 
|  95|0x000000008a900000, 0x000000008a900000, 0x000000008aa00000|  0%| F|  |TAMS 0x000000008a900000, 0x000000008a900000| Untracked 
|  96|0x000000008aa00000, 0x000000008aa00000, 0x000000008ab00000|  0%| F|  |TAMS 0x000000008aa00000, 0x000000008aa00000| Untracked 
|  97|0x000000008ab00000, 0x000000008ab00000, 0x000000008ac00000|  0%| F|  |TAMS 0x000000008ab00000, 0x000000008ab00000| Untracked 
|  98|0x000000008ac00000, 0x000000008ac00000, 0x000000008ad00000|  0%| F|  |TAMS 0x000000008ac00000, 0x000000008ac00000| Untracked 
|  99|0x000000008ad00000, 0x000000008ad00000, 0x000000008ae00000|  0%| F|  |TAMS 0x000000008ad00000, 0x000000008ad00000| Untracked 
| 100|0x000000008ae00000, 0x000000008ae00000, 0x000000008af00000|  0%| F|  |TAMS 0x000000008ae00000, 0x000000008ae00000| Untracked 
| 101|0x000000008af00000, 0x000000008af00000, 0x000000008b000000|  0%| F|  |TAMS 0x000000008af00000, 0x000000008af00000| Untracked 
| 102|0x000000008b000000, 0x000000008b000000, 0x000000008b100000|  0%| F|  |TAMS 0x000000008b000000, 0x000000008b000000| Untracked 
| 103|0x000000008b100000, 0x000000008b100000, 0x000000008b200000|  0%| F|  |TAMS 0x000000008b100000, 0x000000008b100000| Untracked 
| 104|0x000000008b200000, 0x000000008b200000, 0x000000008b300000|  0%| F|  |TAMS 0x000000008b200000, 0x000000008b200000| Untracked 
| 105|0x000000008b300000, 0x000000008b300000, 0x000000008b400000|  0%| F|  |TAMS 0x000000008b300000, 0x000000008b300000| Untracked 
| 106|0x000000008b400000, 0x000000008b400000, 0x000000008b500000|  0%| F|  |TAMS 0x000000008b400000, 0x000000008b400000| Untracked 
| 107|0x000000008b500000, 0x000000008b500000, 0x000000008b600000|  0%| F|  |TAMS 0x000000008b500000, 0x000000008b500000| Untracked 
| 108|0x000000008b600000, 0x000000008b600000, 0x000000008b700000|  0%| F|  |TAMS 0x000000008b600000, 0x000000008b600000| Untracked 
| 109|0x000000008b700000, 0x000000008b700000, 0x000000008b800000|  0%| F|  |TAMS 0x000000008b700000, 0x000000008b700000| Untracked 
| 110|0x000000008b800000, 0x000000008b800000, 0x000000008b900000|  0%| F|  |TAMS 0x000000008b800000, 0x000000008b800000| Untracked 
| 111|0x000000008b900000, 0x000000008b900000, 0x000000008ba00000|  0%| F|  |TAMS 0x000000008b900000, 0x000000008b900000| Untracked 
| 112|0x000000008ba00000, 0x000000008ba00000, 0x000000008bb00000|  0%| F|  |TAMS 0x000000008ba00000, 0x000000008ba00000| Untracked 
| 113|0x000000008bb00000, 0x000000008bb00000, 0x000000008bc00000|  0%| F|  |TAMS 0x000000008bb00000, 0x000000008bb00000| Untracked 
| 114|0x000000008bc00000, 0x000000008bc00000, 0x000000008bd00000|  0%| F|  |TAMS 0x000000008bc00000, 0x000000008bc00000| Untracked 
| 115|0x000000008bd00000, 0x000000008bd00000, 0x000000008be00000|  0%| F|  |TAMS 0x000000008bd00000, 0x000000008bd00000| Untracked 
| 116|0x000000008be00000, 0x000000008be00000, 0x000000008bf00000|  0%| F|  |TAMS 0x000000008be00000, 0x000000008be00000| Untracked 
| 117|0x000000008bf00000, 0x000000008bf00000, 0x000000008c000000|  0%| F|  |TAMS 0x000000008bf00000, 0x000000008bf00000| Untracked 
| 118|0x000000008c000000, 0x000000008c000000, 0x000000008c100000|  0%| F|  |TAMS 0x000000008c000000, 0x000000008c000000| Untracked 
| 119|0x000000008c100000, 0x000000008c100000, 0x000000008c200000|  0%| F|  |TAMS 0x000000008c100000, 0x000000008c100000| Untracked 
| 120|0x000000008c200000, 0x000000008c200000, 0x000000008c300000|  0%| F|  |TAMS 0x000000008c200000, 0x000000008c200000| Untracked 
| 121|0x000000008c300000, 0x000000008c300000, 0x000000008c400000|  0%| F|  |TAMS 0x000000008c300000, 0x000000008c300000| Untracked 
| 122|0x000000008c400000, 0x000000008c400000, 0x000000008c500000|  0%| F|  |TAMS 0x000000008c400000, 0x000000008c400000| Untracked 
| 123|0x000000008c500000, 0x000000008c500000, 0x000000008c600000|  0%| F|  |TAMS 0x000000008c500000, 0x000000008c500000| Untracked 
| 124|0x000000008c600000, 0x000000008c600000, 0x000000008c700000|  0%| F|  |TAMS 0x000000008c600000, 0x000000008c600000| Untracked 
| 125|0x000000008c700000, 0x000000008c700000, 0x000000008c800000|  0%| F|  |TAMS 0x000000008c700000, 0x000000008c700000| Untracked 
| 126|0x000000008c800000, 0x000000008c800000, 0x000000008c900000|  0%| F|  |TAMS 0x000000008c800000, 0x000000008c800000| Untracked 
| 127|0x000000008c900000, 0x000000008c900000, 0x000000008ca00000|  0%| F|  |TAMS 0x000000008c900000, 0x000000008c900000| Untracked 
| 128|0x000000008ca00000, 0x000000008ca00000, 0x000000008cb00000|  0%| F|  |TAMS 0x000000008ca00000, 0x000000008ca00000| Untracked 
| 129|0x000000008cb00000, 0x000000008cb00000, 0x000000008cc00000|  0%| F|  |TAMS 0x000000008cb00000, 0x000000008cb00000| Untracked 
| 130|0x000000008cc00000, 0x000000008cc00000, 0x000000008cd00000|  0%| F|  |TAMS 0x000000008cc00000, 0x000000008cc00000| Untracked 
| 131|0x000000008cd00000, 0x000000008cd00000, 0x000000008ce00000|  0%| F|  |TAMS 0x000000008cd00000, 0x000000008cd00000| Untracked 
| 132|0x000000008ce00000, 0x000000008ce00000, 0x000000008cf00000|  0%| F|  |TAMS 0x000000008ce00000, 0x000000008ce00000| Untracked 
| 133|0x000000008cf00000, 0x000000008cf00000, 0x000000008d000000|  0%| F|  |TAMS 0x000000008cf00000, 0x000000008cf00000| Untracked 
| 134|0x000000008d000000, 0x000000008d000000, 0x000000008d100000|  0%| F|  |TAMS 0x000000008d000000, 0x000000008d000000| Untracked 
| 135|0x000000008d100000, 0x000000008d100000, 0x000000008d200000|  0%| F|  |TAMS 0x000000008d100000, 0x000000008d100000| Untracked 
| 136|0x000000008d200000, 0x000000008d200000, 0x000000008d300000|  0%| F|  |TAMS 0x000000008d200000, 0x000000008d200000| Untracked 
| 137|0x000000008d300000, 0x000000008d300000, 0x000000008d400000|  0%| F|  |TAMS 0x000000008d300000, 0x000000008d300000| Untracked 
| 138|0x000000008d400000, 0x000000008d400000, 0x000000008d500000|  0%| F|  |TAMS 0x000000008d400000, 0x000000008d400000| Untracked 
| 139|0x000000008d500000, 0x000000008d500000, 0x000000008d600000|  0%| F|  |TAMS 0x000000008d500000, 0x000000008d500000| Untracked 
| 140|0x000000008d600000, 0x000000008d600000, 0x000000008d700000|  0%| F|  |TAMS 0x000000008d600000, 0x000000008d600000| Untracked 
| 141|0x000000008d700000, 0x000000008d700000, 0x000000008d800000|  0%| F|  |TAMS 0x000000008d700000, 0x000000008d700000| Untracked 
| 142|0x000000008d800000, 0x000000008d800000, 0x000000008d900000|  0%| F|  |TAMS 0x000000008d800000, 0x000000008d800000| Untracked 
| 143|0x000000008d900000, 0x000000008d900000, 0x000000008da00000|  0%| F|  |TAMS 0x000000008d900000, 0x000000008d900000| Untracked 
| 144|0x000000008da00000, 0x000000008da00000, 0x000000008db00000|  0%| F|  |TAMS 0x000000008da00000, 0x000000008da00000| Untracked 
| 145|0x000000008db00000, 0x000000008db00000, 0x000000008dc00000|  0%| F|  |TAMS 0x000000008db00000, 0x000000008db00000| Untracked 
| 146|0x000000008dc00000, 0x000000008dc00000, 0x000000008dd00000|  0%| F|  |TAMS 0x000000008dc00000, 0x000000008dc00000| Untracked 
| 147|0x000000008dd00000, 0x000000008dd00000, 0x000000008de00000|  0%| F|  |TAMS 0x000000008dd00000, 0x000000008dd00000| Untracked 
| 148|0x000000008de00000, 0x000000008de00000, 0x000000008df00000|  0%| F|  |TAMS 0x000000008de00000, 0x000000008de00000| Untracked 
| 149|0x000000008df00000, 0x000000008df00000, 0x000000008e000000|  0%| F|  |TAMS 0x000000008df00000, 0x000000008df00000| Untracked 
| 150|0x000000008e000000, 0x000000008e000000, 0x000000008e100000|  0%| F|  |TAMS 0x000000008e000000, 0x000000008e000000| Untracked 
| 151|0x000000008e100000, 0x000000008e100000, 0x000000008e200000|  0%| F|  |TAMS 0x000000008e100000, 0x000000008e100000| Untracked 
| 152|0x000000008e200000, 0x000000008e200000, 0x000000008e300000|  0%| F|  |TAMS 0x000000008e200000, 0x000000008e200000| Untracked 
| 153|0x000000008e300000, 0x000000008e300000, 0x000000008e400000|  0%| F|  |TAMS 0x000000008e300000, 0x000000008e300000| Untracked 
| 154|0x000000008e400000, 0x000000008e400000, 0x000000008e500000|  0%| F|  |TAMS 0x000000008e400000, 0x000000008e400000| Untracked 
| 155|0x000000008e500000, 0x000000008e500000, 0x000000008e600000|  0%| F|  |TAMS 0x000000008e500000, 0x000000008e500000| Untracked 
| 156|0x000000008e600000, 0x000000008e600000, 0x000000008e700000|  0%| F|  |TAMS 0x000000008e600000, 0x000000008e600000| Untracked 
| 157|0x000000008e700000, 0x000000008e700000, 0x000000008e800000|  0%| F|  |TAMS 0x000000008e700000, 0x000000008e700000| Untracked 
| 158|0x000000008e800000, 0x000000008e800000, 0x000000008e900000|  0%| F|  |TAMS 0x000000008e800000, 0x000000008e800000| Untracked 
| 159|0x000000008e900000, 0x000000008e900000, 0x000000008ea00000|  0%| F|  |TAMS 0x000000008e900000, 0x000000008e900000| Untracked 
| 160|0x000000008ea00000, 0x000000008ea00000, 0x000000008eb00000|  0%| F|  |TAMS 0x000000008ea00000, 0x000000008ea00000| Untracked 
| 161|0x000000008eb00000, 0x000000008eb00000, 0x000000008ec00000|  0%| F|  |TAMS 0x000000008eb00000, 0x000000008eb00000| Untracked 
| 162|0x000000008ec00000, 0x000000008ec00000, 0x000000008ed00000|  0%| F|  |TAMS 0x000000008ec00000, 0x000000008ec00000| Untracked 
| 163|0x000000008ed00000, 0x000000008ed00000, 0x000000008ee00000|  0%| F|  |TAMS 0x000000008ed00000, 0x000000008ed00000| Untracked 
| 164|0x000000008ee00000, 0x000000008ee00000, 0x000000008ef00000|  0%| F|  |TAMS 0x000000008ee00000, 0x000000008ee00000| Untracked 
| 165|0x000000008ef00000, 0x000000008ef00000, 0x000000008f000000|  0%| F|  |TAMS 0x000000008ef00000, 0x000000008ef00000| Untracked 
| 166|0x000000008f000000, 0x000000008f000000, 0x000000008f100000|  0%| F|  |TAMS 0x000000008f000000, 0x000000008f000000| Untracked 
| 167|0x000000008f100000, 0x000000008f100000, 0x000000008f200000|  0%| F|  |TAMS 0x000000008f100000, 0x000000008f100000| Untracked 
| 168|0x000000008f200000, 0x000000008f200000, 0x000000008f300000|  0%| F|  |TAMS 0x000000008f200000, 0x000000008f200000| Untracked 
| 169|0x000000008f300000, 0x000000008f300000, 0x000000008f400000|  0%| F|  |TAMS 0x000000008f300000, 0x000000008f300000| Untracked 
| 170|0x000000008f400000, 0x000000008f400000, 0x000000008f500000|  0%| F|  |TAMS 0x000000008f400000, 0x000000008f400000| Untracked 
| 171|0x000000008f500000, 0x000000008f500000, 0x000000008f600000|  0%| F|  |TAMS 0x000000008f500000, 0x000000008f500000| Untracked 
| 172|0x000000008f600000, 0x000000008f600000, 0x000000008f700000|  0%| F|  |TAMS 0x000000008f600000, 0x000000008f600000| Untracked 
| 173|0x000000008f700000, 0x000000008f700000, 0x000000008f800000|  0%| F|  |TAMS 0x000000008f700000, 0x000000008f700000| Untracked 
| 174|0x000000008f800000, 0x000000008f800000, 0x000000008f900000|  0%| F|  |TAMS 0x000000008f800000, 0x000000008f800000| Untracked 
| 175|0x000000008f900000, 0x000000008f900000, 0x000000008fa00000|  0%| F|  |TAMS 0x000000008f900000, 0x000000008f900000| Untracked 
| 176|0x000000008fa00000, 0x000000008fa00000, 0x000000008fb00000|  0%| F|  |TAMS 0x000000008fa00000, 0x000000008fa00000| Untracked 
| 177|0x000000008fb00000, 0x000000008fb00000, 0x000000008fc00000|  0%| F|  |TAMS 0x000000008fb00000, 0x000000008fb00000| Untracked 
| 178|0x000000008fc00000, 0x000000008fc00000, 0x000000008fd00000|  0%| F|  |TAMS 0x000000008fc00000, 0x000000008fc00000| Untracked 

Card table byte_map: [0x000001b5e4180000,0x000001b5e4560000] _byte_map_base: 0x000001b5e3d5b000

Marking Bits (Prev, Next): (CMBitMap*) 0x000001b5cd1be810, (CMBitMap*) 0x000001b5cd1be850
 Prev Bits: [0x000001b5e4940000, 0x000001b5e6818000)
 Next Bits: [0x000001b5e6820000, 0x000001b5e86f8000)

Polling page: 0x000001b5cb060000

Metaspace:

Usage:
  Non-class:      7.73 MB used.
      Class:      1.41 MB used.
       Both:      9.15 MB used.

Virtual space:
  Non-class space:       64.00 MB reserved,       7.81 MB ( 12%) committed,  1 nodes.
      Class space:        1.00 GB reserved,       1.50 MB ( <1%) committed,  1 nodes.
             Both:        1.06 GB reserved,       9.31 MB ( <1%) committed. 

Chunk freelists:
   Non-Class:  3.09 MB
       Class:  2.47 MB
        Both:  5.57 MB

MaxMetaspaceSize: unlimited
CompressedClassSpaceSize: 1.00 GB
Initial GC threshold: 21.00 MB
Current GC threshold: 21.00 MB
CDS: on
MetaspaceReclaimPolicy: balanced
 - commit_granule_bytes: 65536.
 - commit_granule_words: 8192.
 - virtual_space_node_default_size: 8388608.
 - enlarge_chunks_in_place: 1.
 - new_chunks_are_fully_committed: 0.
 - uncommit_free_chunks: 1.
 - use_allocation_guard: 0.


Internal statistics:

num_allocs_failed_limit: 0.
num_arena_births: 20.
num_arena_deaths: 0.
num_vsnodes_births: 2.
num_vsnodes_deaths: 0.
num_space_committed: 149.
num_space_uncommitted: 0.
num_chunks_returned_to_freelist: 0.
num_chunks_taken_from_freelist: 238.
num_chunk_merges: 0.
num_chunk_splits: 209.
num_chunks_enlarged: 197.
num_inconsistent_stats: 0.

CodeHeap 'non-profiled nmethods': size=120000Kb used=1302Kb max_used=1302Kb free=118697Kb
 bounds [0x000001b5dc540000, 0x000001b5dc7b0000, 0x000001b5e3a70000]
CodeHeap 'profiled nmethods': size=120000Kb used=2985Kb max_used=2985Kb free=117014Kb
 bounds [0x000001b5d5010000, 0x000001b5d5300000, 0x000001b5dc540000]
CodeHeap 'non-nmethods': size=5760Kb used=1155Kb max_used=1224Kb free=4604Kb
 bounds [0x000001b5d4a70000, 0x000001b5d4ce0000, 0x000001b5d5010000]
 total_blobs=1901 nmethods=1483 adapters=331
 compilation: enabled
              stopped_count=0, restarted_count=0
 full_count=0

Compilation events (20 events):
Event: 3.315 Thread 0x000001b5eb106720 nmethod 1488 0x000001b5d52f2a10 code [0x000001b5d52f2ba0, 0x000001b5d52f2cc8]
Event: 3.315 Thread 0x000001b5eb106720 1490   !   3       java.nio.DirectLongBufferU::get (36 bytes)
Event: 3.316 Thread 0x000001b5eb106720 nmethod 1490 0x000001b5d52f2d90 code [0x000001b5d52f2fe0, 0x000001b5d52f38d8]
Event: 3.316 Thread 0x000001b5eb106720 1491   !   3       jdk.internal.misc.ScopedMemoryAccess::getLong (20 bytes)
Event: 3.316 Thread 0x000001b5eb106720 nmethod 1491 0x000001b5d52f3d90 code [0x000001b5d52f3f60, 0x000001b5d52f43f8]
Event: 3.316 Thread 0x000001b5eb101920 1492   !   4       java.util.concurrent.ConcurrentHashMap::initTable (112 bytes)
Event: 3.318 Thread 0x000001b5eb101920 nmethod 1492 0x000001b5dc685090 code [0x000001b5dc685220, 0x000001b5dc685558]
Event: 3.319 Thread 0x000001b5eb106720 1493       3       java.util.regex.Pattern$Branch::study (162 bytes)
Event: 3.319 Thread 0x000001b5eb106720 nmethod 1493 0x000001b5d52f4610 code [0x000001b5d52f4800, 0x000001b5d52f4ed8]
Event: 3.319 Thread 0x000001b5eb106720 1494   !   3       java.lang.String::replace (258 bytes)
Event: 3.321 Thread 0x000001b5eb106720 nmethod 1494 0x000001b5d52f5210 code [0x000001b5d52f56e0, 0x000001b5d52f7ae8]
Event: 3.321 Thread 0x000001b5eb106720 1495       3       org.reflections.vfs.Vfs::access$100 (5 bytes)
Event: 3.321 Thread 0x000001b5eb106720 nmethod 1495 0x000001b5d52f8a10 code [0x000001b5d52f8c20, 0x000001b5d52f9178]
Event: 3.321 Thread 0x000001b5eb106720 1496       3       org.reflections.vfs.Vfs::hasJarFileInPath (10 bytes)
Event: 3.321 Thread 0x000001b5eb106720 nmethod 1496 0x000001b5d52f9410 code [0x000001b5d52f9600, 0x000001b5d52f9ad8]
Event: 3.326 Thread 0x000001b5eb106720 1497       3       java.util.regex.Pattern$Branch::<init> (37 bytes)
Event: 3.327 Thread 0x000001b5eb106720 nmethod 1497 0x000001b5d52f9d90 code [0x000001b5d52f9f60, 0x000001b5d52fa618]
Event: 3.334 Thread 0x000001b5eb101920 1498       4       java.io.WinNTFileSystem::isLetter (30 bytes)
Event: 3.334 Thread 0x000001b5eb101920 nmethod 1498 0x000001b5dc685690 code [0x000001b5dc685800, 0x000001b5dc6858b8]
Event: 3.393 Thread 0x000001b5eb101920 1499 % !   4       org.reflections.Reflections::scan @ 17 (287 bytes)

GC Heap History (20 events):
Event: 1.143 GC heap after
{Heap after GC invocations=5 (full 0):
 garbage-first heap   total 126976K, used 6455K [0x0000000084a00000, 0x0000000100000000)
  region size 1024K, 2 young (2048K), 2 survivors (2048K)
 Metaspace       used 2869K, committed 3008K, reserved 1114112K
  class space    used 244K, committed 320K, reserved 1048576K
}
Event: 1.293 GC heap before
{Heap before GC invocations=5 (full 0):
 garbage-first heap   total 126976K, used 80183K [0x0000000084a00000, 0x0000000100000000)
  region size 1024K, 74 young (75776K), 2 survivors (2048K)
 Metaspace       used 2895K, committed 3072K, reserved 1114112K
  class space    used 249K, committed 320K, reserved 1048576K
}
Event: 1.296 GC heap after
{Heap after GC invocations=6 (full 0):
 garbage-first heap   total 152576K, used 7180K [0x0000000084a00000, 0x0000000100000000)
  region size 1024K, 3 young (3072K), 3 survivors (3072K)
 Metaspace       used 2895K, committed 3072K, reserved 1114112K
  class space    used 249K, committed 320K, reserved 1048576K
}
Event: 1.486 GC heap before
{Heap before GC invocations=6 (full 0):
 garbage-first heap   total 152576K, used 95244K [0x0000000084a00000, 0x0000000100000000)
  region size 1024K, 89 young (91136K), 3 survivors (3072K)
 Metaspace       used 2902K, committed 3072K, reserved 1114112K
  class space    used 249K, committed 320K, reserved 1048576K
}
Event: 1.489 GC heap after
{Heap after GC invocations=7 (full 0):
 garbage-first heap   total 152576K, used 7800K [0x0000000084a00000, 0x0000000100000000)
  region size 1024K, 4 young (4096K), 4 survivors (4096K)
 Metaspace       used 2902K, committed 3072K, reserved 1114112K
  class space    used 249K, committed 320K, reserved 1048576K
}
Event: 1.652 GC heap before
{Heap before GC invocations=7 (full 0):
 garbage-first heap   total 152576K, used 94840K [0x0000000084a00000, 0x0000000100000000)
  region size 1024K, 89 young (91136K), 4 survivors (4096K)
 Metaspace       used 2917K, committed 3072K, reserved 1114112K
  class space    used 249K, committed 320K, reserved 1048576K
}
Event: 1.656 GC heap after
{Heap after GC invocations=8 (full 0):
 garbage-first heap   total 152576K, used 8516K [0x0000000084a00000, 0x0000000100000000)
  region size 1024K, 4 young (4096K), 4 survivors (4096K)
 Metaspace       used 2917K, committed 3072K, reserved 1114112K
  class space    used 249K, committed 320K, reserved 1048576K
}
Event: 1.810 GC heap before
{Heap before GC invocations=8 (full 0):
 garbage-first heap   total 152576K, used 95556K [0x0000000084a00000, 0x0000000100000000)
  region size 1024K, 89 young (91136K), 4 survivors (4096K)
 Metaspace       used 2918K, committed 3072K, reserved 1114112K
  class space    used 249K, committed 320K, reserved 1048576K
}
Event: 1.813 GC heap after
{Heap after GC invocations=9 (full 0):
 garbage-first heap   total 152576K, used 9242K [0x0000000084a00000, 0x0000000100000000)
  region size 1024K, 5 young (5120K), 5 survivors (5120K)
 Metaspace       used 2918K, committed 3072K, reserved 1114112K
  class space    used 249K, committed 320K, reserved 1048576K
}
Event: 2.417 GC heap before
{Heap before GC invocations=9 (full 0):
 garbage-first heap   total 152576K, used 95258K [0x0000000084a00000, 0x0000000100000000)
  region size 1024K, 89 young (91136K), 5 survivors (5120K)
 Metaspace       used 9333K, committed 9536K, reserved 1114112K
  class space    used 1448K, committed 1536K, reserved 1048576K
}
Event: 2.421 GC heap after
{Heap after GC invocations=10 (full 0):
 garbage-first heap   total 183296K, used 11439K [0x0000000084a00000, 0x0000000100000000)
  region size 1024K, 7 young (7168K), 7 survivors (7168K)
 Metaspace       used 9333K, committed 9536K, reserved 1114112K
  class space    used 1448K, committed 1536K, reserved 1048576K
}
Event: 2.628 GC heap before
{Heap before GC invocations=10 (full 0):
 garbage-first heap   total 183296K, used 112815K [0x0000000084a00000, 0x0000000100000000)
  region size 1024K, 107 young (109568K), 7 survivors (7168K)
 Metaspace       used 9333K, committed 9536K, reserved 1114112K
  class space    used 1448K, committed 1536K, reserved 1048576K
}
Event: 2.632 GC heap after
{Heap after GC invocations=11 (full 0):
 garbage-first heap   total 183296K, used 12498K [0x0000000084a00000, 0x0000000100000000)
  region size 1024K, 8 young (8192K), 8 survivors (8192K)
 Metaspace       used 9333K, committed 9536K, reserved 1114112K
  class space    used 1448K, committed 1536K, reserved 1048576K
}
Event: 2.835 GC heap before
{Heap before GC invocations=11 (full 0):
 garbage-first heap   total 183296K, used 113874K [0x0000000084a00000, 0x0000000100000000)
  region size 1024K, 107 young (109568K), 8 survivors (8192K)
 Metaspace       used 9348K, committed 9536K, reserved 1114112K
  class space    used 1448K, committed 1536K, reserved 1048576K
}
Event: 2.839 GC heap after
{Heap after GC invocations=12 (full 0):
 garbage-first heap   total 183296K, used 12484K [0x0000000084a00000, 0x0000000100000000)
  region size 1024K, 8 young (8192K), 8 survivors (8192K)
 Metaspace       used 9348K, committed 9536K, reserved 1114112K
  class space    used 1448K, committed 1536K, reserved 1048576K
}
Event: 3.048 GC heap before
{Heap before GC invocations=12 (full 0):
 garbage-first heap   total 183296K, used 113860K [0x0000000084a00000, 0x0000000100000000)
  region size 1024K, 107 young (109568K), 8 survivors (8192K)
 Metaspace       used 9353K, committed 9536K, reserved 1114112K
  class space    used 1448K, committed 1536K, reserved 1048576K
}
Event: 3.052 GC heap after
{Heap after GC invocations=13 (full 0):
 garbage-first heap   total 183296K, used 13706K [0x0000000084a00000, 0x0000000100000000)
  region size 1024K, 9 young (9216K), 9 survivors (9216K)
 Metaspace       used 9353K, committed 9536K, reserved 1114112K
  class space    used 1448K, committed 1536K, reserved 1048576K
}
Event: 3.253 GC heap before
{Heap before GC invocations=13 (full 0):
 garbage-first heap   total 183296K, used 114058K [0x0000000084a00000, 0x0000000100000000)
  region size 1024K, 107 young (109568K), 9 survivors (9216K)
 Metaspace       used 9355K, committed 9536K, reserved 1114112K
  class space    used 1448K, committed 1536K, reserved 1048576K
}
Event: 3.258 GC heap after
{Heap after GC invocations=14 (full 0):
 garbage-first heap   total 183296K, used 14433K [0x0000000084a00000, 0x0000000100000000)
  region size 1024K, 9 young (9216K), 9 survivors (9216K)
 Metaspace       used 9355K, committed 9536K, reserved 1114112K
  class space    used 1448K, committed 1536K, reserved 1048576K
}
Event: 3.443 GC heap before
{Heap before GC invocations=14 (full 0):
 garbage-first heap   total 183296K, used 114785K [0x0000000084a00000, 0x0000000100000000)
  region size 1024K, 107 young (109568K), 9 survivors (9216K)
 Metaspace       used 9366K, committed 9536K, reserved 1114112K
  class space    used 1448K, committed 1536K, reserved 1048576K
}

Deoptimization events (20 events):
Event: 2.569 Thread 0x000001b5f05bf240 Uncommon trap: trap_request=0xffffff45 fr.pc=0x000001b5dc5682a8 relative=0x0000000000000128
Event: 2.569 Thread 0x000001b5f05bf240 Uncommon trap: reason=unstable_if action=reinterpret pc=0x000001b5dc5682a8 method=java.lang.StringCoding.hasNegatives([BII)Z @ 12 c2
Event: 2.569 Thread 0x000001b5f05bf240 DEOPT PACKING pc=0x000001b5dc5682a8 sp=0x0000005f81bfdc50
Event: 2.569 Thread 0x000001b5f05bf240 DEOPT UNPACKING pc=0x000001b5d4ac5c23 sp=0x0000005f81bfdbe0 mode 2
Event: 2.925 Thread 0x000001b5f05bf240 Uncommon trap: trap_request=0xffffffc6 fr.pc=0x000001b5dc62c554 relative=0x00000000000007d4
Event: 2.925 Thread 0x000001b5f05bf240 Uncommon trap: reason=bimorphic_or_optimized_type_check action=maybe_recompile pc=0x000001b5dc62c554 method=com.google.common.collect.AbstractIterator.tryToComputeNext()Z @ 9 c2
Event: 2.925 Thread 0x000001b5f05bf240 DEOPT PACKING pc=0x000001b5dc62c554 sp=0x0000005f81bfeab0
Event: 2.925 Thread 0x000001b5f05bf240 DEOPT UNPACKING pc=0x000001b5d4ac5c23 sp=0x0000005f81bfea30 mode 2
Event: 2.926 Thread 0x000001b5f05bf240 Uncommon trap: trap_request=0xffffffc6 fr.pc=0x000001b5dc62c554 relative=0x00000000000007d4
Event: 2.926 Thread 0x000001b5f05bf240 Uncommon trap: reason=bimorphic_or_optimized_type_check action=maybe_recompile pc=0x000001b5dc62c554 method=com.google.common.collect.AbstractIterator.tryToComputeNext()Z @ 9 c2
Event: 2.926 Thread 0x000001b5f05bf240 DEOPT PACKING pc=0x000001b5dc62c554 sp=0x0000005f81bfeab0
Event: 2.926 Thread 0x000001b5f05bf240 DEOPT UNPACKING pc=0x000001b5d4ac5c23 sp=0x0000005f81bfea30 mode 2
Event: 2.926 Thread 0x000001b5f05bf240 Uncommon trap: trap_request=0xffffffc6 fr.pc=0x000001b5dc62c554 relative=0x00000000000007d4
Event: 2.926 Thread 0x000001b5f05bf240 Uncommon trap: reason=bimorphic_or_optimized_type_check action=maybe_recompile pc=0x000001b5dc62c554 method=com.google.common.collect.AbstractIterator.tryToComputeNext()Z @ 9 c2
Event: 2.926 Thread 0x000001b5f05bf240 DEOPT PACKING pc=0x000001b5dc62c554 sp=0x0000005f81bfeab0
Event: 2.926 Thread 0x000001b5f05bf240 DEOPT UNPACKING pc=0x000001b5d4ac5c23 sp=0x0000005f81bfea30 mode 2
Event: 2.926 Thread 0x000001b5f05bf240 Uncommon trap: trap_request=0xffffffc6 fr.pc=0x000001b5dc62c554 relative=0x00000000000007d4
Event: 2.926 Thread 0x000001b5f05bf240 Uncommon trap: reason=bimorphic_or_optimized_type_check action=maybe_recompile pc=0x000001b5dc62c554 method=com.google.common.collect.AbstractIterator.tryToComputeNext()Z @ 9 c2
Event: 2.926 Thread 0x000001b5f05bf240 DEOPT PACKING pc=0x000001b5dc62c554 sp=0x0000005f81bfeab0
Event: 2.926 Thread 0x000001b5f05bf240 DEOPT UNPACKING pc=0x000001b5d4ac5c23 sp=0x0000005f81bfea30 mode 2

Classes loaded (20 events):
Event: 2.337 Loading class java/lang/PublicMethods
Event: 2.338 Loading class java/lang/PublicMethods done
Event: 2.339 Loading class java/lang/WeakPairMap$Pair$Weak
Event: 2.339 Loading class java/lang/WeakPairMap$WeakRefPeer
Event: 2.339 Loading class java/lang/WeakPairMap$WeakRefPeer done
Event: 2.339 Loading class java/lang/WeakPairMap$Pair$Weak done
Event: 2.339 Loading class java/lang/WeakPairMap$Pair$Weak$1
Event: 2.339 Loading class java/lang/WeakPairMap$Pair$Weak$1 done
Event: 2.340 Loading class java/lang/reflect/ProxyGenerator
Event: 2.341 Loading class java/lang/reflect/ProxyGenerator done
Event: 2.341 Loading class java/lang/reflect/ProxyGenerator$ProxyMethod
Event: 2.341 Loading class java/lang/reflect/ProxyGenerator$ProxyMethod done
Event: 2.342 Loading class java/lang/reflect/ProxyGenerator$PrimitiveTypeInfo
Event: 2.342 Loading class java/lang/reflect/ProxyGenerator$PrimitiveTypeInfo done
Event: 2.342 Loading class jdk/internal/org/objectweb/asm/Edge
Event: 2.342 Loading class jdk/internal/org/objectweb/asm/Edge done
Event: 2.343 Loading class java/lang/reflect/Proxy$ProxyBuilder$1
Event: 2.343 Loading class java/lang/reflect/Proxy$ProxyBuilder$1 done
Event: 2.345 Loading class java/lang/reflect/UndeclaredThrowableException
Event: 2.345 Loading class java/lang/reflect/UndeclaredThrowableException done

Classes unloaded (0 events):
No events

Classes redefined (0 events):
No events

Internal exceptions (9 events):
Event: 0.176 Thread 0x000001b5cd160160 Exception <a 'java/lang/NoSuchMethodError'{0x000000008c260780}: 'void java.lang.invoke.DirectMethodHandle$Holder.invokeStatic(java.lang.Object, java.lang.Object, java.lang.Object)'> (0x000000008c260780) 
thrown [t:\workspace\open\src\hotspot\share\interpreter\linkResolver.cpp, line 766]
Event: 0.245 Thread 0x000001b5cd160160 Exception <a 'java/lang/NoSuchMethodError'{0x000000008c154cd0}: 'void java.lang.invoke.DirectMethodHandle$Holder.invokeStatic(java.lang.Object, java.lang.Object)'> (0x000000008c154cd0) 
thrown [t:\workspace\open\src\hotspot\share\interpreter\linkResolver.cpp, line 766]
Event: 0.284 Thread 0x000001b5cd160160 Exception <a 'java/lang/NoSuchMethodError'{0x000000008c0faa28}: 'int java.lang.invoke.DirectMethodHandle$Holder.invokeSpecial(java.lang.Object, java.lang.Object, java.lang.Object)'> (0x000000008c0faa28) 
thrown [t:\workspace\open\src\hotspot\share\interpreter\linkResolver.cpp, line 766]
Event: 0.378 Thread 0x000001b5cd160160 Exception <a 'java/lang/NullPointerException'{0x000000008bdc5400}> (0x000000008bdc5400) 
thrown [t:\workspace\open\src\hotspot\share\interpreter\linkResolver.cpp, line 1357]
Event: 0.380 Thread 0x000001b5cd160160 Exception <a 'java/lang/NullPointerException'{0x000000008bdca760}> (0x000000008bdca760) 
thrown [t:\workspace\open\src\hotspot\share\interpreter\linkResolver.cpp, line 1357]
Event: 0.758 Thread 0x000001b5cd160160 Exception <a 'java/io/FileNotFoundException'{0x0000000088900288}> (0x0000000088900288) 
thrown [t:\workspace\open\src\hotspot\share\prims\jni.cpp, line 516]
Event: 1.259 Thread 0x000001b5cd160160 Implicit null exception at 0x000001b5dc5cd39f to 0x000001b5dc5cd8a4
Event: 2.339 Thread 0x000001b5cd160160 Implicit null exception at 0x000001b5dc60fc43 to 0x000001b5dc60ff0c
Event: 2.569 Thread 0x000001b5f05bf240 Exception <a 'java/io/FileNotFoundException'{0x000000008b520060}> (0x000000008b520060) 
thrown [t:\workspace\open\src\hotspot\share\prims\jni.cpp, line 516]

VM Operations (20 events):
Event: 2.244 Executing VM operation: HandshakeAllThreads done
Event: 2.245 Executing VM operation: HandshakeAllThreads
Event: 2.245 Executing VM operation: HandshakeAllThreads done
Event: 2.299 Executing VM operation: HandshakeAllThreads
Event: 2.299 Executing VM operation: HandshakeAllThreads done
Event: 2.315 Executing VM operation: HandshakeAllThreads
Event: 2.315 Executing VM operation: HandshakeAllThreads done
Event: 2.365 Executing VM operation: HandshakeAllThreads
Event: 2.365 Executing VM operation: HandshakeAllThreads done
Event: 2.417 Executing VM operation: G1CollectForAllocation
Event: 2.421 Executing VM operation: G1CollectForAllocation done
Event: 2.628 Executing VM operation: G1CollectForAllocation
Event: 2.632 Executing VM operation: G1CollectForAllocation done
Event: 2.835 Executing VM operation: G1CollectForAllocation
Event: 2.839 Executing VM operation: G1CollectForAllocation done
Event: 3.048 Executing VM operation: G1CollectForAllocation
Event: 3.052 Executing VM operation: G1CollectForAllocation done
Event: 3.253 Executing VM operation: G1CollectForAllocation
Event: 3.258 Executing VM operation: G1CollectForAllocation done
Event: 3.443 Executing VM operation: G1CollectForAllocation

Events (20 events):
Event: 0.005 Loaded shared library C:\Program Files\Java\jdk-18\bin\java.dll
Event: 0.015 Loaded shared library C:\Program Files\Java\jdk-18\bin\jsvml.dll
Event: 0.015 Thread 0x000001b5cd160160 Thread added: 0x000001b5cd160160
Event: 0.017 Thread 0x000001b5eb0dd050 Thread added: 0x000001b5eb0dd050
Event: 0.017 Thread 0x000001b5eb0ddf10 Thread added: 0x000001b5eb0ddf10
Event: 0.026 Thread 0x000001b5eb0f51d0 Thread added: 0x000001b5eb0f51d0
Event: 0.026 Thread 0x000001b5eb0f5a80 Thread added: 0x000001b5eb0f5a80
Event: 0.026 Thread 0x000001b5eb0f8340 Thread added: 0x000001b5eb0f8340
Event: 0.026 Thread 0x000001b5eb0f8bf0 Thread added: 0x000001b5eb0f8bf0
Event: 0.027 Thread 0x000001b5eb101920 Thread added: 0x000001b5eb101920
Event: 0.027 Thread 0x000001b5eb106720 Thread added: 0x000001b5eb106720
Event: 0.027 Thread 0x000001b5eb127020 Thread added: 0x000001b5eb127020
Event: 0.101 Thread 0x000001b5ef60bae0 Thread added: 0x000001b5ef60bae0
Event: 0.108 Thread 0x000001b5ef6115f0 Thread added: 0x000001b5ef6115f0
Event: 0.111 Loaded shared library C:\Program Files\Java\jdk-18\bin\net.dll
Event: 0.114 Loaded shared library C:\Program Files\Java\jdk-18\bin\nio.dll
Event: 0.123 Loaded shared library C:\Program Files\Java\jdk-18\bin\zip.dll
Event: 0.213 Loaded shared library C:\Program Files\Java\jdk-18\bin\jimage.dll
Event: 0.341 Loaded shared library C:\Program Files\Java\jdk-18\bin\verify.dll
Event: 2.364 Thread 0x000001b5f05bf240 Thread added: 0x000001b5f05bf240


Dynamic libraries:
0x00007ff6f29e0000 - 0x00007ff6f29f0000 	C:\Program Files\Java\jdk-18\bin\java.exe
0x00007ff83cdf0000 - 0x00007ff83cfe5000 	C:\WINDOWS\SYSTEM32\ntdll.dll
0x00007ff83b6a0000 - 0x00007ff83b75e000 	C:\WINDOWS\System32\KERNEL32.DLL
0x00007ff83a7c0000 - 0x00007ff83aa88000 	C:\WINDOWS\System32\KERNELBASE.dll
0x00007ff83a6c0000 - 0x00007ff83a7c0000 	C:\WINDOWS\System32\ucrtbase.dll
0x00007ff82be90000 - 0x00007ff82bea8000 	C:\Program Files\Java\jdk-18\bin\jli.dll
0x00007ff83bf10000 - 0x00007ff83bfbe000 	C:\WINDOWS\System32\ADVAPI32.dll
0x00007ff83cd10000 - 0x00007ff83cdae000 	C:\WINDOWS\System32\msvcrt.dll
0x00007ff83c500000 - 0x00007ff83c59c000 	C:\WINDOWS\System32\sechost.dll
0x00007ff83afe0000 - 0x00007ff83b105000 	C:\WINDOWS\System32\RPCRT4.dll
0x00007ff827e20000 - 0x00007ff827e3a000 	C:\Program Files\Java\jdk-18\bin\VCRUNTIME140.dll
0x00007ff83c9d0000 - 0x00007ff83cb70000 	C:\WINDOWS\System32\USER32.dll
0x00007ff83a690000 - 0x00007ff83a6b2000 	C:\WINDOWS\System32\win32u.dll
0x00007ff83b1e0000 - 0x00007ff83b20b000 	C:\WINDOWS\System32\GDI32.dll
0x00007ff80d400000 - 0x00007ff80d69a000 	C:\WINDOWS\WinSxS\amd64_microsoft.windows.common-controls_6595b64144ccf1df_6.0.19041.1110_none_60b5254171f9507e\COMCTL32.dll
0x00007ff83aca0000 - 0x00007ff83adab000 	C:\WINDOWS\System32\gdi32full.dll
0x00007ff83a560000 - 0x00007ff83a5fd000 	C:\WINDOWS\System32\msvcp_win.dll
0x00007ff82ef00000 - 0x00007ff82ef0a000 	C:\WINDOWS\SYSTEM32\VERSION.dll
0x00007ff83c3b0000 - 0x00007ff83c3e0000 	C:\WINDOWS\System32\IMM32.DLL
0x00007ff82e1c0000 - 0x00007ff82e1cc000 	C:\Program Files\Java\jdk-18\bin\vcruntime140_1.dll
0x00007ff8218b0000 - 0x00007ff82193d000 	C:\Program Files\Java\jdk-18\bin\msvcp140.dll
0x00007ffffa930000 - 0x00007ffffb541000 	C:\Program Files\Java\jdk-18\bin\server\jvm.dll
0x00007ff83c9c0000 - 0x00007ff83c9c8000 	C:\WINDOWS\System32\PSAPI.DLL
0x00007fffe4730000 - 0x00007fffe4739000 	C:\WINDOWS\SYSTEM32\WSOCK32.dll
0x00007ff81ac10000 - 0x00007ff81ac37000 	C:\WINDOWS\SYSTEM32\WINMM.dll
0x00007ff83c950000 - 0x00007ff83c9bb000 	C:\WINDOWS\System32\ws2_32.DLL
0x00007ff838db0000 - 0x00007ff838dc2000 	C:\WINDOWS\SYSTEM32\kernel.appcore.dll
0x00007ff827d80000 - 0x00007ff827d8a000 	C:\Program Files\Java\jdk-18\bin\jimage.dll
0x00007ff838050000 - 0x00007ff838234000 	C:\WINDOWS\SYSTEM32\DBGHELP.DLL
0x00007ff828150000 - 0x00007ff82817c000 	C:\WINDOWS\SYSTEM32\dbgcore.DLL
0x00007ff83a600000 - 0x00007ff83a682000 	C:\WINDOWS\System32\bcryptPrimitives.dll
0x00007ff826250000 - 0x00007ff826275000 	C:\Program Files\Java\jdk-18\bin\java.dll
0x00007ff8217d0000 - 0x00007ff8218a6000 	C:\Program Files\Java\jdk-18\bin\jsvml.dll
0x00007ff83b7c0000 - 0x00007ff83bf04000 	C:\WINDOWS\System32\SHELL32.dll
0x00007ff838240000 - 0x00007ff8389d4000 	C:\WINDOWS\SYSTEM32\windows.storage.dll
0x00007ff83bfd0000 - 0x00007ff83c324000 	C:\WINDOWS\System32\combase.dll
0x00007ff839f70000 - 0x00007ff839f9c000 	C:\WINDOWS\SYSTEM32\Wldp.dll
0x00007ff83af30000 - 0x00007ff83afdd000 	C:\WINDOWS\System32\SHCORE.dll
0x00007ff83b170000 - 0x00007ff83b1c5000 	C:\WINDOWS\System32\shlwapi.dll
0x00007ff83a450000 - 0x00007ff83a46f000 	C:\WINDOWS\SYSTEM32\profapi.dll
0x00007ff821ac0000 - 0x00007ff821ad3000 	C:\Program Files\Java\jdk-18\bin\net.dll
0x00007ff831f50000 - 0x00007ff832059000 	C:\WINDOWS\SYSTEM32\WINHTTP.dll
0x00007ff839cd0000 - 0x00007ff839d3a000 	C:\WINDOWS\system32\mswsock.dll
0x00007ff8217b0000 - 0x00007ff8217c6000 	C:\Program Files\Java\jdk-18\bin\nio.dll
0x00007ff821790000 - 0x00007ff8217a8000 	C:\Program Files\Java\jdk-18\bin\zip.dll
0x00007ff821780000 - 0x00007ff821790000 	C:\Program Files\Java\jdk-18\bin\verify.dll

dbghelp: loaded successfully - version: 4.0.5 - missing functions: none
symbol engine: initialized successfully - sym options: 0x614 - pdb path: .;C:\Program Files\Java\jdk-18\bin;C:\WINDOWS\SYSTEM32;C:\WINDOWS\WinSxS\amd64_microsoft.windows.common-controls_6595b64144ccf1df_6.0.19041.1110_none_60b5254171f9507e;C:\Program Files\Java\jdk-18\bin\server

VM Arguments:
jvm_args: -Dfile.encoding=UTF-8 
java_command: com.thoughtworks.gauge.GaugeRuntime
java_class_path (initial): C:\Users\testinium\.jdks\openjdk-18!\java.base;C:\Users\testinium\.jdks\openjdk-18!\java.compiler;C:\Users\testinium\.jdks\openjdk-18!\java.datatransfer;C:\Users\testinium\.jdks\openjdk-18!\java.desktop;C:\Users\testinium\.jdks\openjdk-18!\java.instrument;C:\Users\testinium\.jdks\openjdk-18!\java.logging;C:\Users\testinium\.jdks\openjdk-18!\java.management;C:\Users\testinium\.jdks\openjdk-18!\java.management.rmi;C:\Users\testinium\.jdks\openjdk-18!\java.naming;C:\Users\testinium\.jdks\openjdk-18!\java.net.http;C:\Users\testinium\.jdks\openjdk-18!\java.prefs;C:\Users\testinium\.jdks\openjdk-18!\java.rmi;C:\Users\testinium\.jdks\openjdk-18!\java.scripting;C:\Users\testinium\.jdks\openjdk-18!\java.se;C:\Users\testinium\.jdks\openjdk-18!\java.security.jgss;C:\Users\testinium\.jdks\openjdk-18!\java.security.sasl;C:\Users\testinium\.jdks\openjdk-18!\java.smartcardio;C:\Users\testinium\.jdks\openjdk-18!\java.sql;C:\Users\testinium\.jdks\openjdk-18!\java.sql.rowset;C:\Users\testinium\.jdks\openjdk-18!\java.transaction.xa;C:\Users\testinium\.jdks\openjdk-18!\java.xml;C:\Users\testinium\.jdks\openjdk-18!\java.xml.crypto;C:\Users\testinium\.jdks\openjdk-18!\jdk.accessibility;C:\Users\testinium\.jdks\openjdk-18!\jdk.attach;C:\Users\testinium\.jdks\openjdk-18!\jdk.charsets;C:\Users\testinium\.jdks\openjdk-18!\jdk.compiler;C:\Users\testinium\.jdks\openjdk-18!\jdk.crypto.cryptoki;C:\Users\testinium\.jdks\openjdk-18!\jdk.crypto.ec;C:\Users\testinium\.jdks\openjdk-18!\jdk.crypto.mscapi;C:\Users\testinium\.jdks\openjdk-18!\jdk.dynalink;C:\Users\testinium\.jdks\openjdk-18!\jdk.editpad;C:\Users\testinium\.jdks\openjdk-18!\jdk.hotspot.agent;C:\Users\testinium\.jdks\openjdk-18!\jdk.httpserver;C:\Users\testinium\.jdks\openjdk-18!\jdk.incubator.foreign;C:\Users\testinium\.jdks\openjdk-18!\jdk.incubator.vector;C:\Users\testinium\.jdks\openjdk-18!\jdk.internal.ed;C:\Users\testinium\.jdks\openjdk-18!\jdk.internal.jvmstat;C:\Users\testinium\.jdks\openjdk-18!\jdk.internal.le;C:\Users\testinium\.jdks\openjdk-18!\jdk.internal.opt;C:\Users\testinium\.jdks\openjdk-18!\jdk.internal.vm.ci;C:\Users\testinium\.jdks\openjdk-18!\jdk.internal.vm.compiler;C:\Users\testinium\.jdks\openjdk-18!\jdk.internal.vm.compiler.management;C:\Users\testinium\.jdks\openjdk-18!\jdk.jartool;C:\Users\testinium\.jdks\openjdk-18!\jdk.javadoc;C:\Users\testinium\.jdks\openjdk-18!\jdk.jcmd;C:\Users\testinium\.jdks\openjdk-18!\jdk.jconsole;C:\Users\testinium\.jdks\openjdk-18!\jdk.jdeps;C:\Users\testinium\.jdks\openjdk-18!\jdk.jdi;C:\Users\testinium\.jdks\openjdk-18!\jdk.jdwp.agent;C:\Users\testinium\.jdks\openjdk-18!\jdk.jfr;C:\Users\testinium\.jdks\openjdk-18!\jdk.jlink;C:\Users\testinium\.jdks\openjdk-18!\jdk.jpackage;C:\Users\testinium\.jdks\openjdk-18!\jdk.jshell;C:\Users\testinium\.jdks\openjdk-18!\jdk.jsobject;C:\Users\testinium\.jdks\openjdk-18!\jdk.jstatd;C:\Users\testinium\.jdks\openjdk-18!\jdk.localedata;C:\Users\testinium\.jdks\openjdk-18!\jdk.management;C:\Users\testinium\.jdks\openjdk-18!\jdk.management.agent;C:\Users\testinium\.jdks\openjdk-18!\jdk.management.jfr;C:\Users\testinium\.jdks\openjdk-18!\jdk.naming.dns;C:\Users\testinium\.jdks\openjdk-18!\jdk.naming.rmi;C:\Users\testinium\.jdks\openjdk-18!\jdk.net;C:\Users\testinium\.jdks\openjdk-18!\jdk.nio.mapmode;C:\Users\testinium\.jdks\openjdk-18!\jdk.random;C:\Users\testinium\.jdks\openjdk-18!\jdk.sctp;C:\Users\testinium\.jdks\openjdk-18!\jdk.security.auth;C:\Users\testinium\.jdks\openjdk-18!\jdk.security.jgss;C:\Users\testinium\.jdks\openjdk-18!\jdk.unsupported;C:\Users\testinium\.jdks\openjdk-18!\jdk.unsupported.desktop;C:\Users\testinium\.jdks\openjdk-18!\jdk.xml.dom;C:\Users\testinium\.jdks\openjdk-18!\jdk.zipfs;C:\Users\testinium\Desktop\OzdilekteyimMobilTest\target\test-classes;C:\Users\testinium\.m2\repository\junit\junit\4.12\junit-4.12.jar;C:\Users\testinium\.m2\repository\org\hamcrest\hamcrest-core\1.3\hamcrest-core-1.3.jar;C:\Users\testinium\.m2\repository\com\thoughtworks\gauge\gauge-java\0.7.3\gauge-java-0.7.3.jar;C:\Users\testinium\.m2\repository\org\assertj\assertj-core\3.14.0\assertj-core-3.14.0.jar;C:\Users\testinium\.m2\repository\org\reflections\reflections\0.9.11\reflections-0.9.11.jar;C:\Users\testinium\.m2\repository\org\javassist\javassist\3.21.0-GA\javassist-3.21.0-GA.jar;C:\Users\testinium\.m2\repository\com\github\javaparser\javaparser-core\2.5.1\javaparser-core-2.5.1.jar;C:\Users\testinium\.m2\repository\commons-io\commons-io\2.6\commons-io-2.6.jar;C:\Users\testinium\.m2\repository\commons-lang\commons-lang\2.6\commons-lang-2.6.jar;C:\Users\testinium\.m2\repository\org\json\json\20190722\json-20190722.jar;C:\Users\testinium\.m2\repository\com\google\protobuf\protobuf-java\3.10.0\protobuf-java-3.10.0.jar;C:\Users\testinium\.m2\repository\com\google\guava\guava\28.1-jre\guava-28.1-jre.jar;C:\Users\testinium\.m2\repository\com\google\guava\failureaccess\1.0.1\failureaccess-1.0.1.jar;C:\Users\testinium\.m2\repository\com\google\guava\listenablefuture\9999.0-empty-to-avoid-conflict-with-guava\listenablefuture-9999.0-empty-to-avoid-conflict-with-guava.jar;C:\Users\testinium\.m2\repository\com\google\code\findbugs\jsr305\3.0.2\jsr305-3.0.2.jar;C:\Users\testinium\.m2\repository\org\checkerframework\checker-qual\2.8.1\checker-qual-2.8.1.jar;C:\Users\testinium\.m2\repository\com\google\errorprone\error_prone_annotations\2.3.2\error_prone_annotations-2.3.2.jar;C:\Users\testinium\.m2\repository\com\google\j2objc\j2objc-annotations\1.3\j2objc-annotations-1.3.jar;C:\Users\testinium\.m2\repository\org\codehaus\mojo\animal-sniffer-annotations\1.18\animal-sniffer-annotations-1.18.jar;C:\Users\testinium\.m2\repository\io\grpc\grpc-netty-shaded\1.25.0\grpc-netty-shaded-1.25.0.jar;C:\Users\testinium\.m2\repository\io\grpc\grpc-core\1.25.0\grpc-core-1.25.0.jar;C:\Users\testinium\.m2\repository\io\grpc\grpc-api\1.25.0\grpc-api-1.25.0.jar;C:\Users\testinium\.m2\repository\io\grpc\grpc-context\1.25.0\grpc-context-1.25.0.jar;C:\Users\testinium\.m2\repository\com\google\android\annotations\4.1.1.4\annotations-4.1.1.4.jar;C:\Users\testinium\.m2\repository\io\perfmark\perfmark-api\0.19.0\perfmark-api-0.19.0.jar;C:\Users\testinium\.m2\repository\io\opencensus\opencensus-api\0.21.0\opencensus-api-0.21.0.jar;C:\Users\testinium\.m2\repository\io\opencensus\opencensus-contrib-grpc-metrics\0.21.0\opencensus-contrib-grpc-metrics-0.21.0.jar;C:\Users\testinium\.m2\repository\io\grpc\grpc-protobuf\1.24.1\grpc-protobuf-1.24.1.jar;C:\Users\testinium\.m2\repository\com\google\api\grpc\proto-google-common-protos\1.12.0\proto-google-common-protos-1.12.0.jar;C:\Users\testinium\.m2\repository\io\grpc\grpc-protobuf-lite\1.24.1\grpc-protobuf-lite-1.24.1.jar;C:\Users\testinium\.m2\repository\io\grpc\grpc-stub\1.24.1\grpc-stub-1.24.1.jar;C:\Users\testinium\.m2\repository\javax\annotation\javax.annotation-api\1.3.2\javax.annotation-api-1.3.2.jar;C:\Users\testinium\.m2\repository\io\appium\java-client\7.3.0\java-client-7.3.0.jar;C:\Users\testinium\.m2\repository\org\seleniumhq\selenium\selenium-java\3.141.59\selenium-java-3.141.59.jar;C:\Users\testinium\.m2\repository\org\seleniumhq\selenium\selenium-chrome-driver\3.141.59\selenium-chrome-driver-3.141.59.jar;C:\Users\testinium\.m2\repository\org\seleniumhq\selenium\selenium-edge-driver\3.141.59\selenium-edge-driver-3.141.59.jar;C:\Users\testinium\.m2\repository\org\seleniumhq\selenium\selenium-firefox-driver\3.141.59\selenium-firefox-driver-3.141.59.jar;C:\Users\testinium\.m2\repository\org\seleniumhq\selenium\selenium-ie-driver\3.141.59\selenium-ie-driver-3.141.59.jar;C:\Users\testinium\.m2\repository\org\seleniumhq\selenium\selenium-opera-driver\3.141.59\selenium-opera-driver-3.141.59.jar;C:\Users\testinium\.m2\repository\org\seleniumhq\selenium\selenium-remote-driver\3.141.59\selenium-remote-driver-3.141.59.jar;C:\Users\testinium\.m2\repository\org\seleniumhq\selenium\selenium-safari-driver\3.141.59\selenium-safari-driver-3.141.59.jar;C:\Users\testinium\.m2\repository\net\bytebuddy\byte-buddy\1.8.15\byte-buddy-1.8.15.jar;C:\Users\testinium\.m2\repository\org\apache\commons\commons-exec\1.3\commons-exec-1.3.jar;C:\Users\testinium\.m2\repository\com\squareup\okhttp3\okhttp\3.11.0\okhttp-3.11.0.jar;C:\Users\testinium\.m2\repository\com\squareup\okio\okio\1.14.0\okio-1.14.0.jar;C:\Users\testinium\.m2\repository\org\seleniumhq\selenium\selenium-support\3.141.59\selenium-support-3.141.59.jar;C:\Users\testinium\.m2\repository\org\seleniumhq\selenium\selenium-api\3.141.59\selenium-api-3.141.59.jar;C:\Users\testinium\.m2\repository\com\google\code\gson\gson\2.8.5\gson-2.8.5.jar;C:\Users\testinium\.m2\repository\org\apache\httpcomponents\httpclient\4.5.9\httpclient-4.5.9.jar;C:\Users\testinium\.m2\repository\org\apache\httpcomponents\httpcore\4.4.11\httpcore-4.4.11.jar;C:\Users\testinium\.m2\repository\commons-logging\commons-logging\1.2\commons-logging-1.2.jar;C:\Users\testinium\.m2\repository\commons-codec\commons-codec\1.11\commons-codec-1.11.jar;C:\Users\testinium\.m2\repository\cglib\cglib\3.2.12\cglib-3.2.12.jar;C:\Users\testinium\.m2\repository\org\ow2\asm\asm\7.1\asm-7.1.jar;C:\Users\testinium\.m2\repository\commons-validator\commons-validator\1.6\commons-validator-1.6.jar;C:\Users\testinium\.m2\repository\commons-beanutils\commons-beanutils\1.9.2\commons-beanutils-1.9.2.jar;C:\Users\testinium\.m2\repository\commons-digester\commons-digester\1.8.1\commons-digester-1.8.1.jar;C:\Users\testinium\.m2\repository\commons-collections\commons-collections\3.2.2\commons-collections-3.2.2.jar;C:\Users\testinium\.m2\repository\org\apache\commons\commons-lang3\3.9\commons-lang3-3.9.jar;C:\Users\testinium\.m2\repository\org\springframework\spring-context\5.1.8.RELEASE\spring-context-5.1.8.RELEASE.jar;C:\Users\testinium\.m2\repository\org\springframework\spring-aop\5.1.8.RELEASE\spring-aop-5.1.8.RELEASE.jar;C:\Users\testinium\.m2\repository\org\springframework\spring-beans\5.1.8.RELEASE\spring-beans-5.1.8.RELEASE.jar;C:\Users\testinium\.m2\repository\org\springframework\spring-core\5.1.8.RELEASE\spring-core-5.1.8.RELEASE.jar;C:\Users\testinium\.m2\repository\org\springframework\spring-jcl\5.1.8.RELEASE\spring-jcl-5.1.8.RELEASE.jar;C:\Users\testinium\.m2\repository\org\springframework\spring-expression\5.1.8.RELEASE\spring-expression-5.1.8.RELEASE.jar;C:\Users\testinium\.m2\repository\org\aspectj\aspectjweaver\1.9.4\aspectjweaver-1.9.4.jar;C:\Users\testinium\.m2\repository\org\slf4j\slf4j-api\1.7.30\slf4j-api-1.7.30.jar;C:\Users\testinium\.m2\repository\org\slf4j\slf4j-log4j12\1.7.30\slf4j-log4j12-1.7.30.jar;C:\Users\testinium\.m2\repository\log4j\log4j\1.2.17\log4j-1.2.17.jar
Launcher Type: SUN_STANDARD

[Global flags]
     intx CICompilerCount                          = 4                                         {product} {ergonomic}
     uint ConcGCThreads                            = 2                                         {product} {ergonomic}
     uint G1ConcRefinementThreads                  = 8                                         {product} {ergonomic}
   size_t G1HeapRegionSize                         = 1048576                                   {product} {ergonomic}
    uintx GCDrainStackTargetSize                   = 64                                        {product} {ergonomic}
   size_t InitialHeapSize                          = 130023424                                 {product} {ergonomic}
   size_t MarkStackSize                            = 4194304                                   {product} {ergonomic}
   size_t MaxHeapSize                              = 2069889024                                {product} {ergonomic}
   size_t MaxNewSize                               = 1241513984                                {product} {ergonomic}
   size_t MinHeapDeltaBytes                        = 1048576                                   {product} {ergonomic}
   size_t MinHeapSize                              = 8388608                                   {product} {ergonomic}
    uintx NonNMethodCodeHeapSize                   = 5839372                                {pd product} {ergonomic}
    uintx NonProfiledCodeHeapSize                  = 122909434                              {pd product} {ergonomic}
    uintx ProfiledCodeHeapSize                     = 122909434                              {pd product} {ergonomic}
    uintx ReservedCodeCacheSize                    = 251658240                              {pd product} {ergonomic}
     bool SegmentedCodeCache                       = true                                      {product} {ergonomic}
   size_t SoftMaxHeapSize                          = 2069889024                             {manageable} {ergonomic}
     bool UseCompressedClassPointers               = true                           {product lp64_product} {ergonomic}
     bool UseCompressedOops                        = true                           {product lp64_product} {ergonomic}
     bool UseG1GC                                  = true                                      {product} {ergonomic}
     bool UseLargePagesIndividualAllocation        = false                                  {pd product} {ergonomic}

Logging:
Log output configuration:
 #0: stdout all=warning uptime,level,tags foldmultilines=false
 #1: stderr all=off uptime,level,tags foldmultilines=false

Environment Variables:
JAVA_HOME=C:\Program Files\Java\jdk-18
CLASSPATH=C:\Users\testinium\.jdks\openjdk-18!\java.base;C:\Users\testinium\.jdks\openjdk-18!\java.compiler;C:\Users\testinium\.jdks\openjdk-18!\java.datatransfer;C:\Users\testinium\.jdks\openjdk-18!\java.desktop;C:\Users\testinium\.jdks\openjdk-18!\java.instrument;C:\Users\testinium\.jdks\openjdk-18!\java.logging;C:\Users\testinium\.jdks\openjdk-18!\java.management;C:\Users\testinium\.jdks\openjdk-18!\java.management.rmi;C:\Users\testinium\.jdks\openjdk-18!\java.naming;C:\Users\testinium\.jdks\openjdk-18!\java.net.http;C:\Users\testinium\.jdks\openjdk-18!\java.prefs;C:\Users\testinium\.jdks\openjdk-18!\java.rmi;C:\Users\testinium\.jdks\openjdk-18!\java.scripting;C:\Users\testinium\.jdks\openjdk-18!\java.se;C:\Users\testinium\.jdks\openjdk-18!\java.security.jgss;C:\Users\testinium\.jdks\openjdk-18!\java.security.sasl;C:\Users\testinium\.jdks\openjdk-18!\java.smartcardio;C:\Users\testinium\.jdks\openjdk-18!\java.sql;C:\Users\testinium\.jdks\openjdk-18!\java.sql.rowset;C:\Users\testinium\.jdks\openjdk-18!\java.transaction.xa;C:\Users\testinium\.jdks\openjdk-18!\java.xml;C:\Users\testinium\.jdks\openjdk-18!\java.xml.crypto;C:\Users\testinium\.jdks\openjdk-18!\jdk.accessibility;C:\Users\testinium\.jdks\openjdk-18!\jdk.attach;C:\Users\testinium\.jdks\openjdk-18!\jdk.charsets;C:\Users\testinium\.jdks\openjdk-18!\jdk.compiler;C:\Users\testinium\.jdks\openjdk-18!\jdk.crypto.cryptoki;C:\Users\testinium\.jdks\openjdk-18!\jdk.crypto.ec;C:\Users\testinium\.jdks\openjdk-18!\jdk.crypto.mscapi;C:\Users\testinium\.jdks\openjdk-18!\jdk.dynalink;C:\Users\testinium\.jdks\openjdk-18!\jdk.editpad;C:\Users\testinium\.jdks\openjdk-18!\jdk.hotspot.agent;C:\Users\testinium\.jdks\openjdk-18!\jdk.httpserver;C:\Users\testinium\.jdks\openjdk-18!\jdk.incubator.foreign;C:\Users\testinium\.jdks\openjdk-18!\jdk.incubator.vector;C:\Users\testinium\.jdks\openjdk-18!\jdk.internal.ed;C:\Users\testinium\.jdks\openjdk-18!\jdk.internal.jvmstat;C:\Users\testinium\.jdks\openjdk-18!\jdk.internal.le;C:\Users\testinium\.jdks\openjdk-18!\jdk.internal.opt;C:\Users\testinium\.jdks\openjdk-18!\jdk.internal.vm.ci;C:\Users\testinium\.jdks\openjdk-18!\jdk.internal.vm.compiler;C:\Users\testinium\.jdks\openjdk-18!\jdk.internal.vm.compiler.management;C:\Users\testinium\.jdks\openjdk-18!\jdk.jartool;C:\Users\testinium\.jdks\openjdk-18!\jdk.javadoc;C:\Users\testinium\.jdks\openjdk-18!\jdk.jcmd;C:\Users\testinium\.jdks\openjdk-18!\jdk.jconsole;C:\Users\testinium\.jdks\openjdk-18!\jdk.jdeps;C:\Users\testinium\.jdks\openjdk-18!\jdk.jdi;C:\Users\testinium\.jdks\openjdk-18!\jdk.jdwp.agent;C:\Users\testinium\.jdks\openjdk-18!\jdk.jfr;C:\Users\testinium\.jdks\openjdk-18!\jdk.jlink;C:\Users\testinium\.jdks\openjdk-18!\jdk.jpackage;C:\Users\testinium\.jdks\openjdk-18!\jdk.jshell;C:\Users\testinium\.jdks\openjdk-18!\jdk.jsobject;C:\Users\testinium\.jdks\openjdk-18!\jdk.jstatd;C:\Users\testinium\.jdks\openjdk-18!\jdk.localedata;C:\Users\testinium\.jdks\openjdk-18!\jdk.management;C:\Users\testinium\.jdks\openjdk-18!\jdk.management.agent;C:\Users\testinium\.jdks\openjdk-18!\jdk.management.jfr;C:\Users\testinium\.jdks\openjdk-18!\jdk.naming.dns;C:\Users\testinium\.jdks\openjdk-18!\jdk.naming.rmi;C:\Users\testinium\.jdks\openjdk-18!\jdk.net;C:\Users\testinium\.jdks\openjdk-18!\jdk.nio.mapmode;C:\Users\testinium\.jdks\openjdk-18!\jdk.random;C:\Users\testinium\.jdks\openjdk-18!\jdk.sctp;C:\Users\testinium\.jdks\openjdk-18!\jdk.security.auth;C:\Users\testinium\.jdks\openjdk-18!\jdk.security.jgss;C:\Users\testinium\.jdks\openjdk-18!\jdk.unsupported;C:\Users\testinium\.jdks\openjdk-18!\jdk.unsupported.desktop;C:\Users\testinium\.jdks\openjdk-18!\jdk.xml.dom;C:\Users\testinium\.jdks\openjdk-18!\jdk.zipfs;C:\Users\testinium\Desktop\OzdilekteyimMobilTest\target\test-classes;C:\Users\testinium\.m2\repository\junit\junit\4.12\junit-4.12.jar;C:\Users\testinium\.m2\repository\org\hamcrest\hamcrest-core\1.3\hamcrest-core-1.3.jar;C:\Users\testinium\.m2\repository\com\thoughtworks\gauge\gauge-java\0.7.3\gauge-java-0.7.3.jar;C:\Users\testinium\.m2\repository\org\assertj\assertj-core\3.14.0\assertj-core-3.14.0.jar;C:\Users\testinium\.m2\repository\org\reflections\reflections\0.9.11\reflections-0.9.11.jar;C:\Users\testinium\.m2\repository\org\javassist\javassist\3.21.0-GA\javassist-3.21.0-GA.jar;C:\Users\testinium\.m2\repository\com\github\javaparser\javaparser-core\2.5.1\javaparser-core-2.5.1.jar;C:\Users\testinium\.m2\repository\commons-io\commons-io\2.6\commons-io-2.6.jar;C:\Users\testinium\.m2\repository\commons-lang\commons-lang\2.6\commons-lang-2.6.jar;C:\Users\testinium\.m2\repository\org\json\json\20190722\json-20190722.jar;C:\Users\testinium\.m2\repository\com\google\protobuf\protobuf-java\3.10.0\protobuf-java-3.10.0.jar;C:\Users\testinium\.m2\repository\com\google\guava\guava\28.1-jre\guava-28.1-jre.jar;C:\Users\testinium\.m2\repository\com\google\guava\failureaccess\1.0.1\failureaccess-1.0.1.jar;C:\Users\testinium\.m2\repository\com\google\guava\listenablefuture\9999.0-empty-to-avoid-conflict-with-guava\listenablefuture-9999.0-empty-to-avoid-conflict-with-guava.jar;C:\Users\testinium\.m2\repository\com\google\code\findbugs\jsr305\3.0.2\jsr305-3.0.2.jar;C:\Users\testinium\.m2\repository\org\checkerframework\checker-qual\2.8.1\checker-qual-2.8.1.jar;C:\Users\testinium\.m2\repository\com\google\errorprone\error_prone_annotations\2.3.2\error_prone_annotations-2.3.2.jar;C:\Users\testinium\.m2\repository\com\google\j2objc\j2objc-annotations\1.3\j2objc-annotations-1.3.jar;C:\Users\testinium\.m2\repository\org\codehaus\mojo\animal-sniffer-annotations\1.18\animal-sniffer-annotations-1.18.jar;C:\Users\testinium\.m2\repository\io\grpc\grpc-netty-shaded\1.25.0\grpc-netty-shaded-1.25.0.jar;C:\Users\testinium\.m2\repository\io\grpc\grpc-core\1.25.0\grpc-core-1.25.0.jar;C:\Users\testinium\.m2\repository\io\grpc\grpc-api\1.25.0\grpc-api-1.25.0.jar;C:\Users\testinium\.m2\repository\io\grpc\grpc-context\1.25.0\grpc-context-1.25.0.jar;C:\Users\testinium\.m2\repository\com\google\android\annotations\4.1.1.4\annotations-4.1.1.4.jar;C:\Users\testinium\.m2\repository\io\perfmark\perfmark-api\0.19.0\perfmark-api-0.19.0.jar;C:\Users\testinium\.m2\repository\io\opencensus\opencensus-api\0.21.0\opencensus-api-0.21.0.jar;C:\Users\testinium\.m2\repository\io\opencensus\opencensus-contrib-grpc-metrics\0.21.0\opencensus-contrib-grpc-metrics-0.21.0.jar;C:\Users\testinium\.m2\repository\io\grpc\grpc-protobuf\1.24.1\grpc-protobuf-1.24.1.jar;C:\Users\testinium\.m2\repository\com\google\api\grpc\proto-google-common-protos\1.12.0\proto-google-common-protos-1.12.0.jar;C:\Users\testinium\.m2\repository\io\grpc\grpc-protobuf-lite\1.24.1\grpc-protobuf-lite-1.24.1.jar;C:\Users\testinium\.m2\repository\io\grpc\grpc-stub\1.24.1\grpc-stub-1.24.1.jar;C:\Users\testinium\.m2\repository\javax\annotation\javax.annotation-api\1.3.2\javax.annotation-api-1.3.2.jar;C:\Users\testinium\.m2\repository\io\appium\java-client\7.3.0\java-client-7.3.0.jar;C:\Users\testinium\.m2\repository\org\seleniumhq\selenium\selenium-java\3.141.59\selenium-java-3.141.59.jar;C:\Users\testinium\.m2\repository\org\seleniumhq\selenium\selenium-chrome-driver\3.141.59\selenium-chrome-driver-3.141.59.jar;C:\Users\testinium\.m2\repository\org\seleniumhq\selenium\selenium-edge-driver\3.141.59\selenium-edge-driver-3.141.59.jar;C:\Users\testinium\.m2\repository\org\seleniumhq\selenium\selenium-firefox-driver\3.141.59\selenium-firefox-driver-3.141.59.jar;C:\Users\testinium\.m2\repository\org\seleniumhq\selenium\selenium-ie-driver\3.141.59\selenium-ie-driver-3.141.59.jar;C:\Users\testinium\.m2\repository\org\seleniumhq\selenium\selenium-opera-driver\3.141.59\selenium-opera-driver-3.141.59.jar;C:\Users\testinium\.m2\repository\org\seleniumhq\selenium\selenium-remote-driver\3.141.59\selenium-remote-driver-3.141.59.jar;C:\Users\testinium\.m2\repository\org\seleniumhq\selenium\selenium-safari-driver\3.141.59\selenium-safari-driver-3.141.59.jar;C:\Users\testinium\.m2\repository\net\bytebuddy\byte-buddy\1.8.15\byte-buddy-1.8.15.jar;C:\Users\testinium\.m2\repository\org\apache\commons\commons-exec\1.3\commons-exec-1.3.jar;C:\Users\testinium\.m2\repository\com\squareup\okhttp3\okhttp\3.11.0\okhttp-3.11.0.jar;C:\Users\testinium\.m2\repository\com\squareup\okio\okio\1.14.0\okio-1.14.0.jar;C:\Users\testinium\.m2\repository\org\seleniumhq\selenium\selenium-support\3.141.59\selenium-support-3.141.59.jar;C:\Users\testinium\.m2\repository\org\seleniumhq\selenium\selenium-api\3.141.59\selenium-api-3.141.59.jar;C:\Users\testinium\.m2\repository\com\google\code\gson\gson\2.8.5\gson-2.8.5.jar;C:\Users\testinium\.m2\repository\org\apache\httpcomponents\httpclient\4.5.9\httpclient-4.5.9.jar;C:\Users\testinium\.m2\repository\org\apache\httpcomponents\httpcore\4.4.11\httpcore-4.4.11.jar;C:\Users\testinium\.m2\repository\commons-logging\commons-logging\1.2\commons-logging-1.2.jar;C:\Users\testinium\.m2\repository\commons-codec\commons-codec\1.11\commons-codec-1.11.jar;C:\Users\testinium\.m2\repository\cglib\cglib\3.2.12\cglib-3.2.12.jar;C:\Users\testinium\.m2\repository\org\ow2\asm\asm\7.1\asm-7.1.jar;C:\Users\testinium\.m2\repository\commons-validator\commons-validator\1.6\commons-validator-1.6.jar;C:\Users\testinium\.m2\repository\commons-beanutils\commons-beanutils\1.9.2\commons-beanutils-1.9.2.jar;C:\Users\testinium\.m2\repository\commons-digester\commons-digester\1.8.1\commons-digester-1.8.1.jar;C:\Users\testinium\.m2\repository\commons-collections\commons-collections\3.2.2\commons-collections-3.2.2.jar;C:\Users\testinium\.m2\repository\org\apache\commons\commons-lang3\3.9\commons-lang3-3.9.jar;C:\Users\testinium\.m2\repository\org\springframework\spring-context\5.1.8.RELEASE\spring-context-5.1.8.RELEASE.jar;C:\Users\testinium\.m2\repository\org\springframework\spring-aop\5.1.8.RELEASE\spring-aop-5.1.8.RELEASE.jar;C:\Users\testinium\.m2\repository\org\springframework\spring-beans\5.1.8.RELEASE\spring-beans-5.1.8.RELEASE.jar;C:\Users\testinium\.m2\repository\org\springframework\spring-core\5.1.8.RELEASE\spring-core-5.1.8.RELEASE.jar;C:\Users\testinium\.m2\repository\org\springframework\spring-jcl\5.1.8.RELEASE\spring-jcl-5.1.8.RELEASE.jar;C:\Users\testinium\.m2\repository\org\springframework\spring-expression\5.1.8.RELEASE\spring-expression-5.1.8.RELEASE.jar;C:\Users\testinium\.m2\repository\org\aspectj\aspectjweaver\1.9.4\aspectjweaver-1.9.4.jar;C:\Users\testinium\.m2\repository\org\slf4j\slf4j-api\1.7.30\slf4j-api-1.7.30.jar;C:\Users\testinium\.m2\repository\org\slf4j\slf4j-log4j12\1.7.30\slf4j-log4j12-1.7.30.jar;C:\Users\testinium\.m2\repository\log4j\log4j\1.2.17\log4j-1.2.17.jar
PATH=C:\Program Files\Common Files\Oracle\Java\javapath;C:\Windows\system32;C:\Windows;C:\Windows\System32\Wbem;C:\Windows\System32\WindowsPowerShell\v1.0\;C:\Windows\System32\OpenSSH\;C:\Program Files\NVIDIA Corporation\NVIDIA NvDLISR;C:\Program Files\Git\cmd;C:\WINDOWS\system32;C:\WINDOWS;C:\WINDOWS\System32\Wbem;C:\WINDOWS\System32\WindowsPowerShell\v1.0\;C:\WINDOWS\System32\OpenSSH\;C:\Program Files (x86)\Micro Focus\Unified Functional Testing\bin;C:\Program Files\nodejs\;C:\Program Files\Gauge\bin;C:\Users\testinium\AppData\Local\Android\Sdk\platform-tools;C:\Users\testinium\AppData\Local\Android\Sdk\build-tools;C:\Users\testinium\AppData\Local\Android\Sdk\platforms;C:\Program Files\maven\apache-maven-3.8.5\bin;C:\Users\testinium\AppData\Local\Microsoft\WindowsApps;C:\Users\testinium\AppData\Local\GitHubDesktop\bin;C:\Users\testinium\AppData\Roaming\npm;C:\Program Files\apache-maven-3.8.5-bin;;C:\Users\testinium\AppData\Roaming\gauge\plugins\screenshot\0.0.1
USERNAME=testinium
OS=Windows_NT
PROCESSOR_IDENTIFIER=Intel64 Family 6 Model 140 Stepping 1, GenuineIntel



---------------  S Y S T E M  ---------------

OS:
 Windows 10 , 64 bit Build 19041 (10.0.19041.1566)
OS uptime: 0 days 3:27 hours

CPU: total 8 (initial active 8) (4 cores per cpu, 2 threads per core) family 6 model 140 stepping 1 microcode 0x66, cx8, cmov, fxsr, ht, mmx, 3dnowpref, sse, sse2, sse3, ssse3, sse4.1, sse4.2, popcnt, lzcnt, tsc, tscinvbit, avx, avx2, aes, erms, clmul, bmi1, bmi2, adx, avx512f, avx512dq, avx512cd, avx512bw, avx512vl, sha, fma, vzeroupper, avx512_vpopcntdq, avx512_vpclmulqdq, avx512_vaes, avx512_vnni, clflush, clflushopt, clwb, avx512_vbmi2, avx512_vbmi

Memory: 4k page, system-wide physical 7894M (24M free)
TotalPageFile size 32470M (AvailPageFile size 13M)
current process WorkingSet (physical memory assigned to process): 214M, peak: 215M
current process commit charge ("private bytes"): 302M, peak: 338M

vm_info: Java HotSpot(TM) 64-Bit Server VM (18+36-2087) for windows-amd64 JRE (18+36-2087), built on Feb 15 2022 09:43:11 by "mach5one" with MS VC++ 16.8 / 16.9 (VS2019)

END.
