#
# There is insufficient memory for the Java Runtime Environment to continue.
# Native memory allocation (mmap) failed to map 37748736 bytes for G1 virtual space
# Possible reasons:
#   The system is out of physical RAM or swap space
#   The process is running with CompressedOops enabled, and the Java Heap may be blocking the growth of the native heap
# Possible solutions:
#   Reduce memory load on the system
#   Increase physical memory or swap space
#   Check if swap backing store is full
#   Decrease Java heap size (-Xmx/-Xms)
#   Decrease number of Java threads
#   Decrease Java thread stack sizes (-Xss)
#   Set larger code cache with -XX:ReservedCodeCacheSize=
#   JVM is running with Unscaled Compressed Oops mode in which the Java heap is
#     placed in the first 4GB address space. The Java Heap base address is the
#     maximum limit for the native heap growth. Please use -XX:HeapBaseMinAddress
#     to set the Java Heap base and to place the Java Heap above 4GB virtual address.
# This output file may be truncated or incomplete.
#
#  Out of Memory Error (os_windows.cpp:3530), pid=14516, tid=7248
#
# JRE version: Java(TM) SE Runtime Environment (18.0+36) (build 18+36-2087)
# Java VM: Java HotSpot(TM) 64-Bit Server VM (18+36-2087, mixed mode, sharing, tiered, compressed oops, compressed class ptrs, g1 gc, windows-amd64)
# No core dump will be written. Minidumps are not enabled by default on client versions of Windows
#

---------------  S U M M A R Y ------------

Command Line: -Dfile.encoding=UTF-8 com.thoughtworks.gauge.GaugeRuntime

Host: 11th Gen Intel(R) Core(TM) i5-1135G7 @ 2.40GHz, 8 cores, 7G,  Windows 10 , 64 bit Build 19041 (10.0.19041.1566)
Time: Mon Apr  4 13:11:26 2022 Türkiye Standart Saati elapsed time: 3.542275 seconds (0d 0h 0m 3s)

---------------  T H R E A D  ---------------

Current thread (0x0000029d204596e0):  VMThread "VM Thread" [stack: 0x000000fe4fe00000,0x000000fe4ff00000] [id=7248]

Stack: [0x000000fe4fe00000,0x000000fe4ff00000]
Native frames: (J=compiled Java code, j=interpreted, Vv=VM code, C=native code)
V  [jvm.dll+0x69804a]
V  [jvm.dll+0x7f308d]
V  [jvm.dll+0x7f499e]
V  [jvm.dll+0x7f5053]
V  [jvm.dll+0x25ca3f]
V  [jvm.dll+0x694f99]
V  [jvm.dll+0x689aca]
V  [jvm.dll+0x321efb]
V  [jvm.dll+0x3298d6]
V  [jvm.dll+0x37e47e]
V  [jvm.dll+0x37e6af]
V  [jvm.dll+0x2f9c7a]
V  [jvm.dll+0x2f9d27]
V  [jvm.dll+0x33e262]
V  [jvm.dll+0x33c804]
V  [jvm.dll+0x2f9450]
V  [jvm.dll+0x33bddb]
V  [jvm.dll+0x7f9e3b]
V  [jvm.dll+0x7fabd4]
V  [jvm.dll+0x7fb10c]
V  [jvm.dll+0x7fb564]
V  [jvm.dll+0x7fb627]
V  [jvm.dll+0x79fbba]
V  [jvm.dll+0x696ef5]
C  [ucrtbase.dll+0x21bb2]
C  [KERNEL32.DLL+0x17034]
C  [ntdll.dll+0x52651]

VM_Operation (0x000000fe50ffe930): G1CollectForAllocation, mode: safepoint, requested by thread 0x0000029d43ed8680


---------------  P R O C E S S  ---------------

Threads class SMR info:
_java_thread_list=0x0000029d438abeb0, length=13, elements={
0x0000029d203debe0, 0x0000029d3e3790c0, 0x0000029d3e379970, 0x0000029d3e392070,
0x0000029d3e392920, 0x0000029d3e3951e0, 0x0000029d3e397aa0, 0x0000029d3e398680,
0x0000029d3e398f70, 0x0000029d3e399860, 0x0000029d429ea670, 0x0000029d429f3150,
0x0000029d43ed8680
}

Java Threads: ( => current thread )
  0x0000029d203debe0 JavaThread "main" [_thread_blocked, id=9888, stack(0x000000fe4f800000,0x000000fe4f900000)]
  0x0000029d3e3790c0 JavaThread "Reference Handler" daemon [_thread_blocked, id=15352, stack(0x000000fe4ff00000,0x000000fe50000000)]
  0x0000029d3e379970 JavaThread "Finalizer" daemon [_thread_blocked, id=14908, stack(0x000000fe50000000,0x000000fe50100000)]
  0x0000029d3e392070 JavaThread "Signal Dispatcher" daemon [_thread_blocked, id=12300, stack(0x000000fe50100000,0x000000fe50200000)]
  0x0000029d3e392920 JavaThread "Attach Listener" daemon [_thread_blocked, id=12012, stack(0x000000fe50200000,0x000000fe50300000)]
  0x0000029d3e3951e0 JavaThread "Service Thread" daemon [_thread_blocked, id=12876, stack(0x000000fe50300000,0x000000fe50400000)]
  0x0000029d3e397aa0 JavaThread "Monitor Deflation Thread" daemon [_thread_blocked, id=12052, stack(0x000000fe50400000,0x000000fe50500000)]
  0x0000029d3e398680 JavaThread "C2 CompilerThread0" daemon [_thread_blocked, id=6084, stack(0x000000fe50500000,0x000000fe50600000)]
  0x0000029d3e398f70 JavaThread "C1 CompilerThread0" daemon [_thread_blocked, id=6660, stack(0x000000fe50600000,0x000000fe50700000)]
  0x0000029d3e399860 JavaThread "Sweeper thread" daemon [_thread_blocked, id=7148, stack(0x000000fe50700000,0x000000fe50800000)]
  0x0000029d429ea670 JavaThread "Notification Thread" daemon [_thread_blocked, id=5888, stack(0x000000fe50800000,0x000000fe50900000)]
  0x0000029d429f3150 JavaThread "Common-Cleaner" daemon [_thread_blocked, id=8052, stack(0x000000fe50a00000,0x000000fe50b00000)]
  0x0000029d43ed8680 JavaThread "Thread-0" [_thread_blocked, id=14620, stack(0x000000fe50f00000,0x000000fe51000000)]

Other Threads:
=>0x0000029d204596e0 VMThread "VM Thread" [stack: 0x000000fe4fe00000,0x000000fe4ff00000] [id=7248]
  0x0000029d429eed20 WatcherThread "VM Periodic Task Thread" [stack: 0x000000fe50900000,0x000000fe50a00000] [id=628]
  0x0000029d2043d3a0 WorkerThread "GC Thread#0" [stack: 0x000000fe4f900000,0x000000fe4fa00000] [id=8076]
  0x0000029d42f6b540 WorkerThread "GC Thread#1" [stack: 0x000000fe50b00000,0x000000fe50c00000] [id=13436]
  0x0000029d43010bb0 WorkerThread "GC Thread#2" [stack: 0x000000fe50c00000,0x000000fe50d00000] [id=7364]
  0x0000029d432bf6f0 WorkerThread "GC Thread#3" [stack: 0x000000fe50d00000,0x000000fe50e00000] [id=15276]
  0x0000029d432bf990 WorkerThread "GC Thread#4" [stack: 0x000000fe50e00000,0x000000fe50f00000] [id=11856]
  0x0000029d43990fc0 WorkerThread "GC Thread#5" [stack: 0x000000fe51000000,0x000000fe51100000] [id=2916]
  0x0000029d43991260 WorkerThread "GC Thread#6" [stack: 0x000000fe51100000,0x000000fe51200000] [id=14096]
  0x0000029d438b0030 WorkerThread "GC Thread#7" [stack: 0x000000fe51200000,0x000000fe51300000] [id=5256]
  0x0000029d2044e8b0 ConcurrentGCThread "G1 Main Marker" [stack: 0x000000fe4fa00000,0x000000fe4fb00000] [id=15136]
  0x0000029d2044f1b0 WorkerThread "G1 Conc#0" [stack: 0x000000fe4fb00000,0x000000fe4fc00000] [id=11648]
  0x0000029d2048eab0 ConcurrentGCThread "G1 Refine#0" [stack: 0x000000fe4fc00000,0x000000fe4fd00000] [id=14432]
  0x0000029d3e235510 ConcurrentGCThread "G1 Service" [stack: 0x000000fe4fd00000,0x000000fe4fe00000] [id=11568]

Threads with active compile tasks:

VM state: at safepoint (normal execution)

VM Mutex/Monitor currently owned by a thread:  ([mutex/lock_event])
[0x0000029d203d8e90] Threads_lock - owner thread: 0x0000029d204596e0
[0x0000029d203d8fb0] Heap_lock - owner thread: 0x0000029d43ed8680

Heap address: 0x0000000084a00000, size: 1974 MB, Compressed Oops mode: 32-bit

CDS archive(s) mapped at: [0x0000000800000000-0x0000000800ba0000-0x0000000800ba0000), size 12189696, SharedBaseAddress: 0x0000000800000000, ArchiveRelocationMode: 0.
Compressed class space mapped at: 0x0000000800c00000-0x0000000840c00000, reserved size: 1073741824
Narrow klass base: 0x0000000800000000, Narrow klass shift: 0, Narrow klass range: 0x100000000

GC Precious Log:
 CardTable entry size: 512
 Card Set container configuration: InlinePtr #cards 5 size 8 Array Of Cards #cards 12 size 40 Howl #buckets 4 coarsen threshold 1843 Howl Bitmap #cards 512 size 80 coarsen threshold 460 Card regions per heap region 1 cards per card region 2048
 CPUs: 8 total, 8 available
 Memory: 7894M
 Large Page Support: Disabled
 NUMA Support: Disabled
 Compressed Oops: Enabled (32-bit)
 Heap Region Size: 1M
 Heap Min Capacity: 8M
 Heap Initial Capacity: 124M
 Heap Max Capacity: 1974M
 Pre-touch: Disabled
 Parallel Workers: 8
 Concurrent Workers: 2
 Concurrent Refinement Workers: 8
 Periodic GC: Disabled

Heap:
 garbage-first heap   total 183296K, used 15756K [0x0000000084a00000, 0x0000000100000000)
  region size 1024K, 9 young (9216K), 9 survivors (9216K)
 Metaspace       used 9360K, committed 9536K, reserved 1114112K
  class space    used 1448K, committed 1536K, reserved 1048576K

Heap Regions: E=young(eden), S=young(survivor), O=old, HS=humongous(starts), HC=humongous(continues), CS=collection set, F=free, OA=open archive, CA=closed archive, TAMS=top-at-mark-start (previous, next)
|   0|0x0000000084a00000, 0x0000000084b00000, 0x0000000084b00000|100%| O|  |TAMS 0x0000000084a00000, 0x0000000084a00000| Untracked 
|   1|0x0000000084b00000, 0x0000000084c00000, 0x0000000084c00000|100%| O|  |TAMS 0x0000000084b00000, 0x0000000084b00000| Untracked 
|   2|0x0000000084c00000, 0x0000000084d00000, 0x0000000084d00000|100%| O|  |TAMS 0x0000000084c00000, 0x0000000084c00000| Untracked 
|   3|0x0000000084d00000, 0x0000000084e00000, 0x0000000084e00000|100%| O|  |TAMS 0x0000000084d00000, 0x0000000084d00000| Untracked 
|   4|0x0000000084e00000, 0x0000000084f00000, 0x0000000084f00000|100%| O|  |TAMS 0x0000000084e00000, 0x0000000084e00000| Untracked 
|   5|0x0000000084f00000, 0x0000000085000000, 0x0000000085000000|100%| O|  |TAMS 0x0000000084f00000, 0x0000000084f00000| Untracked 
|   6|0x0000000085000000, 0x0000000085100000, 0x0000000085100000|100%| O|  |TAMS 0x0000000085000000, 0x0000000085000000| Untracked 
|   7|0x0000000085100000, 0x0000000085105200, 0x0000000085200000|  2%| O|  |TAMS 0x0000000085100000, 0x0000000085100000| Untracked 
|   8|0x0000000085200000, 0x0000000085200000, 0x0000000085300000|  0%| F|  |TAMS 0x0000000085200000, 0x0000000085200000| Untracked 
|   9|0x0000000085300000, 0x0000000085300000, 0x0000000085400000|  0%| F|  |TAMS 0x0000000085300000, 0x0000000085300000| Untracked 
|  10|0x0000000085400000, 0x0000000085400000, 0x0000000085500000|  0%| F|  |TAMS 0x0000000085400000, 0x0000000085400000| Untracked 
|  11|0x0000000085500000, 0x0000000085500000, 0x0000000085600000|  0%| F|  |TAMS 0x0000000085500000, 0x0000000085500000| Untracked 
|  12|0x0000000085600000, 0x0000000085600000, 0x0000000085700000|  0%| F|  |TAMS 0x0000000085600000, 0x0000000085600000| Untracked 
|  13|0x0000000085700000, 0x0000000085700000, 0x0000000085800000|  0%| F|  |TAMS 0x0000000085700000, 0x0000000085700000| Untracked 
|  14|0x0000000085800000, 0x0000000085800000, 0x0000000085900000|  0%| F|  |TAMS 0x0000000085800000, 0x0000000085800000| Untracked 
|  15|0x0000000085900000, 0x0000000085900000, 0x0000000085a00000|  0%| F|  |TAMS 0x0000000085900000, 0x0000000085900000| Untracked 
|  16|0x0000000085a00000, 0x0000000085a00000, 0x0000000085b00000|  0%| F|  |TAMS 0x0000000085a00000, 0x0000000085a00000| Untracked 
|  17|0x0000000085b00000, 0x0000000085b00000, 0x0000000085c00000|  0%| F|  |TAMS 0x0000000085b00000, 0x0000000085b00000| Untracked 
|  18|0x0000000085c00000, 0x0000000085c00000, 0x0000000085d00000|  0%| F|  |TAMS 0x0000000085c00000, 0x0000000085c00000| Untracked 
|  19|0x0000000085d00000, 0x0000000085d00000, 0x0000000085e00000|  0%| F|  |TAMS 0x0000000085d00000, 0x0000000085d00000| Untracked 
|  20|0x0000000085e00000, 0x0000000085e00000, 0x0000000085f00000|  0%| F|  |TAMS 0x0000000085e00000, 0x0000000085e00000| Untracked 
|  21|0x0000000085f00000, 0x0000000085f00000, 0x0000000086000000|  0%| F|  |TAMS 0x0000000085f00000, 0x0000000085f00000| Untracked 
|  22|0x0000000086000000, 0x0000000086000000, 0x0000000086100000|  0%| F|  |TAMS 0x0000000086000000, 0x0000000086000000| Untracked 
|  23|0x0000000086100000, 0x0000000086100000, 0x0000000086200000|  0%| F|  |TAMS 0x0000000086100000, 0x0000000086100000| Untracked 
|  24|0x0000000086200000, 0x0000000086200000, 0x0000000086300000|  0%| F|  |TAMS 0x0000000086200000, 0x0000000086200000| Untracked 
|  25|0x0000000086300000, 0x0000000086300000, 0x0000000086400000|  0%| F|  |TAMS 0x0000000086300000, 0x0000000086300000| Untracked 
|  26|0x0000000086400000, 0x0000000086400000, 0x0000000086500000|  0%| F|  |TAMS 0x0000000086400000, 0x0000000086400000| Untracked 
|  27|0x0000000086500000, 0x0000000086500000, 0x0000000086600000|  0%| F|  |TAMS 0x0000000086500000, 0x0000000086500000| Untracked 
|  28|0x0000000086600000, 0x0000000086600000, 0x0000000086700000|  0%| F|  |TAMS 0x0000000086600000, 0x0000000086600000| Untracked 
|  29|0x0000000086700000, 0x0000000086700000, 0x0000000086800000|  0%| F|  |TAMS 0x0000000086700000, 0x0000000086700000| Untracked 
|  30|0x0000000086800000, 0x0000000086800000, 0x0000000086900000|  0%| F|  |TAMS 0x0000000086800000, 0x0000000086800000| Untracked 
|  31|0x0000000086900000, 0x0000000086900000, 0x0000000086a00000|  0%| F|  |TAMS 0x0000000086900000, 0x0000000086900000| Untracked 
|  32|0x0000000086a00000, 0x0000000086a00000, 0x0000000086b00000|  0%| F|  |TAMS 0x0000000086a00000, 0x0000000086a00000| Untracked 
|  33|0x0000000086b00000, 0x0000000086b00000, 0x0000000086c00000|  0%| F|  |TAMS 0x0000000086b00000, 0x0000000086b00000| Untracked 
|  34|0x0000000086c00000, 0x0000000086c00000, 0x0000000086d00000|  0%| F|  |TAMS 0x0000000086c00000, 0x0000000086c00000| Untracked 
|  35|0x0000000086d00000, 0x0000000086d00000, 0x0000000086e00000|  0%| F|  |TAMS 0x0000000086d00000, 0x0000000086d00000| Untracked 
|  36|0x0000000086e00000, 0x0000000086e00000, 0x0000000086f00000|  0%| F|  |TAMS 0x0000000086e00000, 0x0000000086e00000| Untracked 
|  37|0x0000000086f00000, 0x0000000086f00000, 0x0000000087000000|  0%| F|  |TAMS 0x0000000086f00000, 0x0000000086f00000| Untracked 
|  38|0x0000000087000000, 0x0000000087000000, 0x0000000087100000|  0%| F|  |TAMS 0x0000000087000000, 0x0000000087000000| Untracked 
|  39|0x0000000087100000, 0x0000000087100000, 0x0000000087200000|  0%| F|  |TAMS 0x0000000087100000, 0x0000000087100000| Untracked 
|  40|0x0000000087200000, 0x0000000087200000, 0x0000000087300000|  0%| F|  |TAMS 0x0000000087200000, 0x0000000087200000| Untracked 
|  41|0x0000000087300000, 0x0000000087300000, 0x0000000087400000|  0%| F|  |TAMS 0x0000000087300000, 0x0000000087300000| Untracked 
|  42|0x0000000087400000, 0x0000000087400000, 0x0000000087500000|  0%| F|  |TAMS 0x0000000087400000, 0x0000000087400000| Untracked 
|  43|0x0000000087500000, 0x0000000087500000, 0x0000000087600000|  0%| F|  |TAMS 0x0000000087500000, 0x0000000087500000| Untracked 
|  44|0x0000000087600000, 0x0000000087600000, 0x0000000087700000|  0%| F|  |TAMS 0x0000000087600000, 0x0000000087600000| Untracked 
|  45|0x0000000087700000, 0x0000000087700000, 0x0000000087800000|  0%| F|  |TAMS 0x0000000087700000, 0x0000000087700000| Untracked 
|  46|0x0000000087800000, 0x0000000087800000, 0x0000000087900000|  0%| F|  |TAMS 0x0000000087800000, 0x0000000087800000| Untracked 
|  47|0x0000000087900000, 0x0000000087900000, 0x0000000087a00000|  0%| F|  |TAMS 0x0000000087900000, 0x0000000087900000| Untracked 
|  48|0x0000000087a00000, 0x0000000087a00000, 0x0000000087b00000|  0%| F|  |TAMS 0x0000000087a00000, 0x0000000087a00000| Untracked 
|  49|0x0000000087b00000, 0x0000000087b00000, 0x0000000087c00000|  0%| F|  |TAMS 0x0000000087b00000, 0x0000000087b00000| Untracked 
|  50|0x0000000087c00000, 0x0000000087c00000, 0x0000000087d00000|  0%| F|  |TAMS 0x0000000087c00000, 0x0000000087c00000| Untracked 
|  51|0x0000000087d00000, 0x0000000087d00000, 0x0000000087e00000|  0%| F|  |TAMS 0x0000000087d00000, 0x0000000087d00000| Untracked 
|  52|0x0000000087e00000, 0x0000000087e00000, 0x0000000087f00000|  0%| F|  |TAMS 0x0000000087e00000, 0x0000000087e00000| Untracked 
|  53|0x0000000087f00000, 0x0000000087f00000, 0x0000000088000000|  0%| F|  |TAMS 0x0000000087f00000, 0x0000000087f00000| Untracked 
|  54|0x0000000088000000, 0x0000000088000000, 0x0000000088100000|  0%| F|  |TAMS 0x0000000088000000, 0x0000000088000000| Untracked 
|  55|0x0000000088100000, 0x0000000088100000, 0x0000000088200000|  0%| F|  |TAMS 0x0000000088100000, 0x0000000088100000| Untracked 
|  56|0x0000000088200000, 0x0000000088200000, 0x0000000088300000|  0%| F|  |TAMS 0x0000000088200000, 0x0000000088200000| Untracked 
|  57|0x0000000088300000, 0x0000000088300000, 0x0000000088400000|  0%| F|  |TAMS 0x0000000088300000, 0x0000000088300000| Untracked 
|  58|0x0000000088400000, 0x0000000088400000, 0x0000000088500000|  0%| F|  |TAMS 0x0000000088400000, 0x0000000088400000| Untracked 
|  59|0x0000000088500000, 0x0000000088500000, 0x0000000088600000|  0%| F|  |TAMS 0x0000000088500000, 0x0000000088500000| Untracked 
|  60|0x0000000088600000, 0x0000000088600000, 0x0000000088700000|  0%| F|  |TAMS 0x0000000088600000, 0x0000000088600000| Untracked 
|  61|0x0000000088700000, 0x0000000088700000, 0x0000000088800000|  0%| F|  |TAMS 0x0000000088700000, 0x0000000088700000| Untracked 
|  62|0x0000000088800000, 0x0000000088800000, 0x0000000088900000|  0%| F|  |TAMS 0x0000000088800000, 0x0000000088800000| Untracked 
|  63|0x0000000088900000, 0x0000000088900000, 0x0000000088a00000|  0%| F|  |TAMS 0x0000000088900000, 0x0000000088900000| Untracked 
|  64|0x0000000088a00000, 0x0000000088a5e0d0, 0x0000000088b00000| 36%| S|CS|TAMS 0x0000000088a00000, 0x0000000088a00000| Complete 
|  65|0x0000000088b00000, 0x0000000088c00000, 0x0000000088c00000|100%| S|CS|TAMS 0x0000000088b00000, 0x0000000088b00000| Complete 
|  66|0x0000000088c00000, 0x0000000088d00000, 0x0000000088d00000|100%| S|CS|TAMS 0x0000000088c00000, 0x0000000088c00000| Complete 
|  67|0x0000000088d00000, 0x0000000088e00000, 0x0000000088e00000|100%| S|CS|TAMS 0x0000000088d00000, 0x0000000088d00000| Complete 
|  68|0x0000000088e00000, 0x0000000088f00000, 0x0000000088f00000|100%| S|CS|TAMS 0x0000000088e00000, 0x0000000088e00000| Complete 
|  69|0x0000000088f00000, 0x0000000089000000, 0x0000000089000000|100%| S|CS|TAMS 0x0000000088f00000, 0x0000000088f00000| Complete 
|  70|0x0000000089000000, 0x0000000089100000, 0x0000000089100000|100%| S|CS|TAMS 0x0000000089000000, 0x0000000089000000| Complete 
|  71|0x0000000089100000, 0x0000000089200000, 0x0000000089200000|100%| S|CS|TAMS 0x0000000089100000, 0x0000000089100000| Complete 
|  72|0x0000000089200000, 0x0000000089200000, 0x0000000089300000|  0%| F|  |TAMS 0x0000000089200000, 0x0000000089200000| Untracked 
|  73|0x0000000089300000, 0x0000000089300000, 0x0000000089400000|  0%| F|  |TAMS 0x0000000089300000, 0x0000000089300000| Untracked 
|  74|0x0000000089400000, 0x0000000089400000, 0x0000000089500000|  0%| F|  |TAMS 0x0000000089400000, 0x0000000089400000| Untracked 
|  75|0x0000000089500000, 0x0000000089500000, 0x0000000089600000|  0%| F|  |TAMS 0x0000000089500000, 0x0000000089500000| Untracked 
|  76|0x0000000089600000, 0x0000000089600000, 0x0000000089700000|  0%| F|  |TAMS 0x0000000089600000, 0x0000000089600000| Untracked 
|  77|0x0000000089700000, 0x0000000089700000, 0x0000000089800000|  0%| F|  |TAMS 0x0000000089700000, 0x0000000089700000| Untracked 
|  78|0x0000000089800000, 0x0000000089800000, 0x0000000089900000|  0%| F|  |TAMS 0x0000000089800000, 0x0000000089800000| Untracked 
|  79|0x0000000089900000, 0x0000000089900000, 0x0000000089a00000|  0%| F|  |TAMS 0x0000000089900000, 0x0000000089900000| Untracked 
|  80|0x0000000089a00000, 0x0000000089b00000, 0x0000000089b00000|100%| S|CS|TAMS 0x0000000089a00000, 0x0000000089a00000| Complete 
|  81|0x0000000089b00000, 0x0000000089b00000, 0x0000000089c00000|  0%| F|  |TAMS 0x0000000089b00000, 0x0000000089b00000| Untracked 
|  82|0x0000000089c00000, 0x0000000089c00000, 0x0000000089d00000|  0%| F|  |TAMS 0x0000000089c00000, 0x0000000089c00000| Untracked 
|  83|0x0000000089d00000, 0x0000000089d00000, 0x0000000089e00000|  0%| F|  |TAMS 0x0000000089d00000, 0x0000000089d00000| Untracked 
|  84|0x0000000089e00000, 0x0000000089e00000, 0x0000000089f00000|  0%| F|  |TAMS 0x0000000089e00000, 0x0000000089e00000| Untracked 
|  85|0x0000000089f00000, 0x0000000089f00000, 0x000000008a000000|  0%| F|  |TAMS 0x0000000089f00000, 0x0000000089f00000| Untracked 
|  86|0x000000008a000000, 0x000000008a000000, 0x000000008a100000|  0%| F|  |TAMS 0x000000008a000000, 0x000000008a000000| Untracked 
|  87|0x000000008a100000, 0x000000008a100000, 0x000000008a200000|  0%| F|  |TAMS 0x000000008a100000, 0x000000008a100000| Untracked 
|  88|0x000000008a200000, 0x000000008a200000, 0x000000008a300000|  0%| F|  |TAMS 0x000000008a200000, 0x000000008a200000| Untracked 
|  89|0x000000008a300000, 0x000000008a300000, 0x000000008a400000|  0%| F|  |TAMS 0x000000008a300000, 0x000000008a300000| Untracked 
|  90|0x000000008a400000, 0x000000008a400000, 0x000000008a500000|  0%| F|  |TAMS 0x000000008a400000, 0x000000008a400000| Untracked 
|  91|0x000000008a500000, 0x000000008a500000, 0x000000008a600000|  0%| F|  |TAMS 0x000000008a500000, 0x000000008a500000| Untracked 
|  92|0x000000008a600000, 0x000000008a600000, 0x000000008a700000|  0%| F|  |TAMS 0x000000008a600000, 0x000000008a600000| Untracked 
|  93|0x000000008a700000, 0x000000008a700000, 0x000000008a800000|  0%| F|  |TAMS 0x000000008a700000, 0x000000008a700000| Untracked 
|  94|0x000000008a800000, 0x000000008a800000, 0x000000008a900000|  0%| F|  |TAMS 0x000000008a800000, 0x000000008a800000| Untracked 
|  95|0x000000008a900000, 0x000000008a900000, 0x000000008aa00000|  0%| F|  |TAMS 0x000000008a900000, 0x000000008a900000| Untracked 
|  96|0x000000008aa00000, 0x000000008aa00000, 0x000000008ab00000|  0%| F|  |TAMS 0x000000008aa00000, 0x000000008aa00000| Untracked 
|  97|0x000000008ab00000, 0x000000008ab00000, 0x000000008ac00000|  0%| F|  |TAMS 0x000000008ab00000, 0x000000008ab00000| Untracked 
|  98|0x000000008ac00000, 0x000000008ac00000, 0x000000008ad00000|  0%| F|  |TAMS 0x000000008ac00000, 0x000000008ac00000| Untracked 
|  99|0x000000008ad00000, 0x000000008ad00000, 0x000000008ae00000|  0%| F|  |TAMS 0x000000008ad00000, 0x000000008ad00000| Untracked 
| 100|0x000000008ae00000, 0x000000008ae00000, 0x000000008af00000|  0%| F|  |TAMS 0x000000008ae00000, 0x000000008ae00000| Untracked 
| 101|0x000000008af00000, 0x000000008af00000, 0x000000008b000000|  0%| F|  |TAMS 0x000000008af00000, 0x000000008af00000| Untracked 
| 102|0x000000008b000000, 0x000000008b000000, 0x000000008b100000|  0%| F|  |TAMS 0x000000008b000000, 0x000000008b000000| Untracked 
| 103|0x000000008b100000, 0x000000008b100000, 0x000000008b200000|  0%| F|  |TAMS 0x000000008b100000, 0x000000008b100000| Untracked 
| 104|0x000000008b200000, 0x000000008b200000, 0x000000008b300000|  0%| F|  |TAMS 0x000000008b200000, 0x000000008b200000| Untracked 
| 105|0x000000008b300000, 0x000000008b300000, 0x000000008b400000|  0%| F|  |TAMS 0x000000008b300000, 0x000000008b300000| Untracked 
| 106|0x000000008b400000, 0x000000008b400000, 0x000000008b500000|  0%| F|  |TAMS 0x000000008b400000, 0x000000008b400000| Untracked 
| 107|0x000000008b500000, 0x000000008b500000, 0x000000008b600000|  0%| F|  |TAMS 0x000000008b500000, 0x000000008b500000| Untracked 
| 108|0x000000008b600000, 0x000000008b600000, 0x000000008b700000|  0%| F|  |TAMS 0x000000008b600000, 0x000000008b600000| Untracked 
| 109|0x000000008b700000, 0x000000008b700000, 0x000000008b800000|  0%| F|  |TAMS 0x000000008b700000, 0x000000008b700000| Untracked 
| 110|0x000000008b800000, 0x000000008b800000, 0x000000008b900000|  0%| F|  |TAMS 0x000000008b800000, 0x000000008b800000| Untracked 
| 111|0x000000008b900000, 0x000000008b900000, 0x000000008ba00000|  0%| F|  |TAMS 0x000000008b900000, 0x000000008b900000| Untracked 
| 112|0x000000008ba00000, 0x000000008ba00000, 0x000000008bb00000|  0%| F|  |TAMS 0x000000008ba00000, 0x000000008ba00000| Untracked 
| 113|0x000000008bb00000, 0x000000008bb00000, 0x000000008bc00000|  0%| F|  |TAMS 0x000000008bb00000, 0x000000008bb00000| Untracked 
| 114|0x000000008bc00000, 0x000000008bc00000, 0x000000008bd00000|  0%| F|  |TAMS 0x000000008bc00000, 0x000000008bc00000| Untracked 
| 115|0x000000008bd00000, 0x000000008bd00000, 0x000000008be00000|  0%| F|  |TAMS 0x000000008bd00000, 0x000000008bd00000| Untracked 
| 116|0x000000008be00000, 0x000000008be00000, 0x000000008bf00000|  0%| F|  |TAMS 0x000000008be00000, 0x000000008be00000| Untracked 
| 117|0x000000008bf00000, 0x000000008bf00000, 0x000000008c000000|  0%| F|  |TAMS 0x000000008bf00000, 0x000000008bf00000| Untracked 
| 118|0x000000008c000000, 0x000000008c000000, 0x000000008c100000|  0%| F|  |TAMS 0x000000008c000000, 0x000000008c000000| Untracked 
| 119|0x000000008c100000, 0x000000008c100000, 0x000000008c200000|  0%| F|  |TAMS 0x000000008c100000, 0x000000008c100000| Untracked 
| 120|0x000000008c200000, 0x000000008c200000, 0x000000008c300000|  0%| F|  |TAMS 0x000000008c200000, 0x000000008c200000| Untracked 
| 121|0x000000008c300000, 0x000000008c300000, 0x000000008c400000|  0%| F|  |TAMS 0x000000008c300000, 0x000000008c300000| Untracked 
| 122|0x000000008c400000, 0x000000008c400000, 0x000000008c500000|  0%| F|  |TAMS 0x000000008c400000, 0x000000008c400000| Untracked 
| 123|0x000000008c500000, 0x000000008c500000, 0x000000008c600000|  0%| F|  |TAMS 0x000000008c500000, 0x000000008c500000| Untracked 
| 124|0x000000008c600000, 0x000000008c600000, 0x000000008c700000|  0%| F|  |TAMS 0x000000008c600000, 0x000000008c600000| Untracked 
| 125|0x000000008c700000, 0x000000008c700000, 0x000000008c800000|  0%| F|  |TAMS 0x000000008c700000, 0x000000008c700000| Untracked 
| 126|0x000000008c800000, 0x000000008c800000, 0x000000008c900000|  0%| F|  |TAMS 0x000000008c800000, 0x000000008c800000| Untracked 
| 127|0x000000008c900000, 0x000000008c900000, 0x000000008ca00000|  0%| F|  |TAMS 0x000000008c900000, 0x000000008c900000| Untracked 
| 128|0x000000008ca00000, 0x000000008ca00000, 0x000000008cb00000|  0%| F|  |TAMS 0x000000008ca00000, 0x000000008ca00000| Untracked 
| 129|0x000000008cb00000, 0x000000008cb00000, 0x000000008cc00000|  0%| F|  |TAMS 0x000000008cb00000, 0x000000008cb00000| Untracked 
| 130|0x000000008cc00000, 0x000000008cc00000, 0x000000008cd00000|  0%| F|  |TAMS 0x000000008cc00000, 0x000000008cc00000| Untracked 
| 131|0x000000008cd00000, 0x000000008cd00000, 0x000000008ce00000|  0%| F|  |TAMS 0x000000008cd00000, 0x000000008cd00000| Untracked 
| 132|0x000000008ce00000, 0x000000008ce00000, 0x000000008cf00000|  0%| F|  |TAMS 0x000000008ce00000, 0x000000008ce00000| Untracked 
| 133|0x000000008cf00000, 0x000000008cf00000, 0x000000008d000000|  0%| F|  |TAMS 0x000000008cf00000, 0x000000008cf00000| Untracked 
| 134|0x000000008d000000, 0x000000008d000000, 0x000000008d100000|  0%| F|  |TAMS 0x000000008d000000, 0x000000008d000000| Untracked 
| 135|0x000000008d100000, 0x000000008d100000, 0x000000008d200000|  0%| F|  |TAMS 0x000000008d100000, 0x000000008d100000| Untracked 
| 136|0x000000008d200000, 0x000000008d200000, 0x000000008d300000|  0%| F|  |TAMS 0x000000008d200000, 0x000000008d200000| Untracked 
| 137|0x000000008d300000, 0x000000008d300000, 0x000000008d400000|  0%| F|  |TAMS 0x000000008d300000, 0x000000008d300000| Untracked 
| 138|0x000000008d400000, 0x000000008d400000, 0x000000008d500000|  0%| F|  |TAMS 0x000000008d400000, 0x000000008d400000| Untracked 
| 139|0x000000008d500000, 0x000000008d500000, 0x000000008d600000|  0%| F|  |TAMS 0x000000008d500000, 0x000000008d500000| Untracked 
| 140|0x000000008d600000, 0x000000008d600000, 0x000000008d700000|  0%| F|  |TAMS 0x000000008d600000, 0x000000008d600000| Untracked 
| 141|0x000000008d700000, 0x000000008d700000, 0x000000008d800000|  0%| F|  |TAMS 0x000000008d700000, 0x000000008d700000| Untracked 
| 142|0x000000008d800000, 0x000000008d800000, 0x000000008d900000|  0%| F|  |TAMS 0x000000008d800000, 0x000000008d800000| Untracked 
| 143|0x000000008d900000, 0x000000008d900000, 0x000000008da00000|  0%| F|  |TAMS 0x000000008d900000, 0x000000008d900000| Untracked 
| 144|0x000000008da00000, 0x000000008da00000, 0x000000008db00000|  0%| F|  |TAMS 0x000000008da00000, 0x000000008da00000| Untracked 
| 145|0x000000008db00000, 0x000000008db00000, 0x000000008dc00000|  0%| F|  |TAMS 0x000000008db00000, 0x000000008db00000| Untracked 
| 146|0x000000008dc00000, 0x000000008dc00000, 0x000000008dd00000|  0%| F|  |TAMS 0x000000008dc00000, 0x000000008dc00000| Untracked 
| 147|0x000000008dd00000, 0x000000008dd00000, 0x000000008de00000|  0%| F|  |TAMS 0x000000008dd00000, 0x000000008dd00000| Untracked 
| 148|0x000000008de00000, 0x000000008de00000, 0x000000008df00000|  0%| F|  |TAMS 0x000000008de00000, 0x000000008de00000| Untracked 
| 149|0x000000008df00000, 0x000000008df00000, 0x000000008e000000|  0%| F|  |TAMS 0x000000008df00000, 0x000000008df00000| Untracked 
| 150|0x000000008e000000, 0x000000008e000000, 0x000000008e100000|  0%| F|  |TAMS 0x000000008e000000, 0x000000008e000000| Untracked 
| 151|0x000000008e100000, 0x000000008e100000, 0x000000008e200000|  0%| F|  |TAMS 0x000000008e100000, 0x000000008e100000| Untracked 
| 152|0x000000008e200000, 0x000000008e200000, 0x000000008e300000|  0%| F|  |TAMS 0x000000008e200000, 0x000000008e200000| Untracked 
| 153|0x000000008e300000, 0x000000008e300000, 0x000000008e400000|  0%| F|  |TAMS 0x000000008e300000, 0x000000008e300000| Untracked 
| 154|0x000000008e400000, 0x000000008e400000, 0x000000008e500000|  0%| F|  |TAMS 0x000000008e400000, 0x000000008e400000| Untracked 
| 155|0x000000008e500000, 0x000000008e500000, 0x000000008e600000|  0%| F|  |TAMS 0x000000008e500000, 0x000000008e500000| Untracked 
| 156|0x000000008e600000, 0x000000008e600000, 0x000000008e700000|  0%| F|  |TAMS 0x000000008e600000, 0x000000008e600000| Untracked 
| 157|0x000000008e700000, 0x000000008e700000, 0x000000008e800000|  0%| F|  |TAMS 0x000000008e700000, 0x000000008e700000| Untracked 
| 158|0x000000008e800000, 0x000000008e800000, 0x000000008e900000|  0%| F|  |TAMS 0x000000008e800000, 0x000000008e800000| Untracked 
| 159|0x000000008e900000, 0x000000008e900000, 0x000000008ea00000|  0%| F|  |TAMS 0x000000008e900000, 0x000000008e900000| Untracked 
| 160|0x000000008ea00000, 0x000000008ea00000, 0x000000008eb00000|  0%| F|  |TAMS 0x000000008ea00000, 0x000000008ea00000| Untracked 
| 161|0x000000008eb00000, 0x000000008eb00000, 0x000000008ec00000|  0%| F|  |TAMS 0x000000008eb00000, 0x000000008eb00000| Untracked 
| 162|0x000000008ec00000, 0x000000008ec00000, 0x000000008ed00000|  0%| F|  |TAMS 0x000000008ec00000, 0x000000008ec00000| Untracked 
| 163|0x000000008ed00000, 0x000000008ed00000, 0x000000008ee00000|  0%| F|  |TAMS 0x000000008ed00000, 0x000000008ed00000| Untracked 
| 164|0x000000008ee00000, 0x000000008ee00000, 0x000000008ef00000|  0%| F|  |TAMS 0x000000008ee00000, 0x000000008ee00000| Untracked 
| 165|0x000000008ef00000, 0x000000008ef00000, 0x000000008f000000|  0%| F|  |TAMS 0x000000008ef00000, 0x000000008ef00000| Untracked 
| 166|0x000000008f000000, 0x000000008f000000, 0x000000008f100000|  0%| F|  |TAMS 0x000000008f000000, 0x000000008f000000| Untracked 
| 167|0x000000008f100000, 0x000000008f100000, 0x000000008f200000|  0%| F|  |TAMS 0x000000008f100000, 0x000000008f100000| Untracked 
| 168|0x000000008f200000, 0x000000008f200000, 0x000000008f300000|  0%| F|  |TAMS 0x000000008f200000, 0x000000008f200000| Untracked 
| 169|0x000000008f300000, 0x000000008f300000, 0x000000008f400000|  0%| F|  |TAMS 0x000000008f300000, 0x000000008f300000| Untracked 
| 170|0x000000008f400000, 0x000000008f400000, 0x000000008f500000|  0%| F|  |TAMS 0x000000008f400000, 0x000000008f400000| Untracked 
| 171|0x000000008f500000, 0x000000008f500000, 0x000000008f600000|  0%| F|  |TAMS 0x000000008f500000, 0x000000008f500000| Untracked 
| 172|0x000000008f600000, 0x000000008f600000, 0x000000008f700000|  0%| F|  |TAMS 0x000000008f600000, 0x000000008f600000| Untracked 
| 173|0x000000008f700000, 0x000000008f700000, 0x000000008f800000|  0%| F|  |TAMS 0x000000008f700000, 0x000000008f700000| Untracked 
| 174|0x000000008f800000, 0x000000008f800000, 0x000000008f900000|  0%| F|  |TAMS 0x000000008f800000, 0x000000008f800000| Untracked 
| 175|0x000000008f900000, 0x000000008f900000, 0x000000008fa00000|  0%| F|  |TAMS 0x000000008f900000, 0x000000008f900000| Untracked 
| 176|0x000000008fa00000, 0x000000008fa00000, 0x000000008fb00000|  0%| F|  |TAMS 0x000000008fa00000, 0x000000008fa00000| Untracked 
| 177|0x000000008fb00000, 0x000000008fb00000, 0x000000008fc00000|  0%| F|  |TAMS 0x000000008fb00000, 0x000000008fb00000| Untracked 
| 178|0x000000008fc00000, 0x000000008fc00000, 0x000000008fd00000|  0%| F|  |TAMS 0x000000008fc00000, 0x000000008fc00000| Untracked 

Card table byte_map: [0x0000029d37410000,0x0000029d377f0000] _byte_map_base: 0x0000029d36feb000

Marking Bits (Prev, Next): (CMBitMap*) 0x0000029d2043d8b0, (CMBitMap*) 0x0000029d2043d8f0
 Prev Bits: [0x0000029d37bd0000, 0x0000029d39aa8000)
 Next Bits: [0x0000029d39ab0000, 0x0000029d3b988000)

Polling page: 0x0000029d1fb90000

Metaspace:

Usage:
  Non-class:      7.73 MB used.
      Class:      1.41 MB used.
       Both:      9.14 MB used.

Virtual space:
  Non-class space:       64.00 MB reserved,       7.81 MB ( 12%) committed,  1 nodes.
      Class space:        1.00 GB reserved,       1.50 MB ( <1%) committed,  1 nodes.
             Both:        1.06 GB reserved,       9.31 MB ( <1%) committed. 

Chunk freelists:
   Non-Class:  3.09 MB
       Class:  2.47 MB
        Both:  5.57 MB

MaxMetaspaceSize: unlimited
CompressedClassSpaceSize: 1.00 GB
Initial GC threshold: 21.00 MB
Current GC threshold: 21.00 MB
CDS: on
MetaspaceReclaimPolicy: balanced
 - commit_granule_bytes: 65536.
 - commit_granule_words: 8192.
 - virtual_space_node_default_size: 8388608.
 - enlarge_chunks_in_place: 1.
 - new_chunks_are_fully_committed: 0.
 - uncommit_free_chunks: 1.
 - use_allocation_guard: 0.


Internal statistics:

num_allocs_failed_limit: 0.
num_arena_births: 20.
num_arena_deaths: 0.
num_vsnodes_births: 2.
num_vsnodes_deaths: 0.
num_space_committed: 149.
num_space_uncommitted: 0.
num_chunks_returned_to_freelist: 0.
num_chunks_taken_from_freelist: 238.
num_chunk_merges: 0.
num_chunk_splits: 209.
num_chunks_enlarged: 197.
num_inconsistent_stats: 0.

CodeHeap 'non-profiled nmethods': size=120000Kb used=1406Kb max_used=1406Kb free=118593Kb
 bounds [0x0000029d2f7c0000, 0x0000029d2fa30000, 0x0000029d36cf0000]
CodeHeap 'profiled nmethods': size=120000Kb used=2817Kb max_used=2817Kb free=117182Kb
 bounds [0x0000029d28290000, 0x0000029d28560000, 0x0000029d2f7c0000]
CodeHeap 'non-nmethods': size=5760Kb used=1156Kb max_used=1221Kb free=4603Kb
 bounds [0x0000029d27cf0000, 0x0000029d27f60000, 0x0000029d28290000]
 total_blobs=1823 nmethods=1405 adapters=331
 compilation: enabled
              stopped_count=0, restarted_count=0
 full_count=0

Compilation events (20 events):
Event: 3.263 Thread 0x0000029d3e398f70 1417       3       org.reflections.vfs.Vfs::hasJarFileInPath (10 bytes)
Event: 3.263 Thread 0x0000029d3e398f70 nmethod 1417 0x0000029d28549c90 code [0x0000029d28549e80, 0x0000029d2854a358]
Event: 3.279 Thread 0x0000029d3e398f70 1419       3       java.util.regex.Pattern$CharProperty::study (29 bytes)
Event: 3.279 Thread 0x0000029d3e398f70 nmethod 1419 0x0000029d2854a610 code [0x0000029d2854a7c0, 0x0000029d2854a9a8]
Event: 3.314 Thread 0x0000029d3e398680 1420       4       java.util.HashMap::put (13 bytes)
Event: 3.316 Thread 0x0000029d3e398680 nmethod 1420 0x0000029d2f918410 code [0x0000029d2f9185c0, 0x0000029d2f918728]
Event: 3.323 Thread 0x0000029d3e398f70 1421       3       javassist.bytecode.AttributeInfo::read (477 bytes)
Event: 3.325 Thread 0x0000029d3e398f70 nmethod 1421 0x0000029d2854aa90 code [0x0000029d2854b140, 0x0000029d2854df18]
Event: 3.334 Thread 0x0000029d3e398680 1422       4       javassist.bytecode.AttributeInfo::read (477 bytes)
Event: 3.342 Thread 0x0000029d3e398f70 1423   !   3       java.util.zip.Inflater::getBytesWritten (23 bytes)
Event: 3.342 Thread 0x0000029d3e398f70 nmethod 1423 0x0000029d2854ed90 code [0x0000029d2854ef40, 0x0000029d2854f168]
Event: 3.342 Thread 0x0000029d3e398f70 1424       3       java.util.zip.ZipFile$ZipFileInflaterInputStream::available (44 bytes)
Event: 3.342 Thread 0x0000029d3e398f70 nmethod 1424 0x0000029d2854f290 code [0x0000029d2854f460, 0x0000029d2854f7c8]
Event: 3.376 Thread 0x0000029d3e398680 nmethod 1422 0x0000029d2f918910 code [0x0000029d2f918f00, 0x0000029d2f91d850]
Event: 3.520 Thread 0x0000029d3e398f70 1425       3       java.lang.Throwable::<init> (34 bytes)
Event: 3.521 Thread 0x0000029d3e398f70 nmethod 1425 0x0000029d2854f910 code [0x0000029d2854fae0, 0x0000029d2854fea8]
Event: 3.521 Thread 0x0000029d3e398680 1426       4       java.io.WinNTFileSystem::isLetter (30 bytes)
Event: 3.521 Thread 0x0000029d3e398f70 1427       3       java.lang.Exception::<init> (6 bytes)
Event: 3.522 Thread 0x0000029d3e398f70 nmethod 1427 0x0000029d2854ff90 code [0x0000029d28550160, 0x0000029d28550588]
Event: 3.522 Thread 0x0000029d3e398680 nmethod 1426 0x0000029d2f91f790 code [0x0000029d2f91f900, 0x0000029d2f91f9b8]

GC Heap History (20 events):
Event: 1.229 GC heap after
{Heap after GC invocations=6 (full 0):
 garbage-first heap   total 126976K, used 7407K [0x0000000084a00000, 0x0000000100000000)
  region size 1024K, 3 young (3072K), 3 survivors (3072K)
 Metaspace       used 2889K, committed 3072K, reserved 1114112K
  class space    used 249K, committed 320K, reserved 1048576K
}
Event: 1.388 GC heap before
{Heap before GC invocations=6 (full 0):
 garbage-first heap   total 126976K, used 80111K [0x0000000084a00000, 0x0000000100000000)
  region size 1024K, 74 young (75776K), 3 survivors (3072K)
 Metaspace       used 2894K, committed 3072K, reserved 1114112K
  class space    used 249K, committed 320K, reserved 1048576K
}
Event: 1.392 GC heap after
{Heap after GC invocations=7 (full 0):
 garbage-first heap   total 152576K, used 7941K [0x0000000084a00000, 0x0000000100000000)
  region size 1024K, 4 young (4096K), 4 survivors (4096K)
 Metaspace       used 2894K, committed 3072K, reserved 1114112K
  class space    used 249K, committed 320K, reserved 1048576K
}
Event: 1.585 GC heap before
{Heap before GC invocations=7 (full 0):
 garbage-first heap   total 152576K, used 94981K [0x0000000084a00000, 0x0000000100000000)
  region size 1024K, 89 young (91136K), 4 survivors (4096K)
 Metaspace       used 2905K, committed 3072K, reserved 1114112K
  class space    used 249K, committed 320K, reserved 1048576K
}
Event: 1.588 GC heap after
{Heap after GC invocations=8 (full 0):
 garbage-first heap   total 152576K, used 8656K [0x0000000084a00000, 0x0000000100000000)
  region size 1024K, 4 young (4096K), 4 survivors (4096K)
 Metaspace       used 2905K, committed 3072K, reserved 1114112K
  class space    used 249K, committed 320K, reserved 1048576K
}
Event: 1.761 GC heap before
{Heap before GC invocations=8 (full 0):
 garbage-first heap   total 152576K, used 95696K [0x0000000084a00000, 0x0000000100000000)
  region size 1024K, 89 young (91136K), 4 survivors (4096K)
 Metaspace       used 2920K, committed 3072K, reserved 1114112K
  class space    used 249K, committed 320K, reserved 1048576K
}
Event: 1.764 GC heap after
{Heap after GC invocations=9 (full 0):
 garbage-first heap   total 152576K, used 9662K [0x0000000084a00000, 0x0000000100000000)
  region size 1024K, 5 young (5120K), 5 survivors (5120K)
 Metaspace       used 2920K, committed 3072K, reserved 1114112K
  class space    used 249K, committed 320K, reserved 1048576K
}
Event: 2.419 GC heap before
{Heap before GC invocations=9 (full 0):
 garbage-first heap   total 152576K, used 95678K [0x0000000084a00000, 0x0000000100000000)
  region size 1024K, 89 young (91136K), 5 survivors (5120K)
 Metaspace       used 9330K, committed 9536K, reserved 1114112K
  class space    used 1448K, committed 1536K, reserved 1048576K
}
Event: 2.422 GC heap after
{Heap after GC invocations=10 (full 0):
 garbage-first heap   total 152576K, used 11636K [0x0000000084a00000, 0x0000000100000000)
  region size 1024K, 7 young (7168K), 7 survivors (7168K)
 Metaspace       used 9330K, committed 9536K, reserved 1114112K
  class space    used 1448K, committed 1536K, reserved 1048576K
}
Event: 2.576 GC heap before
{Heap before GC invocations=10 (full 0):
 garbage-first heap   total 152576K, used 95604K [0x0000000084a00000, 0x0000000100000000)
  region size 1024K, 89 young (91136K), 7 survivors (7168K)
 Metaspace       used 9331K, committed 9536K, reserved 1114112K
  class space    used 1448K, committed 1536K, reserved 1048576K
}
Event: 2.579 GC heap after
{Heap after GC invocations=11 (full 0):
 garbage-first heap   total 152576K, used 12117K [0x0000000084a00000, 0x0000000100000000)
  region size 1024K, 7 young (7168K), 7 survivors (7168K)
 Metaspace       used 9331K, committed 9536K, reserved 1114112K
  class space    used 1448K, committed 1536K, reserved 1048576K
}
Event: 2.724 GC heap before
{Heap before GC invocations=11 (full 0):
 garbage-first heap   total 152576K, used 96085K [0x0000000084a00000, 0x0000000100000000)
  region size 1024K, 89 young (91136K), 7 survivors (7168K)
 Metaspace       used 9331K, committed 9536K, reserved 1114112K
  class space    used 1448K, committed 1536K, reserved 1048576K
}
Event: 2.728 GC heap after
{Heap after GC invocations=12 (full 0):
 garbage-first heap   total 183296K, used 12542K [0x0000000084a00000, 0x0000000100000000)
  region size 1024K, 7 young (7168K), 7 survivors (7168K)
 Metaspace       used 9331K, committed 9536K, reserved 1114112K
  class space    used 1448K, committed 1536K, reserved 1048576K
}
Event: 2.908 GC heap before
{Heap before GC invocations=12 (full 0):
 garbage-first heap   total 183296K, used 114942K [0x0000000084a00000, 0x0000000100000000)
  region size 1024K, 107 young (109568K), 7 survivors (7168K)
 Metaspace       used 9340K, committed 9536K, reserved 1114112K
  class space    used 1448K, committed 1536K, reserved 1048576K
}
Event: 2.912 GC heap after
{Heap after GC invocations=13 (full 0):
 garbage-first heap   total 183296K, used 13258K [0x0000000084a00000, 0x0000000100000000)
  region size 1024K, 7 young (7168K), 7 survivors (7168K)
 Metaspace       used 9340K, committed 9536K, reserved 1114112K
  class space    used 1448K, committed 1536K, reserved 1048576K
}
Event: 3.104 GC heap before
{Heap before GC invocations=13 (full 0):
 garbage-first heap   total 183296K, used 115658K [0x0000000084a00000, 0x0000000100000000)
  region size 1024K, 107 young (109568K), 7 survivors (7168K)
 Metaspace       used 9345K, committed 9536K, reserved 1114112K
  class space    used 1448K, committed 1536K, reserved 1048576K
}
Event: 3.108 GC heap after
{Heap after GC invocations=14 (full 0):
 garbage-first heap   total 183296K, used 14250K [0x0000000084a00000, 0x0000000100000000)
  region size 1024K, 8 young (8192K), 8 survivors (8192K)
 Metaspace       used 9345K, committed 9536K, reserved 1114112K
  class space    used 1448K, committed 1536K, reserved 1048576K
}
Event: 3.305 GC heap before
{Heap before GC invocations=14 (full 0):
 garbage-first heap   total 183296K, used 115626K [0x0000000084a00000, 0x0000000100000000)
  region size 1024K, 107 young (109568K), 8 survivors (8192K)
 Metaspace       used 9359K, committed 9536K, reserved 1114112K
  class space    used 1448K, committed 1536K, reserved 1048576K
}
Event: 3.312 GC heap after
{Heap after GC invocations=15 (full 0):
 garbage-first heap   total 183296K, used 15205K [0x0000000084a00000, 0x0000000100000000)
  region size 1024K, 9 young (9216K), 9 survivors (9216K)
 Metaspace       used 9359K, committed 9536K, reserved 1114112K
  class space    used 1448K, committed 1536K, reserved 1048576K
}
Event: 3.534 GC heap before
{Heap before GC invocations=15 (full 0):
 garbage-first heap   total 183296K, used 115557K [0x0000000084a00000, 0x0000000100000000)
  region size 1024K, 107 young (109568K), 9 survivors (9216K)
 Metaspace       used 9360K, committed 9536K, reserved 1114112K
  class space    used 1448K, committed 1536K, reserved 1048576K
}

Deoptimization events (20 events):
Event: 2.900 Thread 0x0000029d43ed8680 Uncommon trap: trap_request=0xffffffc6 fr.pc=0x0000029d2f8a7a28 relative=0x0000000000001a28
Event: 2.900 Thread 0x0000029d43ed8680 Uncommon trap: reason=bimorphic_or_optimized_type_check action=maybe_recompile pc=0x0000029d2f8a7a28 method=com.google.common.collect.AbstractIterator.tryToComputeNext()Z @ 9 c2
Event: 2.900 Thread 0x0000029d43ed8680 DEOPT PACKING pc=0x0000029d2f8a7a28 sp=0x000000fe50ffecf0
Event: 2.900 Thread 0x0000029d43ed8680 DEOPT UNPACKING pc=0x0000029d27d45c23 sp=0x000000fe50ffece0 mode 2
Event: 2.901 Thread 0x0000029d43ed8680 Uncommon trap: trap_request=0xffffffc6 fr.pc=0x0000029d2f8a7a28 relative=0x0000000000001a28
Event: 2.901 Thread 0x0000029d43ed8680 Uncommon trap: reason=bimorphic_or_optimized_type_check action=maybe_recompile pc=0x0000029d2f8a7a28 method=com.google.common.collect.AbstractIterator.tryToComputeNext()Z @ 9 c2
Event: 2.901 Thread 0x0000029d43ed8680 DEOPT PACKING pc=0x0000029d2f8a7a28 sp=0x000000fe50ffecf0
Event: 2.901 Thread 0x0000029d43ed8680 DEOPT UNPACKING pc=0x0000029d27d45c23 sp=0x000000fe50ffece0 mode 2
Event: 2.901 Thread 0x0000029d43ed8680 Uncommon trap: trap_request=0xffffffc6 fr.pc=0x0000029d2f8a7a28 relative=0x0000000000001a28
Event: 2.901 Thread 0x0000029d43ed8680 Uncommon trap: reason=bimorphic_or_optimized_type_check action=maybe_recompile pc=0x0000029d2f8a7a28 method=com.google.common.collect.AbstractIterator.tryToComputeNext()Z @ 9 c2
Event: 2.901 Thread 0x0000029d43ed8680 DEOPT PACKING pc=0x0000029d2f8a7a28 sp=0x000000fe50ffecf0
Event: 2.901 Thread 0x0000029d43ed8680 DEOPT UNPACKING pc=0x0000029d27d45c23 sp=0x000000fe50ffece0 mode 2
Event: 2.901 Thread 0x0000029d43ed8680 Uncommon trap: trap_request=0xffffffc6 fr.pc=0x0000029d2f8a7a28 relative=0x0000000000001a28
Event: 2.901 Thread 0x0000029d43ed8680 Uncommon trap: reason=bimorphic_or_optimized_type_check action=maybe_recompile pc=0x0000029d2f8a7a28 method=com.google.common.collect.AbstractIterator.tryToComputeNext()Z @ 9 c2
Event: 2.901 Thread 0x0000029d43ed8680 DEOPT PACKING pc=0x0000029d2f8a7a28 sp=0x000000fe50ffecf0
Event: 2.901 Thread 0x0000029d43ed8680 DEOPT UNPACKING pc=0x0000029d27d45c23 sp=0x000000fe50ffece0 mode 2
Event: 3.323 Thread 0x0000029d43ed8680 Uncommon trap: trap_request=0xffffff45 fr.pc=0x0000029d2f908ae0 relative=0x0000000000003ea0
Event: 3.323 Thread 0x0000029d43ed8680 Uncommon trap: reason=unstable_if action=reinterpret pc=0x0000029d2f908ae0 method=javassist.bytecode.AttributeInfo.read(Ljavassist/bytecode/ConstPool;Ljava/io/DataInputStream;)Ljavassist/bytecode/AttributeInfo; @ 452 c2
Event: 3.323 Thread 0x0000029d43ed8680 DEOPT PACKING pc=0x0000029d2f908ae0 sp=0x000000fe50ffebd0
Event: 3.323 Thread 0x0000029d43ed8680 DEOPT UNPACKING pc=0x0000029d27d45c23 sp=0x000000fe50ffeb88 mode 2

Classes loaded (20 events):
Event: 2.370 Loading class java/lang/PublicMethods
Event: 2.370 Loading class java/lang/PublicMethods done
Event: 2.371 Loading class java/lang/WeakPairMap$Pair$Weak
Event: 2.371 Loading class java/lang/WeakPairMap$WeakRefPeer
Event: 2.371 Loading class java/lang/WeakPairMap$WeakRefPeer done
Event: 2.371 Loading class java/lang/WeakPairMap$Pair$Weak done
Event: 2.371 Loading class java/lang/WeakPairMap$Pair$Weak$1
Event: 2.371 Loading class java/lang/WeakPairMap$Pair$Weak$1 done
Event: 2.372 Loading class java/lang/reflect/ProxyGenerator
Event: 2.372 Loading class java/lang/reflect/ProxyGenerator done
Event: 2.372 Loading class java/lang/reflect/ProxyGenerator$ProxyMethod
Event: 2.372 Loading class java/lang/reflect/ProxyGenerator$ProxyMethod done
Event: 2.373 Loading class java/lang/reflect/ProxyGenerator$PrimitiveTypeInfo
Event: 2.373 Loading class java/lang/reflect/ProxyGenerator$PrimitiveTypeInfo done
Event: 2.373 Loading class jdk/internal/org/objectweb/asm/Edge
Event: 2.373 Loading class jdk/internal/org/objectweb/asm/Edge done
Event: 2.374 Loading class java/lang/reflect/Proxy$ProxyBuilder$1
Event: 2.374 Loading class java/lang/reflect/Proxy$ProxyBuilder$1 done
Event: 2.376 Loading class java/lang/reflect/UndeclaredThrowableException
Event: 2.376 Loading class java/lang/reflect/UndeclaredThrowableException done

Classes unloaded (0 events):
No events

Classes redefined (0 events):
No events

Internal exceptions (10 events):
Event: 0.157 Thread 0x0000029d203debe0 Exception <a 'java/lang/NoSuchMethodError'{0x000000008c260208}: 'void java.lang.invoke.DirectMethodHandle$Holder.invokeStatic(java.lang.Object, java.lang.Object, java.lang.Object)'> (0x000000008c260208) 
thrown [t:\workspace\open\src\hotspot\share\interpreter\linkResolver.cpp, line 766]
Event: 0.207 Thread 0x0000029d203debe0 Exception <a 'java/lang/NoSuchMethodError'{0x000000008c153548}: 'void java.lang.invoke.DirectMethodHandle$Holder.invokeStatic(java.lang.Object, java.lang.Object)'> (0x000000008c153548) 
thrown [t:\workspace\open\src\hotspot\share\interpreter\linkResolver.cpp, line 766]
Event: 0.270 Thread 0x0000029d203debe0 Exception <a 'java/lang/NoSuchMethodError'{0x000000008c0f8e10}: 'int java.lang.invoke.DirectMethodHandle$Holder.invokeSpecial(java.lang.Object, java.lang.Object, java.lang.Object)'> (0x000000008c0f8e10) 
thrown [t:\workspace\open\src\hotspot\share\interpreter\linkResolver.cpp, line 766]
Event: 0.347 Thread 0x0000029d203debe0 Exception <a 'java/lang/NullPointerException'{0x000000008bdc3838}> (0x000000008bdc3838) 
thrown [t:\workspace\open\src\hotspot\share\interpreter\linkResolver.cpp, line 1357]
Event: 0.348 Thread 0x0000029d203debe0 Exception <a 'java/lang/NullPointerException'{0x000000008bdc8b98}> (0x000000008bdc8b98) 
thrown [t:\workspace\open\src\hotspot\share\interpreter\linkResolver.cpp, line 1357]
Event: 0.704 Thread 0x0000029d203debe0 Exception <a 'java/io/FileNotFoundException'{0x0000000088b72fa8}> (0x0000000088b72fa8) 
thrown [t:\workspace\open\src\hotspot\share\prims\jni.cpp, line 516]
Event: 1.408 Thread 0x0000029d203debe0 Implicit null exception at 0x0000029d2f8572c3 to 0x0000029d2f858050
Event: 2.371 Thread 0x0000029d203debe0 Implicit null exception at 0x0000029d2f87fbc3 to 0x0000029d2f87fe8c
Event: 2.371 Thread 0x0000029d203debe0 Implicit null exception at 0x0000029d2f8a9006 to 0x0000029d2f8a95d0
Event: 2.588 Thread 0x0000029d43ed8680 Exception <a 'java/io/FileNotFoundException'{0x000000008da01b88}> (0x000000008da01b88) 
thrown [t:\workspace\open\src\hotspot\share\prims\jni.cpp, line 516]

VM Operations (20 events):
Event: 2.283 Executing VM operation: HandshakeAllThreads done
Event: 2.337 Executing VM operation: HandshakeAllThreads
Event: 2.337 Executing VM operation: HandshakeAllThreads done
Event: 2.350 Executing VM operation: HandshakeAllThreads
Event: 2.350 Executing VM operation: HandshakeAllThreads done
Event: 2.393 Executing VM operation: HandshakeAllThreads
Event: 2.393 Executing VM operation: HandshakeAllThreads done
Event: 2.418 Executing VM operation: G1CollectForAllocation
Event: 2.422 Executing VM operation: G1CollectForAllocation done
Event: 2.575 Executing VM operation: G1CollectForAllocation
Event: 2.579 Executing VM operation: G1CollectForAllocation done
Event: 2.724 Executing VM operation: G1CollectForAllocation
Event: 2.728 Executing VM operation: G1CollectForAllocation done
Event: 2.908 Executing VM operation: G1CollectForAllocation
Event: 2.912 Executing VM operation: G1CollectForAllocation done
Event: 3.104 Executing VM operation: G1CollectForAllocation
Event: 3.109 Executing VM operation: G1CollectForAllocation done
Event: 3.305 Executing VM operation: G1CollectForAllocation
Event: 3.312 Executing VM operation: G1CollectForAllocation done
Event: 3.534 Executing VM operation: G1CollectForAllocation

Events (20 events):
Event: 0.008 Loaded shared library C:\Program Files\Java\jdk-18\bin\java.dll
Event: 0.015 Loaded shared library C:\Program Files\Java\jdk-18\bin\jsvml.dll
Event: 0.016 Thread 0x0000029d203debe0 Thread added: 0x0000029d203debe0
Event: 0.017 Thread 0x0000029d3e3790c0 Thread added: 0x0000029d3e3790c0
Event: 0.017 Thread 0x0000029d3e379970 Thread added: 0x0000029d3e379970
Event: 0.025 Thread 0x0000029d3e392070 Thread added: 0x0000029d3e392070
Event: 0.025 Thread 0x0000029d3e392920 Thread added: 0x0000029d3e392920
Event: 0.025 Thread 0x0000029d3e3951e0 Thread added: 0x0000029d3e3951e0
Event: 0.025 Thread 0x0000029d3e397aa0 Thread added: 0x0000029d3e397aa0
Event: 0.025 Thread 0x0000029d3e398680 Thread added: 0x0000029d3e398680
Event: 0.025 Thread 0x0000029d3e398f70 Thread added: 0x0000029d3e398f70
Event: 0.025 Thread 0x0000029d3e399860 Thread added: 0x0000029d3e399860
Event: 0.107 Thread 0x0000029d429ea670 Thread added: 0x0000029d429ea670
Event: 0.114 Thread 0x0000029d429f3150 Thread added: 0x0000029d429f3150
Event: 0.116 Loaded shared library C:\Program Files\Java\jdk-18\bin\net.dll
Event: 0.117 Loaded shared library C:\Program Files\Java\jdk-18\bin\nio.dll
Event: 0.121 Loaded shared library C:\Program Files\Java\jdk-18\bin\zip.dll
Event: 0.174 Loaded shared library C:\Program Files\Java\jdk-18\bin\jimage.dll
Event: 0.317 Loaded shared library C:\Program Files\Java\jdk-18\bin\verify.dll
Event: 2.392 Thread 0x0000029d43ed8680 Thread added: 0x0000029d43ed8680


Dynamic libraries:
0x00007ff770bf0000 - 0x00007ff770c00000 	C:\Program Files\Java\jdk-18\bin\java.exe
0x00007ff83cdf0000 - 0x00007ff83cfe5000 	C:\WINDOWS\SYSTEM32\ntdll.dll
0x00007ff83b6a0000 - 0x00007ff83b75e000 	C:\WINDOWS\System32\KERNEL32.DLL
0x00007ff83a7c0000 - 0x00007ff83aa88000 	C:\WINDOWS\System32\KERNELBASE.dll
0x00007ff83a6c0000 - 0x00007ff83a7c0000 	C:\WINDOWS\System32\ucrtbase.dll
0x00007ff82e360000 - 0x00007ff82e378000 	C:\Program Files\Java\jdk-18\bin\jli.dll
0x00007ff83bf10000 - 0x00007ff83bfbe000 	C:\WINDOWS\System32\ADVAPI32.dll
0x00007ff83cd10000 - 0x00007ff83cdae000 	C:\WINDOWS\System32\msvcrt.dll
0x00007ff83c500000 - 0x00007ff83c59c000 	C:\WINDOWS\System32\sechost.dll
0x00007ff83afe0000 - 0x00007ff83b105000 	C:\WINDOWS\System32\RPCRT4.dll
0x00007ff83c9d0000 - 0x00007ff83cb70000 	C:\WINDOWS\System32\USER32.dll
0x00007ff83a690000 - 0x00007ff83a6b2000 	C:\WINDOWS\System32\win32u.dll
0x00007ff80d400000 - 0x00007ff80d69a000 	C:\WINDOWS\WinSxS\amd64_microsoft.windows.common-controls_6595b64144ccf1df_6.0.19041.1110_none_60b5254171f9507e\COMCTL32.dll
0x00007ff83b1e0000 - 0x00007ff83b20b000 	C:\WINDOWS\System32\GDI32.dll
0x00007ff83aca0000 - 0x00007ff83adab000 	C:\WINDOWS\System32\gdi32full.dll
0x00007ff83a560000 - 0x00007ff83a5fd000 	C:\WINDOWS\System32\msvcp_win.dll
0x00007ff82ef00000 - 0x00007ff82ef0a000 	C:\WINDOWS\SYSTEM32\VERSION.dll
0x00007ff82e340000 - 0x00007ff82e35a000 	C:\Program Files\Java\jdk-18\bin\VCRUNTIME140.dll
0x00007ff83c3b0000 - 0x00007ff83c3e0000 	C:\WINDOWS\System32\IMM32.DLL
0x00007ff830520000 - 0x00007ff83052c000 	C:\Program Files\Java\jdk-18\bin\vcruntime140_1.dll
0x00007ff82e2b0000 - 0x00007ff82e33d000 	C:\Program Files\Java\jdk-18\bin\msvcp140.dll
0x00007ffffb550000 - 0x00007ffffc161000 	C:\Program Files\Java\jdk-18\bin\server\jvm.dll
0x00007ff83c9c0000 - 0x00007ff83c9c8000 	C:\WINDOWS\System32\PSAPI.DLL
0x00007fffe4730000 - 0x00007fffe4739000 	C:\WINDOWS\SYSTEM32\WSOCK32.dll
0x00007ff83c950000 - 0x00007ff83c9bb000 	C:\WINDOWS\System32\WS2_32.dll
0x00007ff81ac10000 - 0x00007ff81ac37000 	C:\WINDOWS\SYSTEM32\WINMM.dll
0x00007ff838db0000 - 0x00007ff838dc2000 	C:\WINDOWS\SYSTEM32\kernel.appcore.dll
0x00007ff82e2a0000 - 0x00007ff82e2aa000 	C:\Program Files\Java\jdk-18\bin\jimage.dll
0x00007ff838050000 - 0x00007ff838234000 	C:\WINDOWS\SYSTEM32\DBGHELP.DLL
0x00007ff828150000 - 0x00007ff82817c000 	C:\WINDOWS\SYSTEM32\dbgcore.DLL
0x00007ff83a600000 - 0x00007ff83a682000 	C:\WINDOWS\System32\bcryptPrimitives.dll
0x00007ff82e270000 - 0x00007ff82e295000 	C:\Program Files\Java\jdk-18\bin\java.dll
0x00007ff8219c0000 - 0x00007ff821a96000 	C:\Program Files\Java\jdk-18\bin\jsvml.dll
0x00007ff83b7c0000 - 0x00007ff83bf04000 	C:\WINDOWS\System32\SHELL32.dll
0x00007ff838240000 - 0x00007ff8389d4000 	C:\WINDOWS\SYSTEM32\windows.storage.dll
0x00007ff83bfd0000 - 0x00007ff83c324000 	C:\WINDOWS\System32\combase.dll
0x00007ff839f70000 - 0x00007ff839f9c000 	C:\WINDOWS\SYSTEM32\Wldp.dll
0x00007ff83af30000 - 0x00007ff83afdd000 	C:\WINDOWS\System32\SHCORE.dll
0x00007ff83b170000 - 0x00007ff83b1c5000 	C:\WINDOWS\System32\shlwapi.dll
0x00007ff83a450000 - 0x00007ff83a46f000 	C:\WINDOWS\SYSTEM32\profapi.dll
0x00007ff82e250000 - 0x00007ff82e263000 	C:\Program Files\Java\jdk-18\bin\net.dll
0x00007ff831f50000 - 0x00007ff832059000 	C:\WINDOWS\SYSTEM32\WINHTTP.dll
0x00007ff839cd0000 - 0x00007ff839d3a000 	C:\WINDOWS\system32\mswsock.dll
0x00007ff82e230000 - 0x00007ff82e246000 	C:\Program Files\Java\jdk-18\bin\nio.dll
0x00007ff82e1e0000 - 0x00007ff82e1f8000 	C:\Program Files\Java\jdk-18\bin\zip.dll
0x00007ff82e1d0000 - 0x00007ff82e1e0000 	C:\Program Files\Java\jdk-18\bin\verify.dll

dbghelp: loaded successfully - version: 4.0.5 - missing functions: none
symbol engine: initialized successfully - sym options: 0x614 - pdb path: .;C:\Program Files\Java\jdk-18\bin;C:\WINDOWS\SYSTEM32;C:\WINDOWS\WinSxS\amd64_microsoft.windows.common-controls_6595b64144ccf1df_6.0.19041.1110_none_60b5254171f9507e;C:\Program Files\Java\jdk-18\bin\server

VM Arguments:
jvm_args: -Dfile.encoding=UTF-8 
java_command: com.thoughtworks.gauge.GaugeRuntime
java_class_path (initial): C:\Users\testinium\.jdks\openjdk-18!\java.base;C:\Users\testinium\.jdks\openjdk-18!\java.compiler;C:\Users\testinium\.jdks\openjdk-18!\java.datatransfer;C:\Users\testinium\.jdks\openjdk-18!\java.desktop;C:\Users\testinium\.jdks\openjdk-18!\java.instrument;C:\Users\testinium\.jdks\openjdk-18!\java.logging;C:\Users\testinium\.jdks\openjdk-18!\java.management;C:\Users\testinium\.jdks\openjdk-18!\java.management.rmi;C:\Users\testinium\.jdks\openjdk-18!\java.naming;C:\Users\testinium\.jdks\openjdk-18!\java.net.http;C:\Users\testinium\.jdks\openjdk-18!\java.prefs;C:\Users\testinium\.jdks\openjdk-18!\java.rmi;C:\Users\testinium\.jdks\openjdk-18!\java.scripting;C:\Users\testinium\.jdks\openjdk-18!\java.se;C:\Users\testinium\.jdks\openjdk-18!\java.security.jgss;C:\Users\testinium\.jdks\openjdk-18!\java.security.sasl;C:\Users\testinium\.jdks\openjdk-18!\java.smartcardio;C:\Users\testinium\.jdks\openjdk-18!\java.sql;C:\Users\testinium\.jdks\openjdk-18!\java.sql.rowset;C:\Users\testinium\.jdks\openjdk-18!\java.transaction.xa;C:\Users\testinium\.jdks\openjdk-18!\java.xml;C:\Users\testinium\.jdks\openjdk-18!\java.xml.crypto;C:\Users\testinium\.jdks\openjdk-18!\jdk.accessibility;C:\Users\testinium\.jdks\openjdk-18!\jdk.attach;C:\Users\testinium\.jdks\openjdk-18!\jdk.charsets;C:\Users\testinium\.jdks\openjdk-18!\jdk.compiler;C:\Users\testinium\.jdks\openjdk-18!\jdk.crypto.cryptoki;C:\Users\testinium\.jdks\openjdk-18!\jdk.crypto.ec;C:\Users\testinium\.jdks\openjdk-18!\jdk.crypto.mscapi;C:\Users\testinium\.jdks\openjdk-18!\jdk.dynalink;C:\Users\testinium\.jdks\openjdk-18!\jdk.editpad;C:\Users\testinium\.jdks\openjdk-18!\jdk.hotspot.agent;C:\Users\testinium\.jdks\openjdk-18!\jdk.httpserver;C:\Users\testinium\.jdks\openjdk-18!\jdk.incubator.foreign;C:\Users\testinium\.jdks\openjdk-18!\jdk.incubator.vector;C:\Users\testinium\.jdks\openjdk-18!\jdk.internal.ed;C:\Users\testinium\.jdks\openjdk-18!\jdk.internal.jvmstat;C:\Users\testinium\.jdks\openjdk-18!\jdk.internal.le;C:\Users\testinium\.jdks\openjdk-18!\jdk.internal.opt;C:\Users\testinium\.jdks\openjdk-18!\jdk.internal.vm.ci;C:\Users\testinium\.jdks\openjdk-18!\jdk.internal.vm.compiler;C:\Users\testinium\.jdks\openjdk-18!\jdk.internal.vm.compiler.management;C:\Users\testinium\.jdks\openjdk-18!\jdk.jartool;C:\Users\testinium\.jdks\openjdk-18!\jdk.javadoc;C:\Users\testinium\.jdks\openjdk-18!\jdk.jcmd;C:\Users\testinium\.jdks\openjdk-18!\jdk.jconsole;C:\Users\testinium\.jdks\openjdk-18!\jdk.jdeps;C:\Users\testinium\.jdks\openjdk-18!\jdk.jdi;C:\Users\testinium\.jdks\openjdk-18!\jdk.jdwp.agent;C:\Users\testinium\.jdks\openjdk-18!\jdk.jfr;C:\Users\testinium\.jdks\openjdk-18!\jdk.jlink;C:\Users\testinium\.jdks\openjdk-18!\jdk.jpackage;C:\Users\testinium\.jdks\openjdk-18!\jdk.jshell;C:\Users\testinium\.jdks\openjdk-18!\jdk.jsobject;C:\Users\testinium\.jdks\openjdk-18!\jdk.jstatd;C:\Users\testinium\.jdks\openjdk-18!\jdk.localedata;C:\Users\testinium\.jdks\openjdk-18!\jdk.management;C:\Users\testinium\.jdks\openjdk-18!\jdk.management.agent;C:\Users\testinium\.jdks\openjdk-18!\jdk.management.jfr;C:\Users\testinium\.jdks\openjdk-18!\jdk.naming.dns;C:\Users\testinium\.jdks\openjdk-18!\jdk.naming.rmi;C:\Users\testinium\.jdks\openjdk-18!\jdk.net;C:\Users\testinium\.jdks\openjdk-18!\jdk.nio.mapmode;C:\Users\testinium\.jdks\openjdk-18!\jdk.random;C:\Users\testinium\.jdks\openjdk-18!\jdk.sctp;C:\Users\testinium\.jdks\openjdk-18!\jdk.security.auth;C:\Users\testinium\.jdks\openjdk-18!\jdk.security.jgss;C:\Users\testinium\.jdks\openjdk-18!\jdk.unsupported;C:\Users\testinium\.jdks\openjdk-18!\jdk.unsupported.desktop;C:\Users\testinium\.jdks\openjdk-18!\jdk.xml.dom;C:\Users\testinium\.jdks\openjdk-18!\jdk.zipfs;C:\Users\testinium\Desktop\OzdilekteyimMobilTest\target\test-classes;C:\Users\testinium\.m2\repository\junit\junit\4.12\junit-4.12.jar;C:\Users\testinium\.m2\repository\org\hamcrest\hamcrest-core\1.3\hamcrest-core-1.3.jar;C:\Users\testinium\.m2\repository\com\thoughtworks\gauge\gauge-java\0.7.3\gauge-java-0.7.3.jar;C:\Users\testinium\.m2\repository\org\assertj\assertj-core\3.14.0\assertj-core-3.14.0.jar;C:\Users\testinium\.m2\repository\org\reflections\reflections\0.9.11\reflections-0.9.11.jar;C:\Users\testinium\.m2\repository\org\javassist\javassist\3.21.0-GA\javassist-3.21.0-GA.jar;C:\Users\testinium\.m2\repository\com\github\javaparser\javaparser-core\2.5.1\javaparser-core-2.5.1.jar;C:\Users\testinium\.m2\repository\commons-io\commons-io\2.6\commons-io-2.6.jar;C:\Users\testinium\.m2\repository\commons-lang\commons-lang\2.6\commons-lang-2.6.jar;C:\Users\testinium\.m2\repository\org\json\json\20190722\json-20190722.jar;C:\Users\testinium\.m2\repository\com\google\protobuf\protobuf-java\3.10.0\protobuf-java-3.10.0.jar;C:\Users\testinium\.m2\repository\com\google\guava\guava\28.1-jre\guava-28.1-jre.jar;C:\Users\testinium\.m2\repository\com\google\guava\failureaccess\1.0.1\failureaccess-1.0.1.jar;C:\Users\testinium\.m2\repository\com\google\guava\listenablefuture\9999.0-empty-to-avoid-conflict-with-guava\listenablefuture-9999.0-empty-to-avoid-conflict-with-guava.jar;C:\Users\testinium\.m2\repository\com\google\code\findbugs\jsr305\3.0.2\jsr305-3.0.2.jar;C:\Users\testinium\.m2\repository\org\checkerframework\checker-qual\2.8.1\checker-qual-2.8.1.jar;C:\Users\testinium\.m2\repository\com\google\errorprone\error_prone_annotations\2.3.2\error_prone_annotations-2.3.2.jar;C:\Users\testinium\.m2\repository\com\google\j2objc\j2objc-annotations\1.3\j2objc-annotations-1.3.jar;C:\Users\testinium\.m2\repository\org\codehaus\mojo\animal-sniffer-annotations\1.18\animal-sniffer-annotations-1.18.jar;C:\Users\testinium\.m2\repository\io\grpc\grpc-netty-shaded\1.25.0\grpc-netty-shaded-1.25.0.jar;C:\Users\testinium\.m2\repository\io\grpc\grpc-core\1.25.0\grpc-core-1.25.0.jar;C:\Users\testinium\.m2\repository\io\grpc\grpc-api\1.25.0\grpc-api-1.25.0.jar;C:\Users\testinium\.m2\repository\io\grpc\grpc-context\1.25.0\grpc-context-1.25.0.jar;C:\Users\testinium\.m2\repository\com\google\android\annotations\4.1.1.4\annotations-4.1.1.4.jar;C:\Users\testinium\.m2\repository\io\perfmark\perfmark-api\0.19.0\perfmark-api-0.19.0.jar;C:\Users\testinium\.m2\repository\io\opencensus\opencensus-api\0.21.0\opencensus-api-0.21.0.jar;C:\Users\testinium\.m2\repository\io\opencensus\opencensus-contrib-grpc-metrics\0.21.0\opencensus-contrib-grpc-metrics-0.21.0.jar;C:\Users\testinium\.m2\repository\io\grpc\grpc-protobuf\1.24.1\grpc-protobuf-1.24.1.jar;C:\Users\testinium\.m2\repository\com\google\api\grpc\proto-google-common-protos\1.12.0\proto-google-common-protos-1.12.0.jar;C:\Users\testinium\.m2\repository\io\grpc\grpc-protobuf-lite\1.24.1\grpc-protobuf-lite-1.24.1.jar;C:\Users\testinium\.m2\repository\io\grpc\grpc-stub\1.24.1\grpc-stub-1.24.1.jar;C:\Users\testinium\.m2\repository\javax\annotation\javax.annotation-api\1.3.2\javax.annotation-api-1.3.2.jar;C:\Users\testinium\.m2\repository\io\appium\java-client\7.3.0\java-client-7.3.0.jar;C:\Users\testinium\.m2\repository\org\seleniumhq\selenium\selenium-java\3.141.59\selenium-java-3.141.59.jar;C:\Users\testinium\.m2\repository\org\seleniumhq\selenium\selenium-chrome-driver\3.141.59\selenium-chrome-driver-3.141.59.jar;C:\Users\testinium\.m2\repository\org\seleniumhq\selenium\selenium-edge-driver\3.141.59\selenium-edge-driver-3.141.59.jar;C:\Users\testinium\.m2\repository\org\seleniumhq\selenium\selenium-firefox-driver\3.141.59\selenium-firefox-driver-3.141.59.jar;C:\Users\testinium\.m2\repository\org\seleniumhq\selenium\selenium-ie-driver\3.141.59\selenium-ie-driver-3.141.59.jar;C:\Users\testinium\.m2\repository\org\seleniumhq\selenium\selenium-opera-driver\3.141.59\selenium-opera-driver-3.141.59.jar;C:\Users\testinium\.m2\repository\org\seleniumhq\selenium\selenium-remote-driver\3.141.59\selenium-remote-driver-3.141.59.jar;C:\Users\testinium\.m2\repository\org\seleniumhq\selenium\selenium-safari-driver\3.141.59\selenium-safari-driver-3.141.59.jar;C:\Users\testinium\.m2\repository\net\bytebuddy\byte-buddy\1.8.15\byte-buddy-1.8.15.jar;C:\Users\testinium\.m2\repository\org\apache\commons\commons-exec\1.3\commons-exec-1.3.jar;C:\Users\testinium\.m2\repository\com\squareup\okhttp3\okhttp\3.11.0\okhttp-3.11.0.jar;C:\Users\testinium\.m2\repository\com\squareup\okio\okio\1.14.0\okio-1.14.0.jar;C:\Users\testinium\.m2\repository\org\seleniumhq\selenium\selenium-support\3.141.59\selenium-support-3.141.59.jar;C:\Users\testinium\.m2\repository\org\seleniumhq\selenium\selenium-api\3.141.59\selenium-api-3.141.59.jar;C:\Users\testinium\.m2\repository\com\google\code\gson\gson\2.8.5\gson-2.8.5.jar;C:\Users\testinium\.m2\repository\org\apache\httpcomponents\httpclient\4.5.9\httpclient-4.5.9.jar;C:\Users\testinium\.m2\repository\org\apache\httpcomponents\httpcore\4.4.11\httpcore-4.4.11.jar;C:\Users\testinium\.m2\repository\commons-logging\commons-logging\1.2\commons-logging-1.2.jar;C:\Users\testinium\.m2\repository\commons-codec\commons-codec\1.11\commons-codec-1.11.jar;C:\Users\testinium\.m2\repository\cglib\cglib\3.2.12\cglib-3.2.12.jar;C:\Users\testinium\.m2\repository\org\ow2\asm\asm\7.1\asm-7.1.jar;C:\Users\testinium\.m2\repository\commons-validator\commons-validator\1.6\commons-validator-1.6.jar;C:\Users\testinium\.m2\repository\commons-beanutils\commons-beanutils\1.9.2\commons-beanutils-1.9.2.jar;C:\Users\testinium\.m2\repository\commons-digester\commons-digester\1.8.1\commons-digester-1.8.1.jar;C:\Users\testinium\.m2\repository\commons-collections\commons-collections\3.2.2\commons-collections-3.2.2.jar;C:\Users\testinium\.m2\repository\org\apache\commons\commons-lang3\3.9\commons-lang3-3.9.jar;C:\Users\testinium\.m2\repository\org\springframework\spring-context\5.1.8.RELEASE\spring-context-5.1.8.RELEASE.jar;C:\Users\testinium\.m2\repository\org\springframework\spring-aop\5.1.8.RELEASE\spring-aop-5.1.8.RELEASE.jar;C:\Users\testinium\.m2\repository\org\springframework\spring-beans\5.1.8.RELEASE\spring-beans-5.1.8.RELEASE.jar;C:\Users\testinium\.m2\repository\org\springframework\spring-core\5.1.8.RELEASE\spring-core-5.1.8.RELEASE.jar;C:\Users\testinium\.m2\repository\org\springframework\spring-jcl\5.1.8.RELEASE\spring-jcl-5.1.8.RELEASE.jar;C:\Users\testinium\.m2\repository\org\springframework\spring-expression\5.1.8.RELEASE\spring-expression-5.1.8.RELEASE.jar;C:\Users\testinium\.m2\repository\org\aspectj\aspectjweaver\1.9.4\aspectjweaver-1.9.4.jar;C:\Users\testinium\.m2\repository\org\slf4j\slf4j-api\1.7.30\slf4j-api-1.7.30.jar;C:\Users\testinium\.m2\repository\org\slf4j\slf4j-log4j12\1.7.30\slf4j-log4j12-1.7.30.jar;C:\Users\testinium\.m2\repository\log4j\log4j\1.2.17\log4j-1.2.17.jar
Launcher Type: SUN_STANDARD

[Global flags]
     intx CICompilerCount                          = 4                                         {product} {ergonomic}
     uint ConcGCThreads                            = 2                                         {product} {ergonomic}
     uint G1ConcRefinementThreads                  = 8                                         {product} {ergonomic}
   size_t G1HeapRegionSize                         = 1048576                                   {product} {ergonomic}
    uintx GCDrainStackTargetSize                   = 64                                        {product} {ergonomic}
   size_t InitialHeapSize                          = 130023424                                 {product} {ergonomic}
   size_t MarkStackSize                            = 4194304                                   {product} {ergonomic}
   size_t MaxHeapSize                              = 2069889024                                {product} {ergonomic}
   size_t MaxNewSize                               = 1241513984                                {product} {ergonomic}
   size_t MinHeapDeltaBytes                        = 1048576                                   {product} {ergonomic}
   size_t MinHeapSize                              = 8388608                                   {product} {ergonomic}
    uintx NonNMethodCodeHeapSize                   = 5839372                                {pd product} {ergonomic}
    uintx NonProfiledCodeHeapSize                  = 122909434                              {pd product} {ergonomic}
    uintx ProfiledCodeHeapSize                     = 122909434                              {pd product} {ergonomic}
    uintx ReservedCodeCacheSize                    = 251658240                              {pd product} {ergonomic}
     bool SegmentedCodeCache                       = true                                      {product} {ergonomic}
   size_t SoftMaxHeapSize                          = 2069889024                             {manageable} {ergonomic}
     bool UseCompressedClassPointers               = true                           {product lp64_product} {ergonomic}
     bool UseCompressedOops                        = true                           {product lp64_product} {ergonomic}
     bool UseG1GC                                  = true                                      {product} {ergonomic}
     bool UseLargePagesIndividualAllocation        = false                                  {pd product} {ergonomic}

Logging:
Log output configuration:
 #0: stdout all=warning uptime,level,tags foldmultilines=false
 #1: stderr all=off uptime,level,tags foldmultilines=false

Environment Variables:
JAVA_HOME=C:\Program Files\Java\jdk-18
CLASSPATH=C:\Users\testinium\.jdks\openjdk-18!\java.base;C:\Users\testinium\.jdks\openjdk-18!\java.compiler;C:\Users\testinium\.jdks\openjdk-18!\java.datatransfer;C:\Users\testinium\.jdks\openjdk-18!\java.desktop;C:\Users\testinium\.jdks\openjdk-18!\java.instrument;C:\Users\testinium\.jdks\openjdk-18!\java.logging;C:\Users\testinium\.jdks\openjdk-18!\java.management;C:\Users\testinium\.jdks\openjdk-18!\java.management.rmi;C:\Users\testinium\.jdks\openjdk-18!\java.naming;C:\Users\testinium\.jdks\openjdk-18!\java.net.http;C:\Users\testinium\.jdks\openjdk-18!\java.prefs;C:\Users\testinium\.jdks\openjdk-18!\java.rmi;C:\Users\testinium\.jdks\openjdk-18!\java.scripting;C:\Users\testinium\.jdks\openjdk-18!\java.se;C:\Users\testinium\.jdks\openjdk-18!\java.security.jgss;C:\Users\testinium\.jdks\openjdk-18!\java.security.sasl;C:\Users\testinium\.jdks\openjdk-18!\java.smartcardio;C:\Users\testinium\.jdks\openjdk-18!\java.sql;C:\Users\testinium\.jdks\openjdk-18!\java.sql.rowset;C:\Users\testinium\.jdks\openjdk-18!\java.transaction.xa;C:\Users\testinium\.jdks\openjdk-18!\java.xml;C:\Users\testinium\.jdks\openjdk-18!\java.xml.crypto;C:\Users\testinium\.jdks\openjdk-18!\jdk.accessibility;C:\Users\testinium\.jdks\openjdk-18!\jdk.attach;C:\Users\testinium\.jdks\openjdk-18!\jdk.charsets;C:\Users\testinium\.jdks\openjdk-18!\jdk.compiler;C:\Users\testinium\.jdks\openjdk-18!\jdk.crypto.cryptoki;C:\Users\testinium\.jdks\openjdk-18!\jdk.crypto.ec;C:\Users\testinium\.jdks\openjdk-18!\jdk.crypto.mscapi;C:\Users\testinium\.jdks\openjdk-18!\jdk.dynalink;C:\Users\testinium\.jdks\openjdk-18!\jdk.editpad;C:\Users\testinium\.jdks\openjdk-18!\jdk.hotspot.agent;C:\Users\testinium\.jdks\openjdk-18!\jdk.httpserver;C:\Users\testinium\.jdks\openjdk-18!\jdk.incubator.foreign;C:\Users\testinium\.jdks\openjdk-18!\jdk.incubator.vector;C:\Users\testinium\.jdks\openjdk-18!\jdk.internal.ed;C:\Users\testinium\.jdks\openjdk-18!\jdk.internal.jvmstat;C:\Users\testinium\.jdks\openjdk-18!\jdk.internal.le;C:\Users\testinium\.jdks\openjdk-18!\jdk.internal.opt;C:\Users\testinium\.jdks\openjdk-18!\jdk.internal.vm.ci;C:\Users\testinium\.jdks\openjdk-18!\jdk.internal.vm.compiler;C:\Users\testinium\.jdks\openjdk-18!\jdk.internal.vm.compiler.management;C:\Users\testinium\.jdks\openjdk-18!\jdk.jartool;C:\Users\testinium\.jdks\openjdk-18!\jdk.javadoc;C:\Users\testinium\.jdks\openjdk-18!\jdk.jcmd;C:\Users\testinium\.jdks\openjdk-18!\jdk.jconsole;C:\Users\testinium\.jdks\openjdk-18!\jdk.jdeps;C:\Users\testinium\.jdks\openjdk-18!\jdk.jdi;C:\Users\testinium\.jdks\openjdk-18!\jdk.jdwp.agent;C:\Users\testinium\.jdks\openjdk-18!\jdk.jfr;C:\Users\testinium\.jdks\openjdk-18!\jdk.jlink;C:\Users\testinium\.jdks\openjdk-18!\jdk.jpackage;C:\Users\testinium\.jdks\openjdk-18!\jdk.jshell;C:\Users\testinium\.jdks\openjdk-18!\jdk.jsobject;C:\Users\testinium\.jdks\openjdk-18!\jdk.jstatd;C:\Users\testinium\.jdks\openjdk-18!\jdk.localedata;C:\Users\testinium\.jdks\openjdk-18!\jdk.management;C:\Users\testinium\.jdks\openjdk-18!\jdk.management.agent;C:\Users\testinium\.jdks\openjdk-18!\jdk.management.jfr;C:\Users\testinium\.jdks\openjdk-18!\jdk.naming.dns;C:\Users\testinium\.jdks\openjdk-18!\jdk.naming.rmi;C:\Users\testinium\.jdks\openjdk-18!\jdk.net;C:\Users\testinium\.jdks\openjdk-18!\jdk.nio.mapmode;C:\Users\testinium\.jdks\openjdk-18!\jdk.random;C:\Users\testinium\.jdks\openjdk-18!\jdk.sctp;C:\Users\testinium\.jdks\openjdk-18!\jdk.security.auth;C:\Users\testinium\.jdks\openjdk-18!\jdk.security.jgss;C:\Users\testinium\.jdks\openjdk-18!\jdk.unsupported;C:\Users\testinium\.jdks\openjdk-18!\jdk.unsupported.desktop;C:\Users\testinium\.jdks\openjdk-18!\jdk.xml.dom;C:\Users\testinium\.jdks\openjdk-18!\jdk.zipfs;C:\Users\testinium\Desktop\OzdilekteyimMobilTest\target\test-classes;C:\Users\testinium\.m2\repository\junit\junit\4.12\junit-4.12.jar;C:\Users\testinium\.m2\repository\org\hamcrest\hamcrest-core\1.3\hamcrest-core-1.3.jar;C:\Users\testinium\.m2\repository\com\thoughtworks\gauge\gauge-java\0.7.3\gauge-java-0.7.3.jar;C:\Users\testinium\.m2\repository\org\assertj\assertj-core\3.14.0\assertj-core-3.14.0.jar;C:\Users\testinium\.m2\repository\org\reflections\reflections\0.9.11\reflections-0.9.11.jar;C:\Users\testinium\.m2\repository\org\javassist\javassist\3.21.0-GA\javassist-3.21.0-GA.jar;C:\Users\testinium\.m2\repository\com\github\javaparser\javaparser-core\2.5.1\javaparser-core-2.5.1.jar;C:\Users\testinium\.m2\repository\commons-io\commons-io\2.6\commons-io-2.6.jar;C:\Users\testinium\.m2\repository\commons-lang\commons-lang\2.6\commons-lang-2.6.jar;C:\Users\testinium\.m2\repository\org\json\json\20190722\json-20190722.jar;C:\Users\testinium\.m2\repository\com\google\protobuf\protobuf-java\3.10.0\protobuf-java-3.10.0.jar;C:\Users\testinium\.m2\repository\com\google\guava\guava\28.1-jre\guava-28.1-jre.jar;C:\Users\testinium\.m2\repository\com\google\guava\failureaccess\1.0.1\failureaccess-1.0.1.jar;C:\Users\testinium\.m2\repository\com\google\guava\listenablefuture\9999.0-empty-to-avoid-conflict-with-guava\listenablefuture-9999.0-empty-to-avoid-conflict-with-guava.jar;C:\Users\testinium\.m2\repository\com\google\code\findbugs\jsr305\3.0.2\jsr305-3.0.2.jar;C:\Users\testinium\.m2\repository\org\checkerframework\checker-qual\2.8.1\checker-qual-2.8.1.jar;C:\Users\testinium\.m2\repository\com\google\errorprone\error_prone_annotations\2.3.2\error_prone_annotations-2.3.2.jar;C:\Users\testinium\.m2\repository\com\google\j2objc\j2objc-annotations\1.3\j2objc-annotations-1.3.jar;C:\Users\testinium\.m2\repository\org\codehaus\mojo\animal-sniffer-annotations\1.18\animal-sniffer-annotations-1.18.jar;C:\Users\testinium\.m2\repository\io\grpc\grpc-netty-shaded\1.25.0\grpc-netty-shaded-1.25.0.jar;C:\Users\testinium\.m2\repository\io\grpc\grpc-core\1.25.0\grpc-core-1.25.0.jar;C:\Users\testinium\.m2\repository\io\grpc\grpc-api\1.25.0\grpc-api-1.25.0.jar;C:\Users\testinium\.m2\repository\io\grpc\grpc-context\1.25.0\grpc-context-1.25.0.jar;C:\Users\testinium\.m2\repository\com\google\android\annotations\4.1.1.4\annotations-4.1.1.4.jar;C:\Users\testinium\.m2\repository\io\perfmark\perfmark-api\0.19.0\perfmark-api-0.19.0.jar;C:\Users\testinium\.m2\repository\io\opencensus\opencensus-api\0.21.0\opencensus-api-0.21.0.jar;C:\Users\testinium\.m2\repository\io\opencensus\opencensus-contrib-grpc-metrics\0.21.0\opencensus-contrib-grpc-metrics-0.21.0.jar;C:\Users\testinium\.m2\repository\io\grpc\grpc-protobuf\1.24.1\grpc-protobuf-1.24.1.jar;C:\Users\testinium\.m2\repository\com\google\api\grpc\proto-google-common-protos\1.12.0\proto-google-common-protos-1.12.0.jar;C:\Users\testinium\.m2\repository\io\grpc\grpc-protobuf-lite\1.24.1\grpc-protobuf-lite-1.24.1.jar;C:\Users\testinium\.m2\repository\io\grpc\grpc-stub\1.24.1\grpc-stub-1.24.1.jar;C:\Users\testinium\.m2\repository\javax\annotation\javax.annotation-api\1.3.2\javax.annotation-api-1.3.2.jar;C:\Users\testinium\.m2\repository\io\appium\java-client\7.3.0\java-client-7.3.0.jar;C:\Users\testinium\.m2\repository\org\seleniumhq\selenium\selenium-java\3.141.59\selenium-java-3.141.59.jar;C:\Users\testinium\.m2\repository\org\seleniumhq\selenium\selenium-chrome-driver\3.141.59\selenium-chrome-driver-3.141.59.jar;C:\Users\testinium\.m2\repository\org\seleniumhq\selenium\selenium-edge-driver\3.141.59\selenium-edge-driver-3.141.59.jar;C:\Users\testinium\.m2\repository\org\seleniumhq\selenium\selenium-firefox-driver\3.141.59\selenium-firefox-driver-3.141.59.jar;C:\Users\testinium\.m2\repository\org\seleniumhq\selenium\selenium-ie-driver\3.141.59\selenium-ie-driver-3.141.59.jar;C:\Users\testinium\.m2\repository\org\seleniumhq\selenium\selenium-opera-driver\3.141.59\selenium-opera-driver-3.141.59.jar;C:\Users\testinium\.m2\repository\org\seleniumhq\selenium\selenium-remote-driver\3.141.59\selenium-remote-driver-3.141.59.jar;C:\Users\testinium\.m2\repository\org\seleniumhq\selenium\selenium-safari-driver\3.141.59\selenium-safari-driver-3.141.59.jar;C:\Users\testinium\.m2\repository\net\bytebuddy\byte-buddy\1.8.15\byte-buddy-1.8.15.jar;C:\Users\testinium\.m2\repository\org\apache\commons\commons-exec\1.3\commons-exec-1.3.jar;C:\Users\testinium\.m2\repository\com\squareup\okhttp3\okhttp\3.11.0\okhttp-3.11.0.jar;C:\Users\testinium\.m2\repository\com\squareup\okio\okio\1.14.0\okio-1.14.0.jar;C:\Users\testinium\.m2\repository\org\seleniumhq\selenium\selenium-support\3.141.59\selenium-support-3.141.59.jar;C:\Users\testinium\.m2\repository\org\seleniumhq\selenium\selenium-api\3.141.59\selenium-api-3.141.59.jar;C:\Users\testinium\.m2\repository\com\google\code\gson\gson\2.8.5\gson-2.8.5.jar;C:\Users\testinium\.m2\repository\org\apache\httpcomponents\httpclient\4.5.9\httpclient-4.5.9.jar;C:\Users\testinium\.m2\repository\org\apache\httpcomponents\httpcore\4.4.11\httpcore-4.4.11.jar;C:\Users\testinium\.m2\repository\commons-logging\commons-logging\1.2\commons-logging-1.2.jar;C:\Users\testinium\.m2\repository\commons-codec\commons-codec\1.11\commons-codec-1.11.jar;C:\Users\testinium\.m2\repository\cglib\cglib\3.2.12\cglib-3.2.12.jar;C:\Users\testinium\.m2\repository\org\ow2\asm\asm\7.1\asm-7.1.jar;C:\Users\testinium\.m2\repository\commons-validator\commons-validator\1.6\commons-validator-1.6.jar;C:\Users\testinium\.m2\repository\commons-beanutils\commons-beanutils\1.9.2\commons-beanutils-1.9.2.jar;C:\Users\testinium\.m2\repository\commons-digester\commons-digester\1.8.1\commons-digester-1.8.1.jar;C:\Users\testinium\.m2\repository\commons-collections\commons-collections\3.2.2\commons-collections-3.2.2.jar;C:\Users\testinium\.m2\repository\org\apache\commons\commons-lang3\3.9\commons-lang3-3.9.jar;C:\Users\testinium\.m2\repository\org\springframework\spring-context\5.1.8.RELEASE\spring-context-5.1.8.RELEASE.jar;C:\Users\testinium\.m2\repository\org\springframework\spring-aop\5.1.8.RELEASE\spring-aop-5.1.8.RELEASE.jar;C:\Users\testinium\.m2\repository\org\springframework\spring-beans\5.1.8.RELEASE\spring-beans-5.1.8.RELEASE.jar;C:\Users\testinium\.m2\repository\org\springframework\spring-core\5.1.8.RELEASE\spring-core-5.1.8.RELEASE.jar;C:\Users\testinium\.m2\repository\org\springframework\spring-jcl\5.1.8.RELEASE\spring-jcl-5.1.8.RELEASE.jar;C:\Users\testinium\.m2\repository\org\springframework\spring-expression\5.1.8.RELEASE\spring-expression-5.1.8.RELEASE.jar;C:\Users\testinium\.m2\repository\org\aspectj\aspectjweaver\1.9.4\aspectjweaver-1.9.4.jar;C:\Users\testinium\.m2\repository\org\slf4j\slf4j-api\1.7.30\slf4j-api-1.7.30.jar;C:\Users\testinium\.m2\repository\org\slf4j\slf4j-log4j12\1.7.30\slf4j-log4j12-1.7.30.jar;C:\Users\testinium\.m2\repository\log4j\log4j\1.2.17\log4j-1.2.17.jar
PATH=C:\Program Files\Common Files\Oracle\Java\javapath;C:\Windows\system32;C:\Windows;C:\Windows\System32\Wbem;C:\Windows\System32\WindowsPowerShell\v1.0\;C:\Windows\System32\OpenSSH\;C:\Program Files\NVIDIA Corporation\NVIDIA NvDLISR;C:\Program Files\Git\cmd;C:\WINDOWS\system32;C:\WINDOWS;C:\WINDOWS\System32\Wbem;C:\WINDOWS\System32\WindowsPowerShell\v1.0\;C:\WINDOWS\System32\OpenSSH\;C:\Program Files (x86)\Micro Focus\Unified Functional Testing\bin;C:\Program Files\nodejs\;C:\Program Files\Gauge\bin;C:\Users\testinium\AppData\Local\Android\Sdk\platform-tools;C:\Users\testinium\AppData\Local\Android\Sdk\build-tools;C:\Users\testinium\AppData\Local\Android\Sdk\platforms;C:\Program Files\maven\apache-maven-3.8.5\bin;C:\Users\testinium\AppData\Local\Microsoft\WindowsApps;C:\Users\testinium\AppData\Local\GitHubDesktop\bin;C:\Users\testinium\AppData\Roaming\npm;C:\Program Files\apache-maven-3.8.5-bin;;C:\Users\testinium\AppData\Roaming\gauge\plugins\screenshot\0.0.1
USERNAME=testinium
OS=Windows_NT
PROCESSOR_IDENTIFIER=Intel64 Family 6 Model 140 Stepping 1, GenuineIntel



---------------  S Y S T E M  ---------------

OS:
 Windows 10 , 64 bit Build 19041 (10.0.19041.1566)
OS uptime: 0 days 3:27 hours

CPU: total 8 (initial active 8) (4 cores per cpu, 2 threads per core) family 6 model 140 stepping 1 microcode 0x66, cx8, cmov, fxsr, ht, mmx, 3dnowpref, sse, sse2, sse3, ssse3, sse4.1, sse4.2, popcnt, lzcnt, tsc, tscinvbit, avx, avx2, aes, erms, clmul, bmi1, bmi2, adx, avx512f, avx512dq, avx512cd, avx512bw, avx512vl, sha, fma, vzeroupper, avx512_vpopcntdq, avx512_vpclmulqdq, avx512_vaes, avx512_vnni, clflush, clflushopt, clwb, avx512_vbmi2, avx512_vbmi

Memory: 4k page, system-wide physical 7894M (112M free)
TotalPageFile size 32470M (AvailPageFile size 21M)
current process WorkingSet (physical memory assigned to process): 209M, peak: 212M
current process commit charge ("private bytes"): 298M, peak: 334M

vm_info: Java HotSpot(TM) 64-Bit Server VM (18+36-2087) for windows-amd64 JRE (18+36-2087), built on Feb 15 2022 09:43:11 by "mach5one" with MS VC++ 16.8 / 16.9 (VS2019)

END.
