#
# There is insufficient memory for the Java Runtime Environment to continue.
# Native memory allocation (malloc) failed to allocate 635376 bytes for Chunk::new
# Possible reasons:
#   The system is out of physical RAM or swap space
#   The process is running with CompressedOops enabled, and the Java Heap may be blocking the growth of the native heap
# Possible solutions:
#   Reduce memory load on the system
#   Increase physical memory or swap space
#   Check if swap backing store is full
#   Decrease Java heap size (-Xmx/-Xms)
#   Decrease number of Java threads
#   Decrease Java thread stack sizes (-Xss)
#   Set larger code cache with -XX:ReservedCodeCacheSize=
#   JVM is running with Unscaled Compressed Oops mode in which the Java heap is
#     placed in the first 4GB address space. The Java Heap base address is the
#     maximum limit for the native heap growth. Please use -XX:HeapBaseMinAddress
#     to set the Java Heap base and to place the Java Heap above 4GB virtual address.
# This output file may be truncated or incomplete.
#
#  Out of Memory Error (arena.cpp:184), pid=14472, tid=13496
#
# JRE version: Java(TM) SE Runtime Environment (18.0+36) (build 18+36-2087)
# Java VM: Java HotSpot(TM) 64-Bit Server VM (18+36-2087, mixed mode, sharing, tiered, compressed oops, compressed class ptrs, g1 gc, windows-amd64)
# No core dump will be written. Minidumps are not enabled by default on client versions of Windows
#

---------------  S U M M A R Y ------------

Command Line: -Dfile.encoding=UTF-8 com.thoughtworks.gauge.GaugeRuntime

Host: 11th Gen Intel(R) Core(TM) i5-1135G7 @ 2.40GHz, 8 cores, 7G,  Windows 10 , 64 bit Build 19041 (10.0.19041.1566)
Time: Mon Apr  4 13:23:05 2022 Türkiye Standart Saati elapsed time: 3.380389 seconds (0d 0h 0m 3s)

---------------  T H R E A D  ---------------

Current thread (0x0000024118f2aa80):  JavaThread "C2 CompilerThread0" daemon [_thread_in_native, id=13496, stack(0x00000077f4100000,0x00000077f4200000)]


Current CompileTask:
C2:   3380 1551       4       jdk.internal.loader.URLClassPath::getResource (74 bytes)

Stack: [0x00000077f4100000,0x00000077f4200000]
Native frames: (J=compiled Java code, j=interpreted, Vv=VM code, C=native code)
V  [jvm.dll+0x69804a]
V  [jvm.dll+0x7f308d]
V  [jvm.dll+0x7f499e]
V  [jvm.dll+0x7f5053]
V  [jvm.dll+0x25ca3f]
V  [jvm.dll+0xb8c2f]
V  [jvm.dll+0xb8fa5]
V  [jvm.dll+0x385a31]
V  [jvm.dll+0x34f811]
V  [jvm.dll+0x34ecaa]
V  [jvm.dll+0x22fc21]
V  [jvm.dll+0x22eff1]
V  [jvm.dll+0x1b9cfc]
V  [jvm.dll+0x23e8ca]
V  [jvm.dll+0x23cbac]
V  [jvm.dll+0x7a5781]
V  [jvm.dll+0x79fbba]
V  [jvm.dll+0x696ef5]
C  [ucrtbase.dll+0x21bb2]
C  [KERNEL32.DLL+0x17034]
C  [ntdll.dll+0x52651]


---------------  P R O C E S S  ---------------

Threads class SMR info:
_java_thread_list=0x000002411e205030, length=13, elements={
0x000002417ae9f210, 0x0000024118f0e9d0, 0x0000024118f0f280, 0x0000024118f23b00,
0x0000024118f243c0, 0x0000024118f28c90, 0x0000024118f29540, 0x0000024118f2aa80,
0x0000024118f3f2f0, 0x0000024118f60c00, 0x000002411d30a610, 0x000002411d3142b0,
0x000002411e1ee170
}

Java Threads: ( => current thread )
  0x000002417ae9f210 JavaThread "main" [_thread_blocked, id=14824, stack(0x00000077f3400000,0x00000077f3500000)]
  0x0000024118f0e9d0 JavaThread "Reference Handler" daemon [_thread_blocked, id=13328, stack(0x00000077f3b00000,0x00000077f3c00000)]
  0x0000024118f0f280 JavaThread "Finalizer" daemon [_thread_blocked, id=1056, stack(0x00000077f3c00000,0x00000077f3d00000)]
  0x0000024118f23b00 JavaThread "Signal Dispatcher" daemon [_thread_blocked, id=10548, stack(0x00000077f3d00000,0x00000077f3e00000)]
  0x0000024118f243c0 JavaThread "Attach Listener" daemon [_thread_blocked, id=3744, stack(0x00000077f3e00000,0x00000077f3f00000)]
  0x0000024118f28c90 JavaThread "Service Thread" daemon [_thread_blocked, id=2452, stack(0x00000077f3f00000,0x00000077f4000000)]
  0x0000024118f29540 JavaThread "Monitor Deflation Thread" daemon [_thread_blocked, id=14768, stack(0x00000077f4000000,0x00000077f4100000)]
=>0x0000024118f2aa80 JavaThread "C2 CompilerThread0" daemon [_thread_in_native, id=13496, stack(0x00000077f4100000,0x00000077f4200000)]
  0x0000024118f3f2f0 JavaThread "C1 CompilerThread0" daemon [_thread_in_native, id=9888, stack(0x00000077f4200000,0x00000077f4300000)]
  0x0000024118f60c00 JavaThread "Sweeper thread" daemon [_thread_blocked, id=13932, stack(0x00000077f4300000,0x00000077f4400000)]
  0x000002411d30a610 JavaThread "Notification Thread" daemon [_thread_blocked, id=14676, stack(0x00000077f4400000,0x00000077f4500000)]
  0x000002411d3142b0 JavaThread "Common-Cleaner" daemon [_thread_blocked, id=2492, stack(0x00000077f4600000,0x00000077f4700000)]
  0x000002411e1ee170 JavaThread "Thread-0" [_thread_in_Java, id=5044, stack(0x00000077f4b00000,0x00000077f4c00000)]

Other Threads:
  0x0000024118f0bc20 VMThread "VM Thread" [stack: 0x00000077f3a00000,0x00000077f3b00000] [id=14420]
  0x000002411d30ecd0 WatcherThread "VM Periodic Task Thread" [stack: 0x00000077f4500000,0x00000077f4600000] [id=13644]
  0x000002417aefe600 WorkerThread "GC Thread#0" [stack: 0x00000077f3500000,0x00000077f3600000] [id=7280]
  0x000002411d88adb0 WorkerThread "GC Thread#1" [stack: 0x00000077f4700000,0x00000077f4800000] [id=1724]
  0x000002411da09070 WorkerThread "GC Thread#2" [stack: 0x00000077f4800000,0x00000077f4900000] [id=2500]
  0x000002411da09310 WorkerThread "GC Thread#3" [stack: 0x00000077f4900000,0x00000077f4a00000] [id=5940]
  0x000002411da099c0 WorkerThread "GC Thread#4" [stack: 0x00000077f4a00000,0x00000077f4b00000] [id=6064]
  0x000002411f062d70 WorkerThread "GC Thread#5" [stack: 0x00000077f4c00000,0x00000077f4d00000] [id=14716]
  0x000002411f306450 WorkerThread "GC Thread#6" [stack: 0x00000077f4d00000,0x00000077f4e00000] [id=11908]
  0x000002411e0d3990 WorkerThread "GC Thread#7" [stack: 0x00000077f4e00000,0x00000077f4f00000] [id=13316]
  0x000002417af0fb10 ConcurrentGCThread "G1 Main Marker" [stack: 0x00000077f3600000,0x00000077f3700000] [id=10852]
  0x000002417af10bb0 WorkerThread "G1 Conc#0" [stack: 0x00000077f3700000,0x00000077f3800000] [id=3100]
  0x000002417af4e3e0 ConcurrentGCThread "G1 Refine#0" [stack: 0x00000077f3800000,0x00000077f3900000] [id=3612]
  0x000002417af4ec00 ConcurrentGCThread "G1 Service" [stack: 0x00000077f3900000,0x00000077f3a00000] [id=5900]

Threads with active compile tasks:
C2 CompilerThread0     3396 1551       4       jdk.internal.loader.URLClassPath::getResource (74 bytes)
C1 CompilerThread0     3396 1602       3       java.math.BigInteger::getInt (63 bytes)

VM state: not at safepoint (normal execution)

VM Mutex/Monitor currently owned by a thread: None

Heap address: 0x0000000084a00000, size: 1974 MB, Compressed Oops mode: 32-bit

CDS archive(s) mapped at: [0x0000000800000000-0x0000000800ba0000-0x0000000800ba0000), size 12189696, SharedBaseAddress: 0x0000000800000000, ArchiveRelocationMode: 0.
Compressed class space mapped at: 0x0000000800c00000-0x0000000840c00000, reserved size: 1073741824
Narrow klass base: 0x0000000800000000, Narrow klass shift: 0, Narrow klass range: 0x100000000

GC Precious Log:
 CardTable entry size: 512
 Card Set container configuration: InlinePtr #cards 5 size 8 Array Of Cards #cards 12 size 40 Howl #buckets 4 coarsen threshold 1843 Howl Bitmap #cards 512 size 80 coarsen threshold 460 Card regions per heap region 1 cards per card region 2048
 CPUs: 8 total, 8 available
 Memory: 7894M
 Large Page Support: Disabled
 NUMA Support: Disabled
 Compressed Oops: Enabled (32-bit)
 Heap Region Size: 1M
 Heap Min Capacity: 8M
 Heap Initial Capacity: 124M
 Heap Max Capacity: 1974M
 Pre-touch: Disabled
 Parallel Workers: 8
 Concurrent Workers: 2
 Concurrent Refinement Workers: 8
 Periodic GC: Disabled

Heap:
 garbage-first heap   total 220160K, used 41373K [0x0000000084a00000, 0x0000000100000000)
  region size 1024K, 35 young (35840K), 9 survivors (9216K)
 Metaspace       used 12730K, committed 12864K, reserved 1114112K
  class space    used 1805K, committed 1856K, reserved 1048576K

Heap Regions: E=young(eden), S=young(survivor), O=old, HS=humongous(starts), HC=humongous(continues), CS=collection set, F=free, OA=open archive, CA=closed archive, TAMS=top-at-mark-start (previous, next)
|   0|0x0000000084a00000, 0x0000000084b00000, 0x0000000084b00000|100%| O|  |TAMS 0x0000000084a00000, 0x0000000084a00000| Untracked 
|   1|0x0000000084b00000, 0x0000000084c00000, 0x0000000084c00000|100%| O|  |TAMS 0x0000000084b00000, 0x0000000084b00000| Untracked 
|   2|0x0000000084c00000, 0x0000000084d00000, 0x0000000084d00000|100%| O|  |TAMS 0x0000000084c00000, 0x0000000084c00000| Untracked 
|   3|0x0000000084d00000, 0x0000000084e00000, 0x0000000084e00000|100%| O|  |TAMS 0x0000000084d00000, 0x0000000084d00000| Untracked 
|   4|0x0000000084e00000, 0x0000000084f00000, 0x0000000084f00000|100%| O|  |TAMS 0x0000000084e00000, 0x0000000084e00000| Untracked 
|   5|0x0000000084f00000, 0x0000000085000000, 0x0000000085000000|100%| O|  |TAMS 0x0000000084f00000, 0x0000000084f00000| Untracked 
|   6|0x0000000085000000, 0x00000000850aae00, 0x0000000085100000| 66%| O|  |TAMS 0x0000000085000000, 0x0000000085000000| Untracked 
|   7|0x0000000085100000, 0x0000000085100000, 0x0000000085200000|  0%| F|  |TAMS 0x0000000085100000, 0x0000000085100000| Untracked 
|   8|0x0000000085200000, 0x0000000085200000, 0x0000000085300000|  0%| F|  |TAMS 0x0000000085200000, 0x0000000085200000| Untracked 
|   9|0x0000000085300000, 0x0000000085300000, 0x0000000085400000|  0%| F|  |TAMS 0x0000000085300000, 0x0000000085300000| Untracked 
|  10|0x0000000085400000, 0x0000000085400000, 0x0000000085500000|  0%| F|  |TAMS 0x0000000085400000, 0x0000000085400000| Untracked 
|  11|0x0000000085500000, 0x0000000085500000, 0x0000000085600000|  0%| F|  |TAMS 0x0000000085500000, 0x0000000085500000| Untracked 
|  12|0x0000000085600000, 0x0000000085600000, 0x0000000085700000|  0%| F|  |TAMS 0x0000000085600000, 0x0000000085600000| Untracked 
|  13|0x0000000085700000, 0x0000000085700000, 0x0000000085800000|  0%| F|  |TAMS 0x0000000085700000, 0x0000000085700000| Untracked 
|  14|0x0000000085800000, 0x0000000085800000, 0x0000000085900000|  0%| F|  |TAMS 0x0000000085800000, 0x0000000085800000| Untracked 
|  15|0x0000000085900000, 0x0000000085900000, 0x0000000085a00000|  0%| F|  |TAMS 0x0000000085900000, 0x0000000085900000| Untracked 
|  16|0x0000000085a00000, 0x0000000085a00000, 0x0000000085b00000|  0%| F|  |TAMS 0x0000000085a00000, 0x0000000085a00000| Untracked 
|  17|0x0000000085b00000, 0x0000000085b00000, 0x0000000085c00000|  0%| F|  |TAMS 0x0000000085b00000, 0x0000000085b00000| Untracked 
|  18|0x0000000085c00000, 0x0000000085c00000, 0x0000000085d00000|  0%| F|  |TAMS 0x0000000085c00000, 0x0000000085c00000| Untracked 
|  19|0x0000000085d00000, 0x0000000085d00000, 0x0000000085e00000|  0%| F|  |TAMS 0x0000000085d00000, 0x0000000085d00000| Untracked 
|  20|0x0000000085e00000, 0x0000000085e00000, 0x0000000085f00000|  0%| F|  |TAMS 0x0000000085e00000, 0x0000000085e00000| Untracked 
|  21|0x0000000085f00000, 0x0000000085f00000, 0x0000000086000000|  0%| F|  |TAMS 0x0000000085f00000, 0x0000000085f00000| Untracked 
|  22|0x0000000086000000, 0x0000000086000000, 0x0000000086100000|  0%| F|  |TAMS 0x0000000086000000, 0x0000000086000000| Untracked 
|  23|0x0000000086100000, 0x0000000086100000, 0x0000000086200000|  0%| F|  |TAMS 0x0000000086100000, 0x0000000086100000| Untracked 
|  24|0x0000000086200000, 0x0000000086200000, 0x0000000086300000|  0%| F|  |TAMS 0x0000000086200000, 0x0000000086200000| Untracked 
|  25|0x0000000086300000, 0x0000000086300000, 0x0000000086400000|  0%| F|  |TAMS 0x0000000086300000, 0x0000000086300000| Untracked 
|  26|0x0000000086400000, 0x0000000086400000, 0x0000000086500000|  0%| F|  |TAMS 0x0000000086400000, 0x0000000086400000| Untracked 
|  27|0x0000000086500000, 0x0000000086500000, 0x0000000086600000|  0%| F|  |TAMS 0x0000000086500000, 0x0000000086500000| Untracked 
|  28|0x0000000086600000, 0x0000000086600000, 0x0000000086700000|  0%| F|  |TAMS 0x0000000086600000, 0x0000000086600000| Untracked 
|  29|0x0000000086700000, 0x0000000086700000, 0x0000000086800000|  0%| F|  |TAMS 0x0000000086700000, 0x0000000086700000| Untracked 
|  30|0x0000000086800000, 0x0000000086800000, 0x0000000086900000|  0%| F|  |TAMS 0x0000000086800000, 0x0000000086800000| Untracked 
|  31|0x0000000086900000, 0x0000000086900000, 0x0000000086a00000|  0%| F|  |TAMS 0x0000000086900000, 0x0000000086900000| Untracked 
|  32|0x0000000086a00000, 0x0000000086a00000, 0x0000000086b00000|  0%| F|  |TAMS 0x0000000086a00000, 0x0000000086a00000| Untracked 
|  33|0x0000000086b00000, 0x0000000086b00000, 0x0000000086c00000|  0%| F|  |TAMS 0x0000000086b00000, 0x0000000086b00000| Untracked 
|  34|0x0000000086c00000, 0x0000000086c00000, 0x0000000086d00000|  0%| F|  |TAMS 0x0000000086c00000, 0x0000000086c00000| Untracked 
|  35|0x0000000086d00000, 0x0000000086d00000, 0x0000000086e00000|  0%| F|  |TAMS 0x0000000086d00000, 0x0000000086d00000| Untracked 
|  36|0x0000000086e00000, 0x0000000086e00000, 0x0000000086f00000|  0%| F|  |TAMS 0x0000000086e00000, 0x0000000086e00000| Untracked 
|  37|0x0000000086f00000, 0x0000000086f00000, 0x0000000087000000|  0%| F|  |TAMS 0x0000000086f00000, 0x0000000086f00000| Untracked 
|  38|0x0000000087000000, 0x0000000087000000, 0x0000000087100000|  0%| F|  |TAMS 0x0000000087000000, 0x0000000087000000| Untracked 
|  39|0x0000000087100000, 0x0000000087100000, 0x0000000087200000|  0%| F|  |TAMS 0x0000000087100000, 0x0000000087100000| Untracked 
|  40|0x0000000087200000, 0x0000000087200000, 0x0000000087300000|  0%| F|  |TAMS 0x0000000087200000, 0x0000000087200000| Untracked 
|  41|0x0000000087300000, 0x0000000087300000, 0x0000000087400000|  0%| F|  |TAMS 0x0000000087300000, 0x0000000087300000| Untracked 
|  42|0x0000000087400000, 0x0000000087400000, 0x0000000087500000|  0%| F|  |TAMS 0x0000000087400000, 0x0000000087400000| Untracked 
|  43|0x0000000087500000, 0x0000000087500000, 0x0000000087600000|  0%| F|  |TAMS 0x0000000087500000, 0x0000000087500000| Untracked 
|  44|0x0000000087600000, 0x0000000087600000, 0x0000000087700000|  0%| F|  |TAMS 0x0000000087600000, 0x0000000087600000| Untracked 
|  45|0x0000000087700000, 0x0000000087700000, 0x0000000087800000|  0%| F|  |TAMS 0x0000000087700000, 0x0000000087700000| Untracked 
|  46|0x0000000087800000, 0x0000000087800000, 0x0000000087900000|  0%| F|  |TAMS 0x0000000087800000, 0x0000000087800000| Untracked 
|  47|0x0000000087900000, 0x0000000087900000, 0x0000000087a00000|  0%| F|  |TAMS 0x0000000087900000, 0x0000000087900000| Untracked 
|  48|0x0000000087a00000, 0x0000000087a00000, 0x0000000087b00000|  0%| F|  |TAMS 0x0000000087a00000, 0x0000000087a00000| Untracked 
|  49|0x0000000087b00000, 0x0000000087b00000, 0x0000000087c00000|  0%| F|  |TAMS 0x0000000087b00000, 0x0000000087b00000| Untracked 
|  50|0x0000000087c00000, 0x0000000087c00000, 0x0000000087d00000|  0%| F|  |TAMS 0x0000000087c00000, 0x0000000087c00000| Untracked 
|  51|0x0000000087d00000, 0x0000000087d00000, 0x0000000087e00000|  0%| F|  |TAMS 0x0000000087d00000, 0x0000000087d00000| Untracked 
|  52|0x0000000087e00000, 0x0000000087e00000, 0x0000000087f00000|  0%| F|  |TAMS 0x0000000087e00000, 0x0000000087e00000| Untracked 
|  53|0x0000000087f00000, 0x0000000087f00000, 0x0000000088000000|  0%| F|  |TAMS 0x0000000087f00000, 0x0000000087f00000| Untracked 
|  54|0x0000000088000000, 0x0000000088000000, 0x0000000088100000|  0%| F|  |TAMS 0x0000000088000000, 0x0000000088000000| Untracked 
|  55|0x0000000088100000, 0x0000000088100000, 0x0000000088200000|  0%| F|  |TAMS 0x0000000088100000, 0x0000000088100000| Untracked 
|  56|0x0000000088200000, 0x0000000088200000, 0x0000000088300000|  0%| F|  |TAMS 0x0000000088200000, 0x0000000088200000| Untracked 
|  57|0x0000000088300000, 0x0000000088300000, 0x0000000088400000|  0%| F|  |TAMS 0x0000000088300000, 0x0000000088300000| Untracked 
|  58|0x0000000088400000, 0x0000000088400000, 0x0000000088500000|  0%| F|  |TAMS 0x0000000088400000, 0x0000000088400000| Untracked 
|  59|0x0000000088500000, 0x0000000088500000, 0x0000000088600000|  0%| F|  |TAMS 0x0000000088500000, 0x0000000088500000| Untracked 
|  60|0x0000000088600000, 0x0000000088600000, 0x0000000088700000|  0%| F|  |TAMS 0x0000000088600000, 0x0000000088600000| Untracked 
|  61|0x0000000088700000, 0x0000000088700000, 0x0000000088800000|  0%| F|  |TAMS 0x0000000088700000, 0x0000000088700000| Untracked 
|  62|0x0000000088800000, 0x0000000088800000, 0x0000000088900000|  0%| F|  |TAMS 0x0000000088800000, 0x0000000088800000| Untracked 
|  63|0x0000000088900000, 0x00000000889bc9c0, 0x0000000088a00000| 73%| S|CS|TAMS 0x0000000088900000, 0x0000000088900000| Complete 
|  64|0x0000000088a00000, 0x0000000088b00000, 0x0000000088b00000|100%| S|CS|TAMS 0x0000000088a00000, 0x0000000088a00000| Complete 
|  65|0x0000000088b00000, 0x0000000088c00000, 0x0000000088c00000|100%| S|CS|TAMS 0x0000000088b00000, 0x0000000088b00000| Complete 
|  66|0x0000000088c00000, 0x0000000088d00000, 0x0000000088d00000|100%| S|CS|TAMS 0x0000000088c00000, 0x0000000088c00000| Complete 
|  67|0x0000000088d00000, 0x0000000088e00000, 0x0000000088e00000|100%| S|CS|TAMS 0x0000000088d00000, 0x0000000088d00000| Complete 
|  68|0x0000000088e00000, 0x0000000088f00000, 0x0000000088f00000|100%| S|CS|TAMS 0x0000000088e00000, 0x0000000088e00000| Complete 
|  69|0x0000000088f00000, 0x0000000089000000, 0x0000000089000000|100%| S|CS|TAMS 0x0000000088f00000, 0x0000000088f00000| Complete 
|  70|0x0000000089000000, 0x0000000089100000, 0x0000000089100000|100%| S|CS|TAMS 0x0000000089000000, 0x0000000089000000| Complete 
|  71|0x0000000089100000, 0x0000000089200000, 0x0000000089200000|100%| S|CS|TAMS 0x0000000089100000, 0x0000000089100000| Complete 
|  72|0x0000000089200000, 0x0000000089200000, 0x0000000089300000|  0%| F|  |TAMS 0x0000000089200000, 0x0000000089200000| Untracked 
|  73|0x0000000089300000, 0x0000000089300000, 0x0000000089400000|  0%| F|  |TAMS 0x0000000089300000, 0x0000000089300000| Untracked 
|  74|0x0000000089400000, 0x0000000089400000, 0x0000000089500000|  0%| F|  |TAMS 0x0000000089400000, 0x0000000089400000| Untracked 
|  75|0x0000000089500000, 0x0000000089500000, 0x0000000089600000|  0%| F|  |TAMS 0x0000000089500000, 0x0000000089500000| Untracked 
|  76|0x0000000089600000, 0x0000000089600000, 0x0000000089700000|  0%| F|  |TAMS 0x0000000089600000, 0x0000000089600000| Untracked 
|  77|0x0000000089700000, 0x0000000089700000, 0x0000000089800000|  0%| F|  |TAMS 0x0000000089700000, 0x0000000089700000| Untracked 
|  78|0x0000000089800000, 0x0000000089800000, 0x0000000089900000|  0%| F|  |TAMS 0x0000000089800000, 0x0000000089800000| Untracked 
|  79|0x0000000089900000, 0x0000000089900000, 0x0000000089a00000|  0%| F|  |TAMS 0x0000000089900000, 0x0000000089900000| Untracked 
|  80|0x0000000089a00000, 0x0000000089a00000, 0x0000000089b00000|  0%| F|  |TAMS 0x0000000089a00000, 0x0000000089a00000| Untracked 
|  81|0x0000000089b00000, 0x0000000089b00000, 0x0000000089c00000|  0%| F|  |TAMS 0x0000000089b00000, 0x0000000089b00000| Untracked 
|  82|0x0000000089c00000, 0x0000000089c00000, 0x0000000089d00000|  0%| F|  |TAMS 0x0000000089c00000, 0x0000000089c00000| Untracked 
|  83|0x0000000089d00000, 0x0000000089d00000, 0x0000000089e00000|  0%| F|  |TAMS 0x0000000089d00000, 0x0000000089d00000| Untracked 
|  84|0x0000000089e00000, 0x0000000089e00000, 0x0000000089f00000|  0%| F|  |TAMS 0x0000000089e00000, 0x0000000089e00000| Untracked 
|  85|0x0000000089f00000, 0x0000000089f00000, 0x000000008a000000|  0%| F|  |TAMS 0x0000000089f00000, 0x0000000089f00000| Untracked 
|  86|0x000000008a000000, 0x000000008a000000, 0x000000008a100000|  0%| F|  |TAMS 0x000000008a000000, 0x000000008a000000| Untracked 
|  87|0x000000008a100000, 0x000000008a100000, 0x000000008a200000|  0%| F|  |TAMS 0x000000008a100000, 0x000000008a100000| Untracked 
|  88|0x000000008a200000, 0x000000008a200000, 0x000000008a300000|  0%| F|  |TAMS 0x000000008a200000, 0x000000008a200000| Untracked 
|  89|0x000000008a300000, 0x000000008a300000, 0x000000008a400000|  0%| F|  |TAMS 0x000000008a300000, 0x000000008a300000| Untracked 
|  90|0x000000008a400000, 0x000000008a400000, 0x000000008a500000|  0%| F|  |TAMS 0x000000008a400000, 0x000000008a400000| Untracked 
|  91|0x000000008a500000, 0x000000008a500000, 0x000000008a600000|  0%| F|  |TAMS 0x000000008a500000, 0x000000008a500000| Untracked 
|  92|0x000000008a600000, 0x000000008a600000, 0x000000008a700000|  0%| F|  |TAMS 0x000000008a600000, 0x000000008a600000| Untracked 
|  93|0x000000008a700000, 0x000000008a700000, 0x000000008a800000|  0%| F|  |TAMS 0x000000008a700000, 0x000000008a700000| Untracked 
|  94|0x000000008a800000, 0x000000008a800000, 0x000000008a900000|  0%| F|  |TAMS 0x000000008a800000, 0x000000008a800000| Untracked 
|  95|0x000000008a900000, 0x000000008a900000, 0x000000008aa00000|  0%| F|  |TAMS 0x000000008a900000, 0x000000008a900000| Untracked 
|  96|0x000000008aa00000, 0x000000008aa00000, 0x000000008ab00000|  0%| F|  |TAMS 0x000000008aa00000, 0x000000008aa00000| Untracked 
|  97|0x000000008ab00000, 0x000000008ab00000, 0x000000008ac00000|  0%| F|  |TAMS 0x000000008ab00000, 0x000000008ab00000| Untracked 
|  98|0x000000008ac00000, 0x000000008ac00000, 0x000000008ad00000|  0%| F|  |TAMS 0x000000008ac00000, 0x000000008ac00000| Untracked 
|  99|0x000000008ad00000, 0x000000008ad00000, 0x000000008ae00000|  0%| F|  |TAMS 0x000000008ad00000, 0x000000008ad00000| Untracked 
| 100|0x000000008ae00000, 0x000000008ae00000, 0x000000008af00000|  0%| F|  |TAMS 0x000000008ae00000, 0x000000008ae00000| Untracked 
| 101|0x000000008af00000, 0x000000008af00000, 0x000000008b000000|  0%| F|  |TAMS 0x000000008af00000, 0x000000008af00000| Untracked 
| 102|0x000000008b000000, 0x000000008b000000, 0x000000008b100000|  0%| F|  |TAMS 0x000000008b000000, 0x000000008b000000| Untracked 
| 103|0x000000008b100000, 0x000000008b100000, 0x000000008b200000|  0%| F|  |TAMS 0x000000008b100000, 0x000000008b100000| Untracked 
| 104|0x000000008b200000, 0x000000008b200000, 0x000000008b300000|  0%| F|  |TAMS 0x000000008b200000, 0x000000008b200000| Untracked 
| 105|0x000000008b300000, 0x000000008b300000, 0x000000008b400000|  0%| F|  |TAMS 0x000000008b300000, 0x000000008b300000| Untracked 
| 106|0x000000008b400000, 0x000000008b400000, 0x000000008b500000|  0%| F|  |TAMS 0x000000008b400000, 0x000000008b400000| Untracked 
| 107|0x000000008b500000, 0x000000008b500000, 0x000000008b600000|  0%| F|  |TAMS 0x000000008b500000, 0x000000008b500000| Untracked 
| 108|0x000000008b600000, 0x000000008b600000, 0x000000008b700000|  0%| F|  |TAMS 0x000000008b600000, 0x000000008b600000| Untracked 
| 109|0x000000008b700000, 0x000000008b700000, 0x000000008b800000|  0%| F|  |TAMS 0x000000008b700000, 0x000000008b700000| Untracked 
| 110|0x000000008b800000, 0x000000008b800000, 0x000000008b900000|  0%| F|  |TAMS 0x000000008b800000, 0x000000008b800000| Untracked 
| 111|0x000000008b900000, 0x000000008b900000, 0x000000008ba00000|  0%| F|  |TAMS 0x000000008b900000, 0x000000008b900000| Untracked 
| 112|0x000000008ba00000, 0x000000008ba00000, 0x000000008bb00000|  0%| F|  |TAMS 0x000000008ba00000, 0x000000008ba00000| Untracked 
| 113|0x000000008bb00000, 0x000000008bb00000, 0x000000008bc00000|  0%| F|  |TAMS 0x000000008bb00000, 0x000000008bb00000| Untracked 
| 114|0x000000008bc00000, 0x000000008bc00000, 0x000000008bd00000|  0%| F|  |TAMS 0x000000008bc00000, 0x000000008bc00000| Untracked 
| 115|0x000000008bd00000, 0x000000008bd00000, 0x000000008be00000|  0%| F|  |TAMS 0x000000008bd00000, 0x000000008bd00000| Untracked 
| 116|0x000000008be00000, 0x000000008be00000, 0x000000008bf00000|  0%| F|  |TAMS 0x000000008be00000, 0x000000008be00000| Untracked 
| 117|0x000000008bf00000, 0x000000008bf00000, 0x000000008c000000|  0%| F|  |TAMS 0x000000008bf00000, 0x000000008bf00000| Untracked 
| 118|0x000000008c000000, 0x000000008c000000, 0x000000008c100000|  0%| F|  |TAMS 0x000000008c000000, 0x000000008c000000| Untracked 
| 119|0x000000008c100000, 0x000000008c100000, 0x000000008c200000|  0%| F|  |TAMS 0x000000008c100000, 0x000000008c100000| Untracked 
| 120|0x000000008c200000, 0x000000008c200000, 0x000000008c300000|  0%| F|  |TAMS 0x000000008c200000, 0x000000008c200000| Untracked 
| 121|0x000000008c300000, 0x000000008c300000, 0x000000008c400000|  0%| F|  |TAMS 0x000000008c300000, 0x000000008c300000| Untracked 
| 122|0x000000008c400000, 0x000000008c400000, 0x000000008c500000|  0%| F|  |TAMS 0x000000008c400000, 0x000000008c400000| Untracked 
| 123|0x000000008c500000, 0x000000008c500000, 0x000000008c600000|  0%| F|  |TAMS 0x000000008c500000, 0x000000008c500000| Untracked 
| 124|0x000000008c600000, 0x000000008c600000, 0x000000008c700000|  0%| F|  |TAMS 0x000000008c600000, 0x000000008c600000| Untracked 
| 125|0x000000008c700000, 0x000000008c700000, 0x000000008c800000|  0%| F|  |TAMS 0x000000008c700000, 0x000000008c700000| Untracked 
| 126|0x000000008c800000, 0x000000008c800000, 0x000000008c900000|  0%| F|  |TAMS 0x000000008c800000, 0x000000008c800000| Untracked 
| 127|0x000000008c900000, 0x000000008c900000, 0x000000008ca00000|  0%| F|  |TAMS 0x000000008c900000, 0x000000008c900000| Untracked 
| 128|0x000000008ca00000, 0x000000008ca00000, 0x000000008cb00000|  0%| F|  |TAMS 0x000000008ca00000, 0x000000008ca00000| Untracked 
| 129|0x000000008cb00000, 0x000000008cb00000, 0x000000008cc00000|  0%| F|  |TAMS 0x000000008cb00000, 0x000000008cb00000| Untracked 
| 130|0x000000008cc00000, 0x000000008cc00000, 0x000000008cd00000|  0%| F|  |TAMS 0x000000008cc00000, 0x000000008cc00000| Untracked 
| 131|0x000000008cd00000, 0x000000008cd00000, 0x000000008ce00000|  0%| F|  |TAMS 0x000000008cd00000, 0x000000008cd00000| Untracked 
| 132|0x000000008ce00000, 0x000000008ce00000, 0x000000008cf00000|  0%| F|  |TAMS 0x000000008ce00000, 0x000000008ce00000| Untracked 
| 133|0x000000008cf00000, 0x000000008cf00000, 0x000000008d000000|  0%| F|  |TAMS 0x000000008cf00000, 0x000000008cf00000| Untracked 
| 134|0x000000008d000000, 0x000000008d000000, 0x000000008d100000|  0%| F|  |TAMS 0x000000008d000000, 0x000000008d000000| Untracked 
| 135|0x000000008d100000, 0x000000008d100000, 0x000000008d200000|  0%| F|  |TAMS 0x000000008d100000, 0x000000008d100000| Untracked 
| 136|0x000000008d200000, 0x000000008d200000, 0x000000008d300000|  0%| F|  |TAMS 0x000000008d200000, 0x000000008d200000| Untracked 
| 137|0x000000008d300000, 0x000000008d300000, 0x000000008d400000|  0%| F|  |TAMS 0x000000008d300000, 0x000000008d300000| Untracked 
| 138|0x000000008d400000, 0x000000008d400000, 0x000000008d500000|  0%| F|  |TAMS 0x000000008d400000, 0x000000008d400000| Untracked 
| 139|0x000000008d500000, 0x000000008d500000, 0x000000008d600000|  0%| F|  |TAMS 0x000000008d500000, 0x000000008d500000| Untracked 
| 140|0x000000008d600000, 0x000000008d600000, 0x000000008d700000|  0%| F|  |TAMS 0x000000008d600000, 0x000000008d600000| Untracked 
| 141|0x000000008d700000, 0x000000008d700000, 0x000000008d800000|  0%| F|  |TAMS 0x000000008d700000, 0x000000008d700000| Untracked 
| 142|0x000000008d800000, 0x000000008d800000, 0x000000008d900000|  0%| F|  |TAMS 0x000000008d800000, 0x000000008d800000| Untracked 
| 143|0x000000008d900000, 0x000000008d900000, 0x000000008da00000|  0%| F|  |TAMS 0x000000008d900000, 0x000000008d900000| Untracked 
| 144|0x000000008da00000, 0x000000008da00000, 0x000000008db00000|  0%| F|  |TAMS 0x000000008da00000, 0x000000008da00000| Untracked 
| 145|0x000000008db00000, 0x000000008db00000, 0x000000008dc00000|  0%| F|  |TAMS 0x000000008db00000, 0x000000008db00000| Untracked 
| 146|0x000000008dc00000, 0x000000008dc00000, 0x000000008dd00000|  0%| F|  |TAMS 0x000000008dc00000, 0x000000008dc00000| Untracked 
| 147|0x000000008dd00000, 0x000000008dd00000, 0x000000008de00000|  0%| F|  |TAMS 0x000000008dd00000, 0x000000008dd00000| Untracked 
| 148|0x000000008de00000, 0x000000008de00000, 0x000000008df00000|  0%| F|  |TAMS 0x000000008de00000, 0x000000008de00000| Untracked 
| 149|0x000000008df00000, 0x000000008df00000, 0x000000008e000000|  0%| F|  |TAMS 0x000000008df00000, 0x000000008df00000| Untracked 
| 150|0x000000008e000000, 0x000000008e000000, 0x000000008e100000|  0%| F|  |TAMS 0x000000008e000000, 0x000000008e000000| Untracked 
| 151|0x000000008e100000, 0x000000008e100000, 0x000000008e200000|  0%| F|  |TAMS 0x000000008e100000, 0x000000008e100000| Untracked 
| 152|0x000000008e200000, 0x000000008e200000, 0x000000008e300000|  0%| F|  |TAMS 0x000000008e200000, 0x000000008e200000| Untracked 
| 153|0x000000008e300000, 0x000000008e300000, 0x000000008e400000|  0%| F|  |TAMS 0x000000008e300000, 0x000000008e300000| Untracked 
| 154|0x000000008e400000, 0x000000008e400000, 0x000000008e500000|  0%| F|  |TAMS 0x000000008e400000, 0x000000008e400000| Untracked 
| 155|0x000000008e500000, 0x000000008e500000, 0x000000008e600000|  0%| F|  |TAMS 0x000000008e500000, 0x000000008e500000| Untracked 
| 156|0x000000008e600000, 0x000000008e600000, 0x000000008e700000|  0%| F|  |TAMS 0x000000008e600000, 0x000000008e600000| Untracked 
| 157|0x000000008e700000, 0x000000008e700000, 0x000000008e800000|  0%| F|  |TAMS 0x000000008e700000, 0x000000008e700000| Untracked 
| 158|0x000000008e800000, 0x000000008e800000, 0x000000008e900000|  0%| F|  |TAMS 0x000000008e800000, 0x000000008e800000| Untracked 
| 159|0x000000008e900000, 0x000000008e900000, 0x000000008ea00000|  0%| F|  |TAMS 0x000000008e900000, 0x000000008e900000| Untracked 
| 160|0x000000008ea00000, 0x000000008ea00000, 0x000000008eb00000|  0%| F|  |TAMS 0x000000008ea00000, 0x000000008ea00000| Untracked 
| 161|0x000000008eb00000, 0x000000008eb00000, 0x000000008ec00000|  0%| F|  |TAMS 0x000000008eb00000, 0x000000008eb00000| Untracked 
| 162|0x000000008ec00000, 0x000000008ec00000, 0x000000008ed00000|  0%| F|  |TAMS 0x000000008ec00000, 0x000000008ec00000| Untracked 
| 163|0x000000008ed00000, 0x000000008ed00000, 0x000000008ee00000|  0%| F|  |TAMS 0x000000008ed00000, 0x000000008ed00000| Untracked 
| 164|0x000000008ee00000, 0x000000008ee00000, 0x000000008ef00000|  0%| F|  |TAMS 0x000000008ee00000, 0x000000008ee00000| Untracked 
| 165|0x000000008ef00000, 0x000000008ef00000, 0x000000008f000000|  0%| F|  |TAMS 0x000000008ef00000, 0x000000008ef00000| Untracked 
| 166|0x000000008f000000, 0x000000008f000000, 0x000000008f100000|  0%| F|  |TAMS 0x000000008f000000, 0x000000008f000000| Untracked 
| 167|0x000000008f100000, 0x000000008f100000, 0x000000008f200000|  0%| F|  |TAMS 0x000000008f100000, 0x000000008f100000| Untracked 
| 168|0x000000008f200000, 0x000000008f200000, 0x000000008f300000|  0%| F|  |TAMS 0x000000008f200000, 0x000000008f200000| Untracked 
| 169|0x000000008f300000, 0x000000008f300000, 0x000000008f400000|  0%| F|  |TAMS 0x000000008f300000, 0x000000008f300000| Untracked 
| 170|0x000000008f400000, 0x000000008f400000, 0x000000008f500000|  0%| F|  |TAMS 0x000000008f400000, 0x000000008f400000| Untracked 
| 171|0x000000008f500000, 0x000000008f500000, 0x000000008f600000|  0%| F|  |TAMS 0x000000008f500000, 0x000000008f500000| Untracked 
| 172|0x000000008f600000, 0x000000008f600000, 0x000000008f700000|  0%| F|  |TAMS 0x000000008f600000, 0x000000008f600000| Untracked 
| 173|0x000000008f700000, 0x000000008f700000, 0x000000008f800000|  0%| F|  |TAMS 0x000000008f700000, 0x000000008f700000| Untracked 
| 174|0x000000008f800000, 0x000000008f800000, 0x000000008f900000|  0%| F|  |TAMS 0x000000008f800000, 0x000000008f800000| Untracked 
| 175|0x000000008f900000, 0x000000008f900000, 0x000000008fa00000|  0%| F|  |TAMS 0x000000008f900000, 0x000000008f900000| Untracked 
| 176|0x000000008fa00000, 0x000000008fa00000, 0x000000008fb00000|  0%| F|  |TAMS 0x000000008fa00000, 0x000000008fa00000| Untracked 
| 177|0x000000008fb00000, 0x000000008fb00000, 0x000000008fc00000|  0%| F|  |TAMS 0x000000008fb00000, 0x000000008fb00000| Untracked 
| 178|0x000000008fc00000, 0x000000008fc00000, 0x000000008fd00000|  0%| F|  |TAMS 0x000000008fc00000, 0x000000008fc00000| Untracked 
| 179|0x000000008fd00000, 0x000000008fd00000, 0x000000008fe00000|  0%| F|  |TAMS 0x000000008fd00000, 0x000000008fd00000| Untracked 
| 180|0x000000008fe00000, 0x000000008fe00000, 0x000000008ff00000|  0%| F|  |TAMS 0x000000008fe00000, 0x000000008fe00000| Untracked 
| 181|0x000000008ff00000, 0x000000008ff00000, 0x0000000090000000|  0%| F|  |TAMS 0x000000008ff00000, 0x000000008ff00000| Untracked 
| 182|0x0000000090000000, 0x0000000090000000, 0x0000000090100000|  0%| F|  |TAMS 0x0000000090000000, 0x0000000090000000| Untracked 
| 183|0x0000000090100000, 0x0000000090100000, 0x0000000090200000|  0%| F|  |TAMS 0x0000000090100000, 0x0000000090100000| Untracked 
| 184|0x0000000090200000, 0x0000000090200000, 0x0000000090300000|  0%| F|  |TAMS 0x0000000090200000, 0x0000000090200000| Untracked 
| 185|0x0000000090300000, 0x0000000090300000, 0x0000000090400000|  0%| F|  |TAMS 0x0000000090300000, 0x0000000090300000| Untracked 
| 186|0x0000000090400000, 0x0000000090400000, 0x0000000090500000|  0%| F|  |TAMS 0x0000000090400000, 0x0000000090400000| Untracked 
| 187|0x0000000090500000, 0x0000000090500000, 0x0000000090600000|  0%| F|  |TAMS 0x0000000090500000, 0x0000000090500000| Untracked 
| 188|0x0000000090600000, 0x0000000090600000, 0x0000000090700000|  0%| F|  |TAMS 0x0000000090600000, 0x0000000090600000| Untracked 
| 189|0x0000000090700000, 0x0000000090780800, 0x0000000090800000| 50%| E|  |TAMS 0x0000000090700000, 0x0000000090700000| Complete 
| 190|0x0000000090800000, 0x0000000090900000, 0x0000000090900000|100%| E|CS|TAMS 0x0000000090800000, 0x0000000090800000| Complete 
| 191|0x0000000090900000, 0x0000000090a00000, 0x0000000090a00000|100%| E|CS|TAMS 0x0000000090900000, 0x0000000090900000| Complete 
| 192|0x0000000090a00000, 0x0000000090b00000, 0x0000000090b00000|100%| E|CS|TAMS 0x0000000090a00000, 0x0000000090a00000| Complete 
| 193|0x0000000090b00000, 0x0000000090c00000, 0x0000000090c00000|100%| E|CS|TAMS 0x0000000090b00000, 0x0000000090b00000| Complete 
| 194|0x0000000090c00000, 0x0000000090d00000, 0x0000000090d00000|100%| E|CS|TAMS 0x0000000090c00000, 0x0000000090c00000| Complete 
| 195|0x0000000090d00000, 0x0000000090e00000, 0x0000000090e00000|100%| E|CS|TAMS 0x0000000090d00000, 0x0000000090d00000| Complete 
| 196|0x0000000090e00000, 0x0000000090f00000, 0x0000000090f00000|100%| E|CS|TAMS 0x0000000090e00000, 0x0000000090e00000| Complete 
| 197|0x0000000090f00000, 0x0000000091000000, 0x0000000091000000|100%| E|CS|TAMS 0x0000000090f00000, 0x0000000090f00000| Complete 
| 198|0x0000000091000000, 0x0000000091100000, 0x0000000091100000|100%| E|CS|TAMS 0x0000000091000000, 0x0000000091000000| Complete 
| 199|0x0000000091100000, 0x0000000091200000, 0x0000000091200000|100%| E|CS|TAMS 0x0000000091100000, 0x0000000091100000| Complete 
| 200|0x0000000091200000, 0x0000000091300000, 0x0000000091300000|100%| E|CS|TAMS 0x0000000091200000, 0x0000000091200000| Complete 
| 201|0x0000000091300000, 0x0000000091400000, 0x0000000091400000|100%| E|CS|TAMS 0x0000000091300000, 0x0000000091300000| Complete 
| 202|0x0000000091400000, 0x0000000091500000, 0x0000000091500000|100%| E|CS|TAMS 0x0000000091400000, 0x0000000091400000| Complete 
| 203|0x0000000091500000, 0x0000000091600000, 0x0000000091600000|100%| E|CS|TAMS 0x0000000091500000, 0x0000000091500000| Complete 
| 204|0x0000000091600000, 0x0000000091700000, 0x0000000091700000|100%| E|CS|TAMS 0x0000000091600000, 0x0000000091600000| Complete 
| 205|0x0000000091700000, 0x0000000091800000, 0x0000000091800000|100%| E|CS|TAMS 0x0000000091700000, 0x0000000091700000| Complete 
| 206|0x0000000091800000, 0x0000000091900000, 0x0000000091900000|100%| E|CS|TAMS 0x0000000091800000, 0x0000000091800000| Complete 
| 207|0x0000000091900000, 0x0000000091a00000, 0x0000000091a00000|100%| E|CS|TAMS 0x0000000091900000, 0x0000000091900000| Complete 
| 208|0x0000000091a00000, 0x0000000091b00000, 0x0000000091b00000|100%| E|CS|TAMS 0x0000000091a00000, 0x0000000091a00000| Complete 
| 209|0x0000000091b00000, 0x0000000091c00000, 0x0000000091c00000|100%| E|CS|TAMS 0x0000000091b00000, 0x0000000091b00000| Complete 
| 210|0x0000000091c00000, 0x0000000091d00000, 0x0000000091d00000|100%| E|CS|TAMS 0x0000000091c00000, 0x0000000091c00000| Complete 
| 211|0x0000000091d00000, 0x0000000091e00000, 0x0000000091e00000|100%| E|CS|TAMS 0x0000000091d00000, 0x0000000091d00000| Complete 
| 212|0x0000000091e00000, 0x0000000091f00000, 0x0000000091f00000|100%| E|CS|TAMS 0x0000000091e00000, 0x0000000091e00000| Complete 
| 213|0x0000000091f00000, 0x0000000092000000, 0x0000000092000000|100%| E|CS|TAMS 0x0000000091f00000, 0x0000000091f00000| Complete 
| 214|0x0000000092000000, 0x0000000092100000, 0x0000000092100000|100%| E|CS|TAMS 0x0000000092000000, 0x0000000092000000| Complete 

Card table byte_map: [0x000002417b660000,0x000002417ba40000] _byte_map_base: 0x000002417b23b000

Marking Bits (Prev, Next): (CMBitMap*) 0x000002417aefeb10, (CMBitMap*) 0x000002417aefeb50
 Prev Bits: [0x000002417be20000, 0x000002417dcf8000)
 Next Bits: [0x000002417dd00000, 0x000002417fbd8000)

Polling page: 0x0000024178dc0000

Metaspace:

Usage:
  Non-class:     10.74 MB used.
      Class:      1.77 MB used.
       Both:     12.51 MB used.

Virtual space:
  Non-class space:       64.00 MB reserved,      10.81 MB ( 17%) committed,  1 nodes.
      Class space:        1.00 GB reserved,       1.81 MB ( <1%) committed,  1 nodes.
             Both:        1.06 GB reserved,      12.62 MB (  1%) committed. 

Chunk freelists:
   Non-Class:  704.00 KB
       Class:  2.20 MB
        Both:  2.88 MB

MaxMetaspaceSize: unlimited
CompressedClassSpaceSize: 1.00 GB
Initial GC threshold: 21.00 MB
Current GC threshold: 21.00 MB
CDS: on
MetaspaceReclaimPolicy: balanced
 - commit_granule_bytes: 65536.
 - commit_granule_words: 8192.
 - virtual_space_node_default_size: 8388608.
 - enlarge_chunks_in_place: 1.
 - new_chunks_are_fully_committed: 0.
 - uncommit_free_chunks: 1.
 - use_allocation_guard: 0.


Internal statistics:

num_allocs_failed_limit: 0.
num_arena_births: 32.
num_arena_deaths: 0.
num_vsnodes_births: 2.
num_vsnodes_deaths: 0.
num_space_committed: 202.
num_space_uncommitted: 0.
num_chunks_returned_to_freelist: 0.
num_chunks_taken_from_freelist: 347.
num_chunk_merges: 0.
num_chunk_splits: 302.
num_chunks_enlarged: 284.
num_inconsistent_stats: 0.

CodeHeap 'non-profiled nmethods': size=120000Kb used=1423Kb max_used=1423Kb free=118576Kb
 bounds [0x000002410f330000, 0x000002410f5a0000, 0x0000024116860000]
CodeHeap 'profiled nmethods': size=120000Kb used=3132Kb max_used=3132Kb free=116867Kb
 bounds [0x0000024107e00000, 0x0000024108110000, 0x000002410f330000]
CodeHeap 'non-nmethods': size=5760Kb used=1177Kb max_used=1242Kb free=4583Kb
 bounds [0x0000024107860000, 0x0000024107ad0000, 0x0000024107e00000]
 total_blobs=2012 nmethods=1567 adapters=358
 compilation: enabled
              stopped_count=0, restarted_count=0
 full_count=0

Compilation events (20 events):
Event: 3.359 Thread 0x0000024118f3f2f0 1556       3       java.io.DataInputStream::readShort (40 bytes)
Event: 3.360 Thread 0x0000024118f3f2f0 nmethod 1556 0x00000241080eff90 code [0x00000241080f0160, 0x00000241080f0528]
Event: 3.362 Thread 0x0000024118f3f2f0 1557       3       java.util.Optional::ofNullable (19 bytes)
Event: 3.363 Thread 0x0000024118f3f2f0 nmethod 1557 0x00000241080f0690 code [0x00000241080f0840, 0x00000241080f0af8]
Event: 3.363 Thread 0x0000024118f3f2f0 1559       3       jdk.internal.org.objectweb.asm.MethodWriter::visitMethodInsn (191 bytes)
Event: 3.364 Thread 0x0000024118f3f2f0 nmethod 1559 0x00000241080f0c10 code [0x00000241080f0e40, 0x00000241080f15e8]
Event: 3.364 Thread 0x0000024118f3f2f0 1560       3       jdk.internal.org.objectweb.asm.SymbolTable::addConstantMethodref (24 bytes)
Event: 3.364 Thread 0x0000024118f3f2f0 nmethod 1560 0x00000241080f1910 code [0x00000241080f1ac0, 0x00000241080f1c68]
Event: 3.364 Thread 0x0000024118f3f2f0 1561       1       jdk.internal.org.objectweb.asm.MethodWriter::hasAsmInstructions (5 bytes)
Event: 3.364 Thread 0x0000024118f3f2f0 nmethod 1561 0x000002410f491790 code [0x000002410f491920, 0x000002410f4919f8]
Event: 3.369 Thread 0x0000024118f3f2f0 1562       3       okhttp3.CipherSuite$1::compare (92 bytes)
Event: 3.369 Thread 0x0000024118f3f2f0 nmethod 1562 0x00000241080f1d10 code [0x00000241080f2000, 0x00000241080f3138]
Event: 3.369 Thread 0x0000024118f3f2f0 1564       3       okhttp3.CipherSuite$1::compare (13 bytes)
Event: 3.369 Thread 0x0000024118f3f2f0 nmethod 1564 0x00000241080f3810 code [0x00000241080f39c0, 0x00000241080f3ce8]
Event: 3.369 Thread 0x0000024118f3f2f0 1565       3       java.util.TreeMap::setColor (10 bytes)
Event: 3.369 Thread 0x0000024118f3f2f0 nmethod 1565 0x00000241080f3e10 code [0x00000241080f3fa0, 0x00000241080f40d8]
Event: 3.372 Thread 0x0000024118f3f2f0 1567       3       sun.net.util.URLUtil::urlNoFragString (114 bytes)
Event: 3.373 Thread 0x0000024118f3f2f0 nmethod 1567 0x00000241080f4190 code [0x00000241080f44c0, 0x00000241080f54f8]
Event: 3.377 Thread 0x0000024118f3f2f0 1568       3       java.lang.String::startsWith (138 bytes)
Event: 3.377 Thread 0x0000024118f3f2f0 nmethod 1568 0x00000241080f5a90 code [0x00000241080f5ca0, 0x00000241080f6538]

GC Heap History (20 events):
Event: 1.344 GC heap before
{Heap before GC invocations=6 (full 0):
 garbage-first heap   total 126976K, used 79758K [0x0000000084a00000, 0x0000000100000000)
  region size 1024K, 74 young (75776K), 3 survivors (3072K)
 Metaspace       used 2896K, committed 3072K, reserved 1114112K
  class space    used 249K, committed 320K, reserved 1048576K
}
Event: 1.347 GC heap after
{Heap after GC invocations=7 (full 0):
 garbage-first heap   total 152576K, used 7589K [0x0000000084a00000, 0x0000000100000000)
  region size 1024K, 4 young (4096K), 4 survivors (4096K)
 Metaspace       used 2896K, committed 3072K, reserved 1114112K
  class space    used 249K, committed 320K, reserved 1048576K
}
Event: 1.502 GC heap before
{Heap before GC invocations=7 (full 0):
 garbage-first heap   total 152576K, used 94629K [0x0000000084a00000, 0x0000000100000000)
  region size 1024K, 89 young (91136K), 4 survivors (4096K)
 Metaspace       used 2908K, committed 3072K, reserved 1114112K
  class space    used 249K, committed 320K, reserved 1048576K
}
Event: 1.505 GC heap after
{Heap after GC invocations=8 (full 0):
 garbage-first heap   total 152576K, used 8308K [0x0000000084a00000, 0x0000000100000000)
  region size 1024K, 4 young (4096K), 4 survivors (4096K)
 Metaspace       used 2908K, committed 3072K, reserved 1114112K
  class space    used 249K, committed 320K, reserved 1048576K
}
Event: 1.646 GC heap before
{Heap before GC invocations=8 (full 0):
 garbage-first heap   total 152576K, used 95348K [0x0000000084a00000, 0x0000000100000000)
  region size 1024K, 89 young (91136K), 4 survivors (4096K)
 Metaspace       used 2925K, committed 3072K, reserved 1114112K
  class space    used 249K, committed 320K, reserved 1048576K
}
Event: 1.650 GC heap after
{Heap after GC invocations=9 (full 0):
 garbage-first heap   total 152576K, used 9077K [0x0000000084a00000, 0x0000000100000000)
  region size 1024K, 5 young (5120K), 5 survivors (5120K)
 Metaspace       used 2925K, committed 3072K, reserved 1114112K
  class space    used 249K, committed 320K, reserved 1048576K
}
Event: 2.192 GC heap before
{Heap before GC invocations=9 (full 0):
 garbage-first heap   total 152576K, used 95093K [0x0000000084a00000, 0x0000000100000000)
  region size 1024K, 89 young (91136K), 5 survivors (5120K)
 Metaspace       used 9340K, committed 9536K, reserved 1114112K
  class space    used 1448K, committed 1536K, reserved 1048576K
}
Event: 2.196 GC heap after
{Heap after GC invocations=10 (full 0):
 garbage-first heap   total 152576K, used 11291K [0x0000000084a00000, 0x0000000100000000)
  region size 1024K, 7 young (7168K), 7 survivors (7168K)
 Metaspace       used 9340K, committed 9536K, reserved 1114112K
  class space    used 1448K, committed 1536K, reserved 1048576K
}
Event: 2.355 GC heap before
{Heap before GC invocations=10 (full 0):
 garbage-first heap   total 152576K, used 95259K [0x0000000084a00000, 0x0000000100000000)
  region size 1024K, 89 young (91136K), 7 survivors (7168K)
 Metaspace       used 9340K, committed 9536K, reserved 1114112K
  class space    used 1448K, committed 1536K, reserved 1048576K
}
Event: 2.358 GC heap after
{Heap after GC invocations=11 (full 0):
 garbage-first heap   total 152576K, used 12052K [0x0000000084a00000, 0x0000000100000000)
  region size 1024K, 7 young (7168K), 7 survivors (7168K)
 Metaspace       used 9340K, committed 9536K, reserved 1114112K
  class space    used 1448K, committed 1536K, reserved 1048576K
}
Event: 2.498 GC heap before
{Heap before GC invocations=11 (full 0):
 garbage-first heap   total 152576K, used 96020K [0x0000000084a00000, 0x0000000100000000)
  region size 1024K, 89 young (91136K), 7 survivors (7168K)
 Metaspace       used 9341K, committed 9536K, reserved 1114112K
  class space    used 1448K, committed 1536K, reserved 1048576K
}
Event: 2.502 GC heap after
{Heap after GC invocations=12 (full 0):
 garbage-first heap   total 183296K, used 12795K [0x0000000084a00000, 0x0000000100000000)
  region size 1024K, 7 young (7168K), 7 survivors (7168K)
 Metaspace       used 9341K, committed 9536K, reserved 1114112K
  class space    used 1448K, committed 1536K, reserved 1048576K
}
Event: 2.693 GC heap before
{Heap before GC invocations=12 (full 0):
 garbage-first heap   total 183296K, used 115195K [0x0000000084a00000, 0x0000000100000000)
  region size 1024K, 107 young (109568K), 7 survivors (7168K)
 Metaspace       used 9350K, committed 9536K, reserved 1114112K
  class space    used 1448K, committed 1536K, reserved 1048576K
}
Event: 2.697 GC heap after
{Heap after GC invocations=13 (full 0):
 garbage-first heap   total 183296K, used 12890K [0x0000000084a00000, 0x0000000100000000)
  region size 1024K, 7 young (7168K), 7 survivors (7168K)
 Metaspace       used 9350K, committed 9536K, reserved 1114112K
  class space    used 1448K, committed 1536K, reserved 1048576K
}
Event: 2.865 GC heap before
{Heap before GC invocations=13 (full 0):
 garbage-first heap   total 183296K, used 115290K [0x0000000084a00000, 0x0000000100000000)
  region size 1024K, 107 young (109568K), 7 survivors (7168K)
 Metaspace       used 9355K, committed 9536K, reserved 1114112K
  class space    used 1448K, committed 1536K, reserved 1048576K
}
Event: 2.869 GC heap after
{Heap after GC invocations=14 (full 0):
 garbage-first heap   total 183296K, used 13884K [0x0000000084a00000, 0x0000000100000000)
  region size 1024K, 8 young (8192K), 8 survivors (8192K)
 Metaspace       used 9355K, committed 9536K, reserved 1114112K
  class space    used 1448K, committed 1536K, reserved 1048576K
}
Event: 3.020 GC heap before
{Heap before GC invocations=14 (full 0):
 garbage-first heap   total 183296K, used 115260K [0x0000000084a00000, 0x0000000100000000)
  region size 1024K, 107 young (109568K), 8 survivors (8192K)
 Metaspace       used 9367K, committed 9536K, reserved 1114112K
  class space    used 1448K, committed 1536K, reserved 1048576K
}
Event: 3.024 GC heap after
{Heap after GC invocations=15 (full 0):
 garbage-first heap   total 183296K, used 14474K [0x0000000084a00000, 0x0000000100000000)
  region size 1024K, 8 young (8192K), 8 survivors (8192K)
 Metaspace       used 9367K, committed 9536K, reserved 1114112K
  class space    used 1448K, committed 1536K, reserved 1048576K
}
Event: 3.164 GC heap before
{Heap before GC invocations=15 (full 0):
 garbage-first heap   total 183296K, used 115850K [0x0000000084a00000, 0x0000000100000000)
  region size 1024K, 107 young (109568K), 8 survivors (8192K)
 Metaspace       used 9368K, committed 9536K, reserved 1114112K
  class space    used 1448K, committed 1536K, reserved 1048576K
}
Event: 3.168 GC heap after
{Heap after GC invocations=16 (full 0):
 garbage-first heap   total 220160K, used 15773K [0x0000000084a00000, 0x0000000100000000)
  region size 1024K, 9 young (9216K), 9 survivors (9216K)
 Metaspace       used 9368K, committed 9536K, reserved 1114112K
  class space    used 1448K, committed 1536K, reserved 1048576K
}

Deoptimization events (20 events):
Event: 3.361 Thread 0x000002411e1ee170 Uncommon trap: trap_request=0xffffffc6 fr.pc=0x000002410f482dec relative=0x000000000000010c
Event: 3.361 Thread 0x000002411e1ee170 Uncommon trap: reason=bimorphic_or_optimized_type_check action=maybe_recompile pc=0x000002410f482dec method=java.util.regex.Pattern$CharPropertyGreedy.study(Ljava/util/regex/Pattern$TreeInfo;)Z @ 41 c2
Event: 3.361 Thread 0x000002411e1ee170 DEOPT PACKING pc=0x000002410f482dec sp=0x00000077f4bfc850
Event: 3.361 Thread 0x000002411e1ee170 DEOPT UNPACKING pc=0x00000241078b5c23 sp=0x00000077f4bfc7d8 mode 2
Event: 3.361 Thread 0x000002411e1ee170 Uncommon trap: trap_request=0xffffffc6 fr.pc=0x000002410f482dec relative=0x000000000000010c
Event: 3.361 Thread 0x000002411e1ee170 Uncommon trap: reason=bimorphic_or_optimized_type_check action=maybe_recompile pc=0x000002410f482dec method=java.util.regex.Pattern$CharPropertyGreedy.study(Ljava/util/regex/Pattern$TreeInfo;)Z @ 41 c2
Event: 3.361 Thread 0x000002411e1ee170 DEOPT PACKING pc=0x000002410f482dec sp=0x00000077f4bfc910
Event: 3.361 Thread 0x000002411e1ee170 DEOPT UNPACKING pc=0x00000241078b5c23 sp=0x00000077f4bfc898 mode 2
Event: 3.368 Thread 0x000002411e1ee170 Uncommon trap: trap_request=0xffffff76 fr.pc=0x000002410f3b1450 relative=0x0000000000000670
Event: 3.368 Thread 0x000002411e1ee170 Uncommon trap: reason=predicate action=maybe_recompile pc=0x000002410f3b1450 method=java.util.TreeMap.getEntryUsingComparator(Ljava/lang/Object;)Ljava/util/TreeMap$Entry; @ 19 c2
Event: 3.368 Thread 0x000002411e1ee170 DEOPT PACKING pc=0x000002410f3b1450 sp=0x00000077f4bfbef0
Event: 3.368 Thread 0x000002411e1ee170 DEOPT UNPACKING pc=0x00000241078b5c23 sp=0x00000077f4bfbea0 mode 2
Event: 3.377 Thread 0x000002411e1ee170 Uncommon trap: trap_request=0xffffff45 fr.pc=0x000002410f39b5f0 relative=0x00000000000001d0
Event: 3.377 Thread 0x000002411e1ee170 Uncommon trap: reason=unstable_if action=reinterpret pc=0x000002410f39b5f0 method=java.lang.String.startsWith(Ljava/lang/String;I)Z @ 1 c2
Event: 3.377 Thread 0x000002411e1ee170 DEOPT PACKING pc=0x000002410f39b5f0 sp=0x00000077f4bfd3e0
Event: 3.377 Thread 0x000002411e1ee170 DEOPT UNPACKING pc=0x00000241078b5c23 sp=0x00000077f4bfd348 mode 2
Event: 3.377 Thread 0x000002411e1ee170 Uncommon trap: trap_request=0xffffff45 fr.pc=0x000002410f48b0b0 relative=0x00000000000001b0
Event: 3.377 Thread 0x000002411e1ee170 Uncommon trap: reason=unstable_if action=reinterpret pc=0x000002410f48b0b0 method=java.lang.StringLatin1.indexOf([B[B)I @ 9 c2
Event: 3.377 Thread 0x000002411e1ee170 DEOPT PACKING pc=0x000002410f48b0b0 sp=0x00000077f4bfd370
Event: 3.377 Thread 0x000002411e1ee170 DEOPT UNPACKING pc=0x00000241078b5c23 sp=0x00000077f4bfd300 mode 2

Classes loaded (20 events):
Event: 3.377 Loading class sun/security/jca/ProviderList$2
Event: 3.377 Loading class sun/security/jca/ProviderList$2 done
Event: 3.377 Loading class sun/security/provider/Sun
Event: 3.377 Loading class sun/security/provider/Sun done
Event: 3.377 Loading class sun/security/util/SecurityConstants
Event: 3.378 Loading class sun/security/util/SecurityConstants done
Event: 3.378 Loading class java/net/NetPermission
Event: 3.378 Loading class java/net/NetPermission done
Event: 3.378 Loading class java/security/SecurityPermission
Event: 3.378 Loading class java/security/SecurityPermission done
Event: 3.378 Loading class java/net/SocketPermission
Event: 3.378 Loading class java/net/SocketPermission done
Event: 3.378 Loading class java/lang/reflect/ReflectPermission
Event: 3.378 Loading class java/lang/reflect/ReflectPermission done
Event: 3.378 Loading class sun/security/provider/SunEntries
Event: 3.379 Loading class sun/security/provider/SunEntries done
Event: 3.379 Loading class sun/security/provider/SunEntries$1
Event: 3.379 Loading class sun/security/provider/SunEntries$1 done
Event: 3.379 Loading class sun/security/provider/NativePRNG
Event: 3.379 Loading class sun/security/provider/NativePRNG done

Classes unloaded (0 events):
No events

Classes redefined (0 events):
No events

Internal exceptions (13 events):
Event: 0.195 Thread 0x000002417ae9f210 Exception <a 'java/lang/NoSuchMethodError'{0x000000008c260258}: 'void java.lang.invoke.DirectMethodHandle$Holder.invokeStatic(java.lang.Object, java.lang.Object, java.lang.Object)'> (0x000000008c260258) 
thrown [t:\workspace\open\src\hotspot\share\interpreter\linkResolver.cpp, line 766]
Event: 0.238 Thread 0x000002417ae9f210 Exception <a 'java/lang/NoSuchMethodError'{0x000000008c153548}: 'void java.lang.invoke.DirectMethodHandle$Holder.invokeStatic(java.lang.Object, java.lang.Object)'> (0x000000008c153548) 
thrown [t:\workspace\open\src\hotspot\share\interpreter\linkResolver.cpp, line 766]
Event: 0.284 Thread 0x000002417ae9f210 Exception <a 'java/lang/NoSuchMethodError'{0x000000008c0f8e70}: 'int java.lang.invoke.DirectMethodHandle$Holder.invokeSpecial(java.lang.Object, java.lang.Object, java.lang.Object)'> (0x000000008c0f8e70) 
thrown [t:\workspace\open\src\hotspot\share\interpreter\linkResolver.cpp, line 766]
Event: 0.368 Thread 0x000002417ae9f210 Exception <a 'java/lang/NullPointerException'{0x000000008bdc37b0}> (0x000000008bdc37b0) 
thrown [t:\workspace\open\src\hotspot\share\interpreter\linkResolver.cpp, line 1357]
Event: 0.369 Thread 0x000002417ae9f210 Exception <a 'java/lang/NullPointerException'{0x000000008bdc8b10}> (0x000000008bdc8b10) 
thrown [t:\workspace\open\src\hotspot\share\interpreter\linkResolver.cpp, line 1357]
Event: 0.720 Thread 0x000002417ae9f210 Exception <a 'java/io/FileNotFoundException'{0x0000000088bc94f0}> (0x0000000088bc94f0) 
thrown [t:\workspace\open\src\hotspot\share\prims\jni.cpp, line 516]
Event: 1.475 Thread 0x000002417ae9f210 Implicit null exception at 0x000002410f3cb2e7 to 0x000002410f3cc088
Event: 2.143 Thread 0x000002417ae9f210 Implicit null exception at 0x000002410f4003c3 to 0x000002410f40068c
Event: 2.143 Thread 0x000002417ae9f210 Implicit null exception at 0x000002410f416a86 to 0x000002410f417050
Event: 2.143 Thread 0x000002417ae9f210 Implicit null exception at 0x000002410f4042b3 to 0x000002410f404484
Event: 2.366 Thread 0x000002411e1ee170 Exception <a 'java/io/FileNotFoundException'{0x000000008da0b7a8}> (0x000000008da0b7a8) 
thrown [t:\workspace\open\src\hotspot\share\prims\jni.cpp, line 516]
Event: 3.334 Thread 0x000002411e1ee170 Exception <a 'java/lang/NoSuchMethodError'{0x0000000090a7faa0}: 'void java.lang.invoke.DirectMethodHandle$Holder.invokeVirtual(java.lang.Object, java.lang.Object)'> (0x0000000090a7faa0) 
thrown [t:\workspace\open\src\hotspot\share\interpreter\linkResolver.cpp, line 766]
Event: 3.335 Thread 0x000002411e1ee170 Exception <a 'java/lang/NoSuchMethodError'{0x0000000090a834c8}: 'void java.lang.invoke.DirectMethodHandle$Holder.invokeSpecial(java.lang.Object, java.lang.Object, java.lang.Object)'> (0x0000000090a834c8) 
thrown [t:\workspace\open\src\hotspot\share\interpreter\linkResolver.cpp, line 766]

VM Operations (20 events):
Event: 2.192 Executing VM operation: G1CollectForAllocation
Event: 2.196 Executing VM operation: G1CollectForAllocation done
Event: 2.355 Executing VM operation: G1CollectForAllocation
Event: 2.358 Executing VM operation: G1CollectForAllocation done
Event: 2.498 Executing VM operation: G1CollectForAllocation
Event: 2.502 Executing VM operation: G1CollectForAllocation done
Event: 2.693 Executing VM operation: G1CollectForAllocation
Event: 2.697 Executing VM operation: G1CollectForAllocation done
Event: 2.865 Executing VM operation: G1CollectForAllocation
Event: 2.869 Executing VM operation: G1CollectForAllocation done
Event: 3.020 Executing VM operation: G1CollectForAllocation
Event: 3.024 Executing VM operation: G1CollectForAllocation done
Event: 3.164 Executing VM operation: G1CollectForAllocation
Event: 3.168 Executing VM operation: G1CollectForAllocation done
Event: 3.246 Executing VM operation: HandshakeAllThreads
Event: 3.246 Executing VM operation: HandshakeAllThreads done
Event: 3.337 Executing VM operation: HandshakeAllThreads
Event: 3.337 Executing VM operation: HandshakeAllThreads done
Event: 3.338 Executing VM operation: HandshakeAllThreads
Event: 3.338 Executing VM operation: HandshakeAllThreads done

Events (20 events):
Event: 0.006 Loaded shared library C:\Program Files\Java\jdk-18\bin\java.dll
Event: 0.015 Loaded shared library C:\Program Files\Java\jdk-18\bin\jsvml.dll
Event: 0.016 Thread 0x000002417ae9f210 Thread added: 0x000002417ae9f210
Event: 0.018 Thread 0x0000024118f0e9d0 Thread added: 0x0000024118f0e9d0
Event: 0.018 Thread 0x0000024118f0f280 Thread added: 0x0000024118f0f280
Event: 0.027 Thread 0x0000024118f23b00 Thread added: 0x0000024118f23b00
Event: 0.027 Thread 0x0000024118f243c0 Thread added: 0x0000024118f243c0
Event: 0.027 Thread 0x0000024118f28c90 Thread added: 0x0000024118f28c90
Event: 0.027 Thread 0x0000024118f29540 Thread added: 0x0000024118f29540
Event: 0.027 Thread 0x0000024118f2aa80 Thread added: 0x0000024118f2aa80
Event: 0.027 Thread 0x0000024118f3f2f0 Thread added: 0x0000024118f3f2f0
Event: 0.027 Thread 0x0000024118f60c00 Thread added: 0x0000024118f60c00
Event: 0.138 Thread 0x000002411d30a610 Thread added: 0x000002411d30a610
Event: 0.145 Thread 0x000002411d3142b0 Thread added: 0x000002411d3142b0
Event: 0.148 Loaded shared library C:\Program Files\Java\jdk-18\bin\net.dll
Event: 0.150 Loaded shared library C:\Program Files\Java\jdk-18\bin\nio.dll
Event: 0.154 Loaded shared library C:\Program Files\Java\jdk-18\bin\zip.dll
Event: 0.211 Loaded shared library C:\Program Files\Java\jdk-18\bin\jimage.dll
Event: 0.336 Loaded shared library C:\Program Files\Java\jdk-18\bin\verify.dll
Event: 2.167 Thread 0x000002411e1ee170 Thread added: 0x000002411e1ee170


Dynamic libraries:
0x00007ff7bd010000 - 0x00007ff7bd020000 	C:\Program Files\Java\jdk-18\bin\java.exe
0x00007ff83cdf0000 - 0x00007ff83cfe5000 	C:\WINDOWS\SYSTEM32\ntdll.dll
0x00007ff83b6a0000 - 0x00007ff83b75e000 	C:\WINDOWS\System32\KERNEL32.DLL
0x00007ff83a7c0000 - 0x00007ff83aa88000 	C:\WINDOWS\System32\KERNELBASE.dll
0x00007ff83a6c0000 - 0x00007ff83a7c0000 	C:\WINDOWS\System32\ucrtbase.dll
0x00007ff820730000 - 0x00007ff820748000 	C:\Program Files\Java\jdk-18\bin\jli.dll
0x00007ff83bf10000 - 0x00007ff83bfbe000 	C:\WINDOWS\System32\ADVAPI32.dll
0x00007ff83cd10000 - 0x00007ff83cdae000 	C:\WINDOWS\System32\msvcrt.dll
0x00007ff83c500000 - 0x00007ff83c59c000 	C:\WINDOWS\System32\sechost.dll
0x00007ff83afe0000 - 0x00007ff83b105000 	C:\WINDOWS\System32\RPCRT4.dll
0x00007ff815e50000 - 0x00007ff815e6a000 	C:\Program Files\Java\jdk-18\bin\VCRUNTIME140.dll
0x00007ff83c9d0000 - 0x00007ff83cb70000 	C:\WINDOWS\System32\USER32.dll
0x00007ff80d400000 - 0x00007ff80d69a000 	C:\WINDOWS\WinSxS\amd64_microsoft.windows.common-controls_6595b64144ccf1df_6.0.19041.1110_none_60b5254171f9507e\COMCTL32.dll
0x00007ff83a690000 - 0x00007ff83a6b2000 	C:\WINDOWS\System32\win32u.dll
0x00007ff83b1e0000 - 0x00007ff83b20b000 	C:\WINDOWS\System32\GDI32.dll
0x00007ff83aca0000 - 0x00007ff83adab000 	C:\WINDOWS\System32\gdi32full.dll
0x00007ff83a560000 - 0x00007ff83a5fd000 	C:\WINDOWS\System32\msvcp_win.dll
0x00007ff82ef00000 - 0x00007ff82ef0a000 	C:\WINDOWS\SYSTEM32\VERSION.dll
0x00007ff83c3b0000 - 0x00007ff83c3e0000 	C:\WINDOWS\System32\IMM32.DLL
0x00007ff821760000 - 0x00007ff82176c000 	C:\Program Files\Java\jdk-18\bin\vcruntime140_1.dll
0x00007ff80ea20000 - 0x00007ff80eaad000 	C:\Program Files\Java\jdk-18\bin\msvcp140.dll
0x00007ffff72a0000 - 0x00007ffff7eb1000 	C:\Program Files\Java\jdk-18\bin\server\jvm.dll
0x00007ff83c9c0000 - 0x00007ff83c9c8000 	C:\WINDOWS\System32\PSAPI.DLL
0x00007fffe4730000 - 0x00007fffe4739000 	C:\WINDOWS\SYSTEM32\WSOCK32.dll
0x00007ff81ac10000 - 0x00007ff81ac37000 	C:\WINDOWS\SYSTEM32\WINMM.dll
0x00007ff83c950000 - 0x00007ff83c9bb000 	C:\WINDOWS\System32\WS2_32.dll
0x00007ff838db0000 - 0x00007ff838dc2000 	C:\WINDOWS\SYSTEM32\kernel.appcore.dll
0x00007ff821680000 - 0x00007ff82168a000 	C:\Program Files\Java\jdk-18\bin\jimage.dll
0x00007ff838050000 - 0x00007ff838234000 	C:\WINDOWS\SYSTEM32\DBGHELP.DLL
0x00007ff828150000 - 0x00007ff82817c000 	C:\WINDOWS\SYSTEM32\dbgcore.DLL
0x00007ff83a600000 - 0x00007ff83a682000 	C:\WINDOWS\System32\bcryptPrimitives.dll
0x00007ff80e9f0000 - 0x00007ff80ea15000 	C:\Program Files\Java\jdk-18\bin\java.dll
0x00007ff80e5d0000 - 0x00007ff80e6a6000 	C:\Program Files\Java\jdk-18\bin\jsvml.dll
0x00007ff83b7c0000 - 0x00007ff83bf04000 	C:\WINDOWS\System32\SHELL32.dll
0x00007ff838240000 - 0x00007ff8389d4000 	C:\WINDOWS\SYSTEM32\windows.storage.dll
0x00007ff83bfd0000 - 0x00007ff83c324000 	C:\WINDOWS\System32\combase.dll
0x00007ff839f70000 - 0x00007ff839f9c000 	C:\WINDOWS\SYSTEM32\Wldp.dll
0x00007ff83af30000 - 0x00007ff83afdd000 	C:\WINDOWS\System32\SHCORE.dll
0x00007ff83b170000 - 0x00007ff83b1c5000 	C:\WINDOWS\System32\shlwapi.dll
0x00007ff83a450000 - 0x00007ff83a46f000 	C:\WINDOWS\SYSTEM32\profapi.dll
0x00007ff80e9d0000 - 0x00007ff80e9e3000 	C:\Program Files\Java\jdk-18\bin\net.dll
0x00007ff831f50000 - 0x00007ff832059000 	C:\WINDOWS\SYSTEM32\WINHTTP.dll
0x00007ff839cd0000 - 0x00007ff839d3a000 	C:\WINDOWS\system32\mswsock.dll
0x00007ff80e9b0000 - 0x00007ff80e9c6000 	C:\Program Files\Java\jdk-18\bin\nio.dll
0x00007ff80e990000 - 0x00007ff80e9a8000 	C:\Program Files\Java\jdk-18\bin\zip.dll
0x00007ff815e20000 - 0x00007ff815e30000 	C:\Program Files\Java\jdk-18\bin\verify.dll

dbghelp: loaded successfully - version: 4.0.5 - missing functions: none
symbol engine: initialized successfully - sym options: 0x614 - pdb path: .;C:\Program Files\Java\jdk-18\bin;C:\WINDOWS\SYSTEM32;C:\WINDOWS\WinSxS\amd64_microsoft.windows.common-controls_6595b64144ccf1df_6.0.19041.1110_none_60b5254171f9507e;C:\Program Files\Java\jdk-18\bin\server

VM Arguments:
jvm_args: -Dfile.encoding=UTF-8 
java_command: com.thoughtworks.gauge.GaugeRuntime
java_class_path (initial): C:\Users\testinium\.jdks\openjdk-18!\java.base;C:\Users\testinium\.jdks\openjdk-18!\java.compiler;C:\Users\testinium\.jdks\openjdk-18!\java.datatransfer;C:\Users\testinium\.jdks\openjdk-18!\java.desktop;C:\Users\testinium\.jdks\openjdk-18!\java.instrument;C:\Users\testinium\.jdks\openjdk-18!\java.logging;C:\Users\testinium\.jdks\openjdk-18!\java.management;C:\Users\testinium\.jdks\openjdk-18!\java.management.rmi;C:\Users\testinium\.jdks\openjdk-18!\java.naming;C:\Users\testinium\.jdks\openjdk-18!\java.net.http;C:\Users\testinium\.jdks\openjdk-18!\java.prefs;C:\Users\testinium\.jdks\openjdk-18!\java.rmi;C:\Users\testinium\.jdks\openjdk-18!\java.scripting;C:\Users\testinium\.jdks\openjdk-18!\java.se;C:\Users\testinium\.jdks\openjdk-18!\java.security.jgss;C:\Users\testinium\.jdks\openjdk-18!\java.security.sasl;C:\Users\testinium\.jdks\openjdk-18!\java.smartcardio;C:\Users\testinium\.jdks\openjdk-18!\java.sql;C:\Users\testinium\.jdks\openjdk-18!\java.sql.rowset;C:\Users\testinium\.jdks\openjdk-18!\java.transaction.xa;C:\Users\testinium\.jdks\openjdk-18!\java.xml;C:\Users\testinium\.jdks\openjdk-18!\java.xml.crypto;C:\Users\testinium\.jdks\openjdk-18!\jdk.accessibility;C:\Users\testinium\.jdks\openjdk-18!\jdk.attach;C:\Users\testinium\.jdks\openjdk-18!\jdk.charsets;C:\Users\testinium\.jdks\openjdk-18!\jdk.compiler;C:\Users\testinium\.jdks\openjdk-18!\jdk.crypto.cryptoki;C:\Users\testinium\.jdks\openjdk-18!\jdk.crypto.ec;C:\Users\testinium\.jdks\openjdk-18!\jdk.crypto.mscapi;C:\Users\testinium\.jdks\openjdk-18!\jdk.dynalink;C:\Users\testinium\.jdks\openjdk-18!\jdk.editpad;C:\Users\testinium\.jdks\openjdk-18!\jdk.hotspot.agent;C:\Users\testinium\.jdks\openjdk-18!\jdk.httpserver;C:\Users\testinium\.jdks\openjdk-18!\jdk.incubator.foreign;C:\Users\testinium\.jdks\openjdk-18!\jdk.incubator.vector;C:\Users\testinium\.jdks\openjdk-18!\jdk.internal.ed;C:\Users\testinium\.jdks\openjdk-18!\jdk.internal.jvmstat;C:\Users\testinium\.jdks\openjdk-18!\jdk.internal.le;C:\Users\testinium\.jdks\openjdk-18!\jdk.internal.opt;C:\Users\testinium\.jdks\openjdk-18!\jdk.internal.vm.ci;C:\Users\testinium\.jdks\openjdk-18!\jdk.internal.vm.compiler;C:\Users\testinium\.jdks\openjdk-18!\jdk.internal.vm.compiler.management;C:\Users\testinium\.jdks\openjdk-18!\jdk.jartool;C:\Users\testinium\.jdks\openjdk-18!\jdk.javadoc;C:\Users\testinium\.jdks\openjdk-18!\jdk.jcmd;C:\Users\testinium\.jdks\openjdk-18!\jdk.jconsole;C:\Users\testinium\.jdks\openjdk-18!\jdk.jdeps;C:\Users\testinium\.jdks\openjdk-18!\jdk.jdi;C:\Users\testinium\.jdks\openjdk-18!\jdk.jdwp.agent;C:\Users\testinium\.jdks\openjdk-18!\jdk.jfr;C:\Users\testinium\.jdks\openjdk-18!\jdk.jlink;C:\Users\testinium\.jdks\openjdk-18!\jdk.jpackage;C:\Users\testinium\.jdks\openjdk-18!\jdk.jshell;C:\Users\testinium\.jdks\openjdk-18!\jdk.jsobject;C:\Users\testinium\.jdks\openjdk-18!\jdk.jstatd;C:\Users\testinium\.jdks\openjdk-18!\jdk.localedata;C:\Users\testinium\.jdks\openjdk-18!\jdk.management;C:\Users\testinium\.jdks\openjdk-18!\jdk.management.agent;C:\Users\testinium\.jdks\openjdk-18!\jdk.management.jfr;C:\Users\testinium\.jdks\openjdk-18!\jdk.naming.dns;C:\Users\testinium\.jdks\openjdk-18!\jdk.naming.rmi;C:\Users\testinium\.jdks\openjdk-18!\jdk.net;C:\Users\testinium\.jdks\openjdk-18!\jdk.nio.mapmode;C:\Users\testinium\.jdks\openjdk-18!\jdk.random;C:\Users\testinium\.jdks\openjdk-18!\jdk.sctp;C:\Users\testinium\.jdks\openjdk-18!\jdk.security.auth;C:\Users\testinium\.jdks\openjdk-18!\jdk.security.jgss;C:\Users\testinium\.jdks\openjdk-18!\jdk.unsupported;C:\Users\testinium\.jdks\openjdk-18!\jdk.unsupported.desktop;C:\Users\testinium\.jdks\openjdk-18!\jdk.xml.dom;C:\Users\testinium\.jdks\openjdk-18!\jdk.zipfs;C:\Users\testinium\Desktop\OzdilekteyimMobilTest\target\test-classes;C:\Users\testinium\.m2\repository\junit\junit\4.12\junit-4.12.jar;C:\Users\testinium\.m2\repository\org\hamcrest\hamcrest-core\1.3\hamcrest-core-1.3.jar;C:\Users\testinium\.m2\repository\com\thoughtworks\gauge\gauge-java\0.7.3\gauge-java-0.7.3.jar;C:\Users\testinium\.m2\repository\org\assertj\assertj-core\3.14.0\assertj-core-3.14.0.jar;C:\Users\testinium\.m2\repository\org\reflections\reflections\0.9.11\reflections-0.9.11.jar;C:\Users\testinium\.m2\repository\org\javassist\javassist\3.21.0-GA\javassist-3.21.0-GA.jar;C:\Users\testinium\.m2\repository\com\github\javaparser\javaparser-core\2.5.1\javaparser-core-2.5.1.jar;C:\Users\testinium\.m2\repository\commons-io\commons-io\2.6\commons-io-2.6.jar;C:\Users\testinium\.m2\repository\commons-lang\commons-lang\2.6\commons-lang-2.6.jar;C:\Users\testinium\.m2\repository\org\json\json\20190722\json-20190722.jar;C:\Users\testinium\.m2\repository\com\google\protobuf\protobuf-java\3.10.0\protobuf-java-3.10.0.jar;C:\Users\testinium\.m2\repository\com\google\guava\guava\28.1-jre\guava-28.1-jre.jar;C:\Users\testinium\.m2\repository\com\google\guava\failureaccess\1.0.1\failureaccess-1.0.1.jar;C:\Users\testinium\.m2\repository\com\google\guava\listenablefuture\9999.0-empty-to-avoid-conflict-with-guava\listenablefuture-9999.0-empty-to-avoid-conflict-with-guava.jar;C:\Users\testinium\.m2\repository\com\google\code\findbugs\jsr305\3.0.2\jsr305-3.0.2.jar;C:\Users\testinium\.m2\repository\org\checkerframework\checker-qual\2.8.1\checker-qual-2.8.1.jar;C:\Users\testinium\.m2\repository\com\google\errorprone\error_prone_annotations\2.3.2\error_prone_annotations-2.3.2.jar;C:\Users\testinium\.m2\repository\com\google\j2objc\j2objc-annotations\1.3\j2objc-annotations-1.3.jar;C:\Users\testinium\.m2\repository\org\codehaus\mojo\animal-sniffer-annotations\1.18\animal-sniffer-annotations-1.18.jar;C:\Users\testinium\.m2\repository\io\grpc\grpc-netty-shaded\1.25.0\grpc-netty-shaded-1.25.0.jar;C:\Users\testinium\.m2\repository\io\grpc\grpc-core\1.25.0\grpc-core-1.25.0.jar;C:\Users\testinium\.m2\repository\io\grpc\grpc-api\1.25.0\grpc-api-1.25.0.jar;C:\Users\testinium\.m2\repository\io\grpc\grpc-context\1.25.0\grpc-context-1.25.0.jar;C:\Users\testinium\.m2\repository\com\google\android\annotations\4.1.1.4\annotations-4.1.1.4.jar;C:\Users\testinium\.m2\repository\io\perfmark\perfmark-api\0.19.0\perfmark-api-0.19.0.jar;C:\Users\testinium\.m2\repository\io\opencensus\opencensus-api\0.21.0\opencensus-api-0.21.0.jar;C:\Users\testinium\.m2\repository\io\opencensus\opencensus-contrib-grpc-metrics\0.21.0\opencensus-contrib-grpc-metrics-0.21.0.jar;C:\Users\testinium\.m2\repository\io\grpc\grpc-protobuf\1.24.1\grpc-protobuf-1.24.1.jar;C:\Users\testinium\.m2\repository\com\google\api\grpc\proto-google-common-protos\1.12.0\proto-google-common-protos-1.12.0.jar;C:\Users\testinium\.m2\repository\io\grpc\grpc-protobuf-lite\1.24.1\grpc-protobuf-lite-1.24.1.jar;C:\Users\testinium\.m2\repository\io\grpc\grpc-stub\1.24.1\grpc-stub-1.24.1.jar;C:\Users\testinium\.m2\repository\javax\annotation\javax.annotation-api\1.3.2\javax.annotation-api-1.3.2.jar;C:\Users\testinium\.m2\repository\io\appium\java-client\7.3.0\java-client-7.3.0.jar;C:\Users\testinium\.m2\repository\org\seleniumhq\selenium\selenium-java\3.141.59\selenium-java-3.141.59.jar;C:\Users\testinium\.m2\repository\org\seleniumhq\selenium\selenium-chrome-driver\3.141.59\selenium-chrome-driver-3.141.59.jar;C:\Users\testinium\.m2\repository\org\seleniumhq\selenium\selenium-edge-driver\3.141.59\selenium-edge-driver-3.141.59.jar;C:\Users\testinium\.m2\repository\org\seleniumhq\selenium\selenium-firefox-driver\3.141.59\selenium-firefox-driver-3.141.59.jar;C:\Users\testinium\.m2\repository\org\seleniumhq\selenium\selenium-ie-driver\3.141.59\selenium-ie-driver-3.141.59.jar;C:\Users\testinium\.m2\repository\org\seleniumhq\selenium\selenium-opera-driver\3.141.59\selenium-opera-driver-3.141.59.jar;C:\Users\testinium\.m2\repository\org\seleniumhq\selenium\selenium-remote-driver\3.141.59\selenium-remote-driver-3.141.59.jar;C:\Users\testinium\.m2\repository\org\seleniumhq\selenium\selenium-safari-driver\3.141.59\selenium-safari-driver-3.141.59.jar;C:\Users\testinium\.m2\repository\net\bytebuddy\byte-buddy\1.8.15\byte-buddy-1.8.15.jar;C:\Users\testinium\.m2\repository\org\apache\commons\commons-exec\1.3\commons-exec-1.3.jar;C:\Users\testinium\.m2\repository\com\squareup\okhttp3\okhttp\3.11.0\okhttp-3.11.0.jar;C:\Users\testinium\.m2\repository\com\squareup\okio\okio\1.14.0\okio-1.14.0.jar;C:\Users\testinium\.m2\repository\org\seleniumhq\selenium\selenium-support\3.141.59\selenium-support-3.141.59.jar;C:\Users\testinium\.m2\repository\org\seleniumhq\selenium\selenium-api\3.141.59\selenium-api-3.141.59.jar;C:\Users\testinium\.m2\repository\com\google\code\gson\gson\2.8.5\gson-2.8.5.jar;C:\Users\testinium\.m2\repository\org\apache\httpcomponents\httpclient\4.5.9\httpclient-4.5.9.jar;C:\Users\testinium\.m2\repository\org\apache\httpcomponents\httpcore\4.4.11\httpcore-4.4.11.jar;C:\Users\testinium\.m2\repository\commons-logging\commons-logging\1.2\commons-logging-1.2.jar;C:\Users\testinium\.m2\repository\commons-codec\commons-codec\1.11\commons-codec-1.11.jar;C:\Users\testinium\.m2\repository\cglib\cglib\3.2.12\cglib-3.2.12.jar;C:\Users\testinium\.m2\repository\org\ow2\asm\asm\7.1\asm-7.1.jar;C:\Users\testinium\.m2\repository\commons-validator\commons-validator\1.6\commons-validator-1.6.jar;C:\Users\testinium\.m2\repository\commons-beanutils\commons-beanutils\1.9.2\commons-beanutils-1.9.2.jar;C:\Users\testinium\.m2\repository\commons-digester\commons-digester\1.8.1\commons-digester-1.8.1.jar;C:\Users\testinium\.m2\repository\commons-collections\commons-collections\3.2.2\commons-collections-3.2.2.jar;C:\Users\testinium\.m2\repository\org\apache\commons\commons-lang3\3.9\commons-lang3-3.9.jar;C:\Users\testinium\.m2\repository\org\springframework\spring-context\5.1.8.RELEASE\spring-context-5.1.8.RELEASE.jar;C:\Users\testinium\.m2\repository\org\springframework\spring-aop\5.1.8.RELEASE\spring-aop-5.1.8.RELEASE.jar;C:\Users\testinium\.m2\repository\org\springframework\spring-beans\5.1.8.RELEASE\spring-beans-5.1.8.RELEASE.jar;C:\Users\testinium\.m2\repository\org\springframework\spring-core\5.1.8.RELEASE\spring-core-5.1.8.RELEASE.jar;C:\Users\testinium\.m2\repository\org\springframework\spring-jcl\5.1.8.RELEASE\spring-jcl-5.1.8.RELEASE.jar;C:\Users\testinium\.m2\repository\org\springframework\spring-expression\5.1.8.RELEASE\spring-expression-5.1.8.RELEASE.jar;C:\Users\testinium\.m2\repository\org\aspectj\aspectjweaver\1.9.4\aspectjweaver-1.9.4.jar;C:\Users\testinium\.m2\repository\org\slf4j\slf4j-api\1.7.30\slf4j-api-1.7.30.jar;C:\Users\testinium\.m2\repository\org\slf4j\slf4j-log4j12\1.7.30\slf4j-log4j12-1.7.30.jar;C:\Users\testinium\.m2\repository\log4j\log4j\1.2.17\log4j-1.2.17.jar
Launcher Type: SUN_STANDARD

[Global flags]
     intx CICompilerCount                          = 4                                         {product} {ergonomic}
     uint ConcGCThreads                            = 2                                         {product} {ergonomic}
     uint G1ConcRefinementThreads                  = 8                                         {product} {ergonomic}
   size_t G1HeapRegionSize                         = 1048576                                   {product} {ergonomic}
    uintx GCDrainStackTargetSize                   = 64                                        {product} {ergonomic}
   size_t InitialHeapSize                          = 130023424                                 {product} {ergonomic}
   size_t MarkStackSize                            = 4194304                                   {product} {ergonomic}
   size_t MaxHeapSize                              = 2069889024                                {product} {ergonomic}
   size_t MaxNewSize                               = 1241513984                                {product} {ergonomic}
   size_t MinHeapDeltaBytes                        = 1048576                                   {product} {ergonomic}
   size_t MinHeapSize                              = 8388608                                   {product} {ergonomic}
    uintx NonNMethodCodeHeapSize                   = 5839372                                {pd product} {ergonomic}
    uintx NonProfiledCodeHeapSize                  = 122909434                              {pd product} {ergonomic}
    uintx ProfiledCodeHeapSize                     = 122909434                              {pd product} {ergonomic}
    uintx ReservedCodeCacheSize                    = 251658240                              {pd product} {ergonomic}
     bool SegmentedCodeCache                       = true                                      {product} {ergonomic}
   size_t SoftMaxHeapSize                          = 2069889024                             {manageable} {ergonomic}
     bool UseCompressedClassPointers               = true                           {product lp64_product} {ergonomic}
     bool UseCompressedOops                        = true                           {product lp64_product} {ergonomic}
     bool UseG1GC                                  = true                                      {product} {ergonomic}
     bool UseLargePagesIndividualAllocation        = false                                  {pd product} {ergonomic}

Logging:
Log output configuration:
 #0: stdout all=warning uptime,level,tags foldmultilines=false
 #1: stderr all=off uptime,level,tags foldmultilines=false

Environment Variables:
JAVA_HOME=C:\Program Files\Java\jdk-18
CLASSPATH=C:\Users\testinium\.jdks\openjdk-18!\java.base;C:\Users\testinium\.jdks\openjdk-18!\java.compiler;C:\Users\testinium\.jdks\openjdk-18!\java.datatransfer;C:\Users\testinium\.jdks\openjdk-18!\java.desktop;C:\Users\testinium\.jdks\openjdk-18!\java.instrument;C:\Users\testinium\.jdks\openjdk-18!\java.logging;C:\Users\testinium\.jdks\openjdk-18!\java.management;C:\Users\testinium\.jdks\openjdk-18!\java.management.rmi;C:\Users\testinium\.jdks\openjdk-18!\java.naming;C:\Users\testinium\.jdks\openjdk-18!\java.net.http;C:\Users\testinium\.jdks\openjdk-18!\java.prefs;C:\Users\testinium\.jdks\openjdk-18!\java.rmi;C:\Users\testinium\.jdks\openjdk-18!\java.scripting;C:\Users\testinium\.jdks\openjdk-18!\java.se;C:\Users\testinium\.jdks\openjdk-18!\java.security.jgss;C:\Users\testinium\.jdks\openjdk-18!\java.security.sasl;C:\Users\testinium\.jdks\openjdk-18!\java.smartcardio;C:\Users\testinium\.jdks\openjdk-18!\java.sql;C:\Users\testinium\.jdks\openjdk-18!\java.sql.rowset;C:\Users\testinium\.jdks\openjdk-18!\java.transaction.xa;C:\Users\testinium\.jdks\openjdk-18!\java.xml;C:\Users\testinium\.jdks\openjdk-18!\java.xml.crypto;C:\Users\testinium\.jdks\openjdk-18!\jdk.accessibility;C:\Users\testinium\.jdks\openjdk-18!\jdk.attach;C:\Users\testinium\.jdks\openjdk-18!\jdk.charsets;C:\Users\testinium\.jdks\openjdk-18!\jdk.compiler;C:\Users\testinium\.jdks\openjdk-18!\jdk.crypto.cryptoki;C:\Users\testinium\.jdks\openjdk-18!\jdk.crypto.ec;C:\Users\testinium\.jdks\openjdk-18!\jdk.crypto.mscapi;C:\Users\testinium\.jdks\openjdk-18!\jdk.dynalink;C:\Users\testinium\.jdks\openjdk-18!\jdk.editpad;C:\Users\testinium\.jdks\openjdk-18!\jdk.hotspot.agent;C:\Users\testinium\.jdks\openjdk-18!\jdk.httpserver;C:\Users\testinium\.jdks\openjdk-18!\jdk.incubator.foreign;C:\Users\testinium\.jdks\openjdk-18!\jdk.incubator.vector;C:\Users\testinium\.jdks\openjdk-18!\jdk.internal.ed;C:\Users\testinium\.jdks\openjdk-18!\jdk.internal.jvmstat;C:\Users\testinium\.jdks\openjdk-18!\jdk.internal.le;C:\Users\testinium\.jdks\openjdk-18!\jdk.internal.opt;C:\Users\testinium\.jdks\openjdk-18!\jdk.internal.vm.ci;C:\Users\testinium\.jdks\openjdk-18!\jdk.internal.vm.compiler;C:\Users\testinium\.jdks\openjdk-18!\jdk.internal.vm.compiler.management;C:\Users\testinium\.jdks\openjdk-18!\jdk.jartool;C:\Users\testinium\.jdks\openjdk-18!\jdk.javadoc;C:\Users\testinium\.jdks\openjdk-18!\jdk.jcmd;C:\Users\testinium\.jdks\openjdk-18!\jdk.jconsole;C:\Users\testinium\.jdks\openjdk-18!\jdk.jdeps;C:\Users\testinium\.jdks\openjdk-18!\jdk.jdi;C:\Users\testinium\.jdks\openjdk-18!\jdk.jdwp.agent;C:\Users\testinium\.jdks\openjdk-18!\jdk.jfr;C:\Users\testinium\.jdks\openjdk-18!\jdk.jlink;C:\Users\testinium\.jdks\openjdk-18!\jdk.jpackage;C:\Users\testinium\.jdks\openjdk-18!\jdk.jshell;C:\Users\testinium\.jdks\openjdk-18!\jdk.jsobject;C:\Users\testinium\.jdks\openjdk-18!\jdk.jstatd;C:\Users\testinium\.jdks\openjdk-18!\jdk.localedata;C:\Users\testinium\.jdks\openjdk-18!\jdk.management;C:\Users\testinium\.jdks\openjdk-18!\jdk.management.agent;C:\Users\testinium\.jdks\openjdk-18!\jdk.management.jfr;C:\Users\testinium\.jdks\openjdk-18!\jdk.naming.dns;C:\Users\testinium\.jdks\openjdk-18!\jdk.naming.rmi;C:\Users\testinium\.jdks\openjdk-18!\jdk.net;C:\Users\testinium\.jdks\openjdk-18!\jdk.nio.mapmode;C:\Users\testinium\.jdks\openjdk-18!\jdk.random;C:\Users\testinium\.jdks\openjdk-18!\jdk.sctp;C:\Users\testinium\.jdks\openjdk-18!\jdk.security.auth;C:\Users\testinium\.jdks\openjdk-18!\jdk.security.jgss;C:\Users\testinium\.jdks\openjdk-18!\jdk.unsupported;C:\Users\testinium\.jdks\openjdk-18!\jdk.unsupported.desktop;C:\Users\testinium\.jdks\openjdk-18!\jdk.xml.dom;C:\Users\testinium\.jdks\openjdk-18!\jdk.zipfs;C:\Users\testinium\Desktop\OzdilekteyimMobilTest\target\test-classes;C:\Users\testinium\.m2\repository\junit\junit\4.12\junit-4.12.jar;C:\Users\testinium\.m2\repository\org\hamcrest\hamcrest-core\1.3\hamcrest-core-1.3.jar;C:\Users\testinium\.m2\repository\com\thoughtworks\gauge\gauge-java\0.7.3\gauge-java-0.7.3.jar;C:\Users\testinium\.m2\repository\org\assertj\assertj-core\3.14.0\assertj-core-3.14.0.jar;C:\Users\testinium\.m2\repository\org\reflections\reflections\0.9.11\reflections-0.9.11.jar;C:\Users\testinium\.m2\repository\org\javassist\javassist\3.21.0-GA\javassist-3.21.0-GA.jar;C:\Users\testinium\.m2\repository\com\github\javaparser\javaparser-core\2.5.1\javaparser-core-2.5.1.jar;C:\Users\testinium\.m2\repository\commons-io\commons-io\2.6\commons-io-2.6.jar;C:\Users\testinium\.m2\repository\commons-lang\commons-lang\2.6\commons-lang-2.6.jar;C:\Users\testinium\.m2\repository\org\json\json\20190722\json-20190722.jar;C:\Users\testinium\.m2\repository\com\google\protobuf\protobuf-java\3.10.0\protobuf-java-3.10.0.jar;C:\Users\testinium\.m2\repository\com\google\guava\guava\28.1-jre\guava-28.1-jre.jar;C:\Users\testinium\.m2\repository\com\google\guava\failureaccess\1.0.1\failureaccess-1.0.1.jar;C:\Users\testinium\.m2\repository\com\google\guava\listenablefuture\9999.0-empty-to-avoid-conflict-with-guava\listenablefuture-9999.0-empty-to-avoid-conflict-with-guava.jar;C:\Users\testinium\.m2\repository\com\google\code\findbugs\jsr305\3.0.2\jsr305-3.0.2.jar;C:\Users\testinium\.m2\repository\org\checkerframework\checker-qual\2.8.1\checker-qual-2.8.1.jar;C:\Users\testinium\.m2\repository\com\google\errorprone\error_prone_annotations\2.3.2\error_prone_annotations-2.3.2.jar;C:\Users\testinium\.m2\repository\com\google\j2objc\j2objc-annotations\1.3\j2objc-annotations-1.3.jar;C:\Users\testinium\.m2\repository\org\codehaus\mojo\animal-sniffer-annotations\1.18\animal-sniffer-annotations-1.18.jar;C:\Users\testinium\.m2\repository\io\grpc\grpc-netty-shaded\1.25.0\grpc-netty-shaded-1.25.0.jar;C:\Users\testinium\.m2\repository\io\grpc\grpc-core\1.25.0\grpc-core-1.25.0.jar;C:\Users\testinium\.m2\repository\io\grpc\grpc-api\1.25.0\grpc-api-1.25.0.jar;C:\Users\testinium\.m2\repository\io\grpc\grpc-context\1.25.0\grpc-context-1.25.0.jar;C:\Users\testinium\.m2\repository\com\google\android\annotations\4.1.1.4\annotations-4.1.1.4.jar;C:\Users\testinium\.m2\repository\io\perfmark\perfmark-api\0.19.0\perfmark-api-0.19.0.jar;C:\Users\testinium\.m2\repository\io\opencensus\opencensus-api\0.21.0\opencensus-api-0.21.0.jar;C:\Users\testinium\.m2\repository\io\opencensus\opencensus-contrib-grpc-metrics\0.21.0\opencensus-contrib-grpc-metrics-0.21.0.jar;C:\Users\testinium\.m2\repository\io\grpc\grpc-protobuf\1.24.1\grpc-protobuf-1.24.1.jar;C:\Users\testinium\.m2\repository\com\google\api\grpc\proto-google-common-protos\1.12.0\proto-google-common-protos-1.12.0.jar;C:\Users\testinium\.m2\repository\io\grpc\grpc-protobuf-lite\1.24.1\grpc-protobuf-lite-1.24.1.jar;C:\Users\testinium\.m2\repository\io\grpc\grpc-stub\1.24.1\grpc-stub-1.24.1.jar;C:\Users\testinium\.m2\repository\javax\annotation\javax.annotation-api\1.3.2\javax.annotation-api-1.3.2.jar;C:\Users\testinium\.m2\repository\io\appium\java-client\7.3.0\java-client-7.3.0.jar;C:\Users\testinium\.m2\repository\org\seleniumhq\selenium\selenium-java\3.141.59\selenium-java-3.141.59.jar;C:\Users\testinium\.m2\repository\org\seleniumhq\selenium\selenium-chrome-driver\3.141.59\selenium-chrome-driver-3.141.59.jar;C:\Users\testinium\.m2\repository\org\seleniumhq\selenium\selenium-edge-driver\3.141.59\selenium-edge-driver-3.141.59.jar;C:\Users\testinium\.m2\repository\org\seleniumhq\selenium\selenium-firefox-driver\3.141.59\selenium-firefox-driver-3.141.59.jar;C:\Users\testinium\.m2\repository\org\seleniumhq\selenium\selenium-ie-driver\3.141.59\selenium-ie-driver-3.141.59.jar;C:\Users\testinium\.m2\repository\org\seleniumhq\selenium\selenium-opera-driver\3.141.59\selenium-opera-driver-3.141.59.jar;C:\Users\testinium\.m2\repository\org\seleniumhq\selenium\selenium-remote-driver\3.141.59\selenium-remote-driver-3.141.59.jar;C:\Users\testinium\.m2\repository\org\seleniumhq\selenium\selenium-safari-driver\3.141.59\selenium-safari-driver-3.141.59.jar;C:\Users\testinium\.m2\repository\net\bytebuddy\byte-buddy\1.8.15\byte-buddy-1.8.15.jar;C:\Users\testinium\.m2\repository\org\apache\commons\commons-exec\1.3\commons-exec-1.3.jar;C:\Users\testinium\.m2\repository\com\squareup\okhttp3\okhttp\3.11.0\okhttp-3.11.0.jar;C:\Users\testinium\.m2\repository\com\squareup\okio\okio\1.14.0\okio-1.14.0.jar;C:\Users\testinium\.m2\repository\org\seleniumhq\selenium\selenium-support\3.141.59\selenium-support-3.141.59.jar;C:\Users\testinium\.m2\repository\org\seleniumhq\selenium\selenium-api\3.141.59\selenium-api-3.141.59.jar;C:\Users\testinium\.m2\repository\com\google\code\gson\gson\2.8.5\gson-2.8.5.jar;C:\Users\testinium\.m2\repository\org\apache\httpcomponents\httpclient\4.5.9\httpclient-4.5.9.jar;C:\Users\testinium\.m2\repository\org\apache\httpcomponents\httpcore\4.4.11\httpcore-4.4.11.jar;C:\Users\testinium\.m2\repository\commons-logging\commons-logging\1.2\commons-logging-1.2.jar;C:\Users\testinium\.m2\repository\commons-codec\commons-codec\1.11\commons-codec-1.11.jar;C:\Users\testinium\.m2\repository\cglib\cglib\3.2.12\cglib-3.2.12.jar;C:\Users\testinium\.m2\repository\org\ow2\asm\asm\7.1\asm-7.1.jar;C:\Users\testinium\.m2\repository\commons-validator\commons-validator\1.6\commons-validator-1.6.jar;C:\Users\testinium\.m2\repository\commons-beanutils\commons-beanutils\1.9.2\commons-beanutils-1.9.2.jar;C:\Users\testinium\.m2\repository\commons-digester\commons-digester\1.8.1\commons-digester-1.8.1.jar;C:\Users\testinium\.m2\repository\commons-collections\commons-collections\3.2.2\commons-collections-3.2.2.jar;C:\Users\testinium\.m2\repository\org\apache\commons\commons-lang3\3.9\commons-lang3-3.9.jar;C:\Users\testinium\.m2\repository\org\springframework\spring-context\5.1.8.RELEASE\spring-context-5.1.8.RELEASE.jar;C:\Users\testinium\.m2\repository\org\springframework\spring-aop\5.1.8.RELEASE\spring-aop-5.1.8.RELEASE.jar;C:\Users\testinium\.m2\repository\org\springframework\spring-beans\5.1.8.RELEASE\spring-beans-5.1.8.RELEASE.jar;C:\Users\testinium\.m2\repository\org\springframework\spring-core\5.1.8.RELEASE\spring-core-5.1.8.RELEASE.jar;C:\Users\testinium\.m2\repository\org\springframework\spring-jcl\5.1.8.RELEASE\spring-jcl-5.1.8.RELEASE.jar;C:\Users\testinium\.m2\repository\org\springframework\spring-expression\5.1.8.RELEASE\spring-expression-5.1.8.RELEASE.jar;C:\Users\testinium\.m2\repository\org\aspectj\aspectjweaver\1.9.4\aspectjweaver-1.9.4.jar;C:\Users\testinium\.m2\repository\org\slf4j\slf4j-api\1.7.30\slf4j-api-1.7.30.jar;C:\Users\testinium\.m2\repository\org\slf4j\slf4j-log4j12\1.7.30\slf4j-log4j12-1.7.30.jar;C:\Users\testinium\.m2\repository\log4j\log4j\1.2.17\log4j-1.2.17.jar
PATH=C:\Program Files\Common Files\Oracle\Java\javapath;C:\Windows\system32;C:\Windows;C:\Windows\System32\Wbem;C:\Windows\System32\WindowsPowerShell\v1.0\;C:\Windows\System32\OpenSSH\;C:\Program Files\NVIDIA Corporation\NVIDIA NvDLISR;C:\Program Files\Git\cmd;C:\WINDOWS\system32;C:\WINDOWS;C:\WINDOWS\System32\Wbem;C:\WINDOWS\System32\WindowsPowerShell\v1.0\;C:\WINDOWS\System32\OpenSSH\;C:\Program Files (x86)\Micro Focus\Unified Functional Testing\bin;C:\Program Files\nodejs\;C:\Program Files\Gauge\bin;C:\Users\testinium\AppData\Local\Android\Sdk\platform-tools;C:\Users\testinium\AppData\Local\Android\Sdk\build-tools;C:\Users\testinium\AppData\Local\Android\Sdk\platforms;C:\Program Files\maven\apache-maven-3.8.5\bin;C:\Users\testinium\AppData\Local\Microsoft\WindowsApps;C:\Users\testinium\AppData\Local\GitHubDesktop\bin;C:\Users\testinium\AppData\Roaming\npm;C:\Program Files\apache-maven-3.8.5-bin;;C:\Users\testinium\AppData\Roaming\gauge\plugins\screenshot\0.0.1
USERNAME=testinium
OS=Windows_NT
PROCESSOR_IDENTIFIER=Intel64 Family 6 Model 140 Stepping 1, GenuineIntel



---------------  S Y S T E M  ---------------

OS:
 Windows 10 , 64 bit Build 19041 (10.0.19041.1566)
OS uptime: 0 days 3:39 hours

CPU: total 8 (initial active 8) (4 cores per cpu, 2 threads per core) family 6 model 140 stepping 1 microcode 0x66, cx8, cmov, fxsr, ht, mmx, 3dnowpref, sse, sse2, sse3, ssse3, sse4.1, sse4.2, popcnt, lzcnt, tsc, tscinvbit, avx, avx2, aes, erms, clmul, bmi1, bmi2, adx, avx512f, avx512dq, avx512cd, avx512bw, avx512vl, sha, fma, vzeroupper, avx512_vpopcntdq, avx512_vpclmulqdq, avx512_vaes, avx512_vnni, clflush, clflushopt, clwb, avx512_vbmi2, avx512_vbmi

Memory: 4k page, system-wide physical 7894M (160M free)
TotalPageFile size 32470M (AvailPageFile size 4M)
current process WorkingSet (physical memory assigned to process): 244M, peak: 244M
current process commit charge ("private bytes"): 343M, peak: 343M

vm_info: Java HotSpot(TM) 64-Bit Server VM (18+36-2087) for windows-amd64 JRE (18+36-2087), built on Feb 15 2022 09:43:11 by "mach5one" with MS VC++ 16.8 / 16.9 (VS2019)

END.
